#
# A fatal error has been detected by the Java Runtime Environment:
#
#  SIGSEGV (0xb) at pc=0x000000011507f33b, pid=37243, tid=0x000000000000d807
#
# JRE version: Java(TM) SE Runtime Environment (8.0_112-b16) (build 1.8.0_112-b16)
# Java VM: Java HotSpot(TM) 64-Bit Server VM (25.112-b16 mixed mode bsd-amd64 compressed oops)
# Problematic frame:
# C  [libawt_lwawt.dylib+0x1c33b]  OGLSD_SetScratchSurface+0x49
#
# Failed to write core dump. Core dumps have been disabled. To enable core dumping, try "ulimit -c unlimited" before starting Java again
#
# If you would like to submit a bug report, please visit:
#   http://bugreport.java.com/bugreport/crash.jsp
# The crash happened outside the Java Virtual Machine in native code.
# See problematic frame for where to report the bug.
#

---------------  T H R E A D  ---------------

Current thread (0x00007f8a6e9e3800):  JavaThread "Java2D Queue Flusher" daemon [_thread_in_native, id=55303, stack(0x000070000c49b000,0x000070000c59b000)]

siginfo: si_signo: 11 (SIGSEGV), si_code: 1 (SEGV_MAPERR), si_addr: 0x0000000000000002

Registers:
RAX=0x000000011509ffa6, RBX=0x0000000000000002, RCX=0x0000000000000047, RDX=0x00000001150a04f0
RSP=0x000070000c59a6d0, RBP=0x000070000c59a6f0, RSI=0x00007f8a6e667b90, RDI=0x00007f8a6e9e39f8
R8 =0x00007f8a6e48db40, R9 =0x000000000150bc81, R10=0x00000001160349c8, R11=0x000000010d8e445f
R12=0x0000000000000000, R13=0x00000001137008b0, R14=0x00007f8a6e9e39f8, R15=0x00007f8a6e9e3800
RIP=0x000000011507f33b, EFLAGS=0x0000000000010202, ERR=0x0000000000000004
  TRAPNO=0x000000000000000e

Top of Stack: (sp=0x000070000c59a6d0)
0x000070000c59a6d0:   00007f8a6e667b90 0000000000000000
0x000070000c59a6e0:   00007f8a6e9e7610 00007f8a6e9e3800
0x000070000c59a6f0:   000070000c59a770 000000011509ffce
0x000070000c59a700:   00007f8a6e9e3800 000000000000e007
0x000070000c59a710:   00007f8a6e48db00 0000000200000001
0x000070000c59a720:   0000000000000040 0000000000000000
0x000070000c59a730:   0000000000000000 00007f8a6e9e7620
0x000070000c59a740:   0000000000c80000 00007f8a6e9e39f8
0x000070000c59a750:   00000001137008b0 0000000000000000
0x000070000c59a760:   000070000c59a818 00007f8a6e9e3800
0x000070000c59a770:   000070000c59a7e0 00000001160349f4
0x000070000c59a780:   00007f8a6e9e3800 00007f8a6e48d218
0x000070000c59a790:   000070000c59a7c0 000000010d937980
0x000070000c59a7a0:   000070000c59a7a0 0000000000000000
0x000070000c59a7b0:   000070000c59a818 0000000113701948
0x000070000c59a7c0:   0000000000000000 00000001137008b0
0x000070000c59a7d0:   0000000000000000 000070000c59a800
0x000070000c59a7e0:   000070000c59a860 00000001160252bd
0x000070000c59a7f0:   0000000000000000 000000011602e538
0x000070000c59a800:   0000000000000020 00007f8a6e9e7600
0x000070000c59a810:   0000000740016ea0 0000000740016e88
0x000070000c59a820:   000070000c59a820 000000011370095d
0x000070000c59a830:   000070000c59a878 0000000113701948
0x000070000c59a840:   000000019560b598 0000000113700980
0x000070000c59a850:   000070000c59a800 000070000c59a880
0x000070000c59a860:   000070000c59a9d0 00000001164c8404
0x000070000c59a870:   0000000000000020 0000000740016e88
0x000070000c59a880:   0000000000000041 0000000113704498
0x000070000c59a890:   0000000000000000 0000000000000000
0x000070000c59a8a0:   0000000000000000 0000000100000000
0x000070000c59a8b0:   00000000000000dc 0000000000000000
0x000070000c59a8c0:   000070000c59a960 00007f8a6e9e3800 

Instructions: (pc=0x000000011507f33b)
0x000000011507f31b:   c0 e9 82 00 00 00 48 8b 5e 10 48 85 db 75 0e bf
0x000000011507f32b:   01 00 00 00 48 8d 15 14 7f 03 00 eb d6 49 89 fe
0x000000011507f33b:   4c 8b 3b 30 c0 e8 dd a9 02 00 49 8b 3f 49 89 c4
0x000000011507f34b:   48 8b 35 0e 04 06 00 30 c0 e8 2b ab 02 00 48 85 

Register to memory mapping:

RAX=0x000000011509ffa6: Java_sun_java2d_opengl_OGLRenderQueue_flushBuffer+0x612 in /Library/Java/JavaVirtualMachines/jdk1.8.0_112.jdk/Contents/Home/jre/lib/libawt_lwawt.dylib at 0x0000000115063000
RBX=0x0000000000000002 is an unknown value
RCX=0x0000000000000047 is an unknown value
RDX=0x00000001150a04f0: Java_sun_java2d_opengl_OGLRenderQueue_flushBuffer+0xb5c in /Library/Java/JavaVirtualMachines/jdk1.8.0_112.jdk/Contents/Home/jre/lib/libawt_lwawt.dylib at 0x0000000115063000
RSP=0x000070000c59a6d0 is pointing into the stack for thread: 0x00007f8a6e9e3800
RBP=0x000070000c59a6f0 is pointing into the stack for thread: 0x00007f8a6e9e3800
RSI=0x00007f8a6e667b90 is an unknown value
RDI=0x00007f8a6e9e39f8 is an unknown value
R8 =0x00007f8a6e48db40 is an unknown value
R9 =0x000000000150bc81 is an unknown value
R10=0x00000001160349c8 is at code_begin+808 in an Interpreter codelet
method entry point (kind = native)  [0x00000001160346a0, 0x0000000116034fa0]  2304 bytes
R11=0x000000010d8e445f: throw_unsatisfied_link_error+0 in /Library/Java/JavaVirtualMachines/jdk1.8.0_112.jdk/Contents/Home/jre/lib/server/libjvm.dylib at 0x000000010d400000
R12=0x0000000000000000 is an unknown value
R13={method} {0x00000001137008b0} 'flushBuffer' '(JI)V' in 'sun/java2d/opengl/OGLRenderQueue'
R14=0x00007f8a6e9e39f8 is an unknown value
R15=0x00007f8a6e9e3800 is a thread


Stack: [0x000070000c49b000,0x000070000c59b000],  sp=0x000070000c59a6d0,  free space=1021k
Native frames: (J=compiled Java code, j=interpreted, Vv=VM code, C=native code)
C  [libawt_lwawt.dylib+0x1c33b]  OGLSD_SetScratchSurface+0x49
C  [libawt_lwawt.dylib+0x3cfce]  Java_sun_java2d_opengl_OGLRenderQueue_flushBuffer+0x63a
j  sun.java2d.opengl.OGLRenderQueue.flushBuffer(JI)V+0
j  sun.java2d.opengl.OGLRenderQueue.flushBuffer()V+21
J 1560% C1 sun.java2d.opengl.OGLRenderQueue$QueueFlusher.run()V (234 bytes) @ 0x00000001164c8404 [0x00000001164c7a40+0x9c4]
v  ~StubRoutines::call_stub
V  [libjvm.dylib+0x2edbd2]  JavaCalls::call_helper(JavaValue*, methodHandle*, JavaCallArguments*, Thread*)+0x6ae
V  [libjvm.dylib+0x2ee360]  JavaCalls::call_virtual(JavaValue*, KlassHandle, Symbol*, Symbol*, JavaCallArguments*, Thread*)+0x164
V  [libjvm.dylib+0x2ee50c]  JavaCalls::call_virtual(JavaValue*, Handle, KlassHandle, Symbol*, Symbol*, Thread*)+0x4a
V  [libjvm.dylib+0x348c59]  thread_entry(JavaThread*, Thread*)+0x7c
V  [libjvm.dylib+0x56b033]  JavaThread::thread_main_inner()+0x9b
V  [libjvm.dylib+0x56c720]  JavaThread::run()+0x1c2
V  [libjvm.dylib+0x48a7ae]  java_start(Thread*)+0xf6
C  [libsystem_pthread.dylib+0x393b]  _pthread_body+0xb4
C  [libsystem_pthread.dylib+0x3887]  _pthread_body+0x0
C  [libsystem_pthread.dylib+0x308d]  thread_start+0xd
C  0x0000000000000000

Java frames: (J=compiled Java code, j=interpreted, Vv=VM code)
j  sun.java2d.opengl.OGLRenderQueue.flushBuffer(JI)V+0
j  sun.java2d.opengl.OGLRenderQueue.flushBuffer()V+21
J 1560% C1 sun.java2d.opengl.OGLRenderQueue$QueueFlusher.run()V (234 bytes) @ 0x00000001164c8404 [0x00000001164c7a40+0x9c4]
v  ~StubRoutines::call_stub

---------------  P R O C E S S  ---------------

Java Threads: ( => current thread )
  0x00007f8a6ea84800 JavaThread "RMI RenewClean-[192.168.56.1:59555]" daemon [_thread_blocked, id=71683, stack(0x000070000ce39000,0x000070000cf39000)]
  0x00007f8a6ea38800 JavaThread "RMI Scheduler(0)" daemon [_thread_blocked, id=71171, stack(0x000070000cd36000,0x000070000ce36000)]
  0x00007f8a6eb07800 JavaThread "GC Daemon" daemon [_thread_blocked, id=70147, stack(0x000070000cb30000,0x000070000cc30000)]
  0x00007f8a6f2e2000 JavaThread "RMI Reaper" [_thread_blocked, id=69635, stack(0x000070000ca2d000,0x000070000cb2d000)]
  0x00007f8a6eafe000 JavaThread "RMI TCP Accept-0" daemon [_thread_in_native, id=68395, stack(0x000070000c92a000,0x000070000ca2a000)]
  0x00007f8a6f2f0000 JavaThread "RMI TCP Accept-1099" daemon [_thread_in_native, id=68971, stack(0x000070000c827000,0x000070000c927000)]
  0x00007f8a6fad3000 JavaThread "DestroyJavaVM" [_thread_blocked, id=7171, stack(0x000070000b2e2000,0x000070000b3e2000)]
  0x00007f8a6f28b000 JavaThread "AWT-EventQueue-0" [_thread_blocked, id=66311, stack(0x000070000c724000,0x000070000c824000)]
  0x00007f8a6e9f3800 JavaThread "Java2D Disposer" daemon [_thread_blocked, id=57351, stack(0x000070000c59e000,0x000070000c69e000)]
=>0x00007f8a6e9e3800 JavaThread "Java2D Queue Flusher" daemon [_thread_in_native, id=55303, stack(0x000070000c49b000,0x000070000c59b000)]
  0x00007f8a6e959000 JavaThread "AWT-Shutdown" [_thread_blocked, id=29983, stack(0x000070000c292000,0x000070000c392000)]
  0x00007f8a6e963800 JavaThread "AppKit Thread" daemon [_thread_in_native, id=775, stack(0x00007fff52a1b000,0x00007fff5321b000)]
  0x00007f8a6f970000 JavaThread "Service Thread" daemon [_thread_blocked, id=19203, stack(0x000070000c009000,0x000070000c109000)]
  0x00007f8a7007d800 JavaThread "C1 CompilerThread2" daemon [_thread_blocked, id=18691, stack(0x000070000bf06000,0x000070000c006000)]
  0x00007f8a7007d000 JavaThread "C2 CompilerThread1" daemon [_thread_blocked, id=18179, stack(0x000070000be03000,0x000070000bf03000)]
  0x00007f8a6f91b000 JavaThread "C2 CompilerThread0" daemon [_thread_blocked, id=17667, stack(0x000070000bd00000,0x000070000be00000)]
  0x00007f8a7007c000 JavaThread "Monitor Ctrl-Break" daemon [_thread_in_native, id=17155, stack(0x000070000bbfd000,0x000070000bcfd000)]
  0x00007f8a6e812000 JavaThread "Signal Dispatcher" daemon [_thread_blocked, id=16643, stack(0x000070000bafa000,0x000070000bbfa000)]
  0x00007f8a6f039000 JavaThread "Finalizer" daemon [_thread_blocked, id=12547, stack(0x000070000b9f7000,0x000070000baf7000)]
  0x00007f8a6f819000 JavaThread "Reference Handler" daemon [_thread_blocked, id=12035, stack(0x000070000b8f4000,0x000070000b9f4000)]

Other Threads:
  0x00007f8a6f816800 VMThread [stack: 0x000070000b7f1000,0x000070000b8f1000] [id=11523]
  0x00007f8a6e8c6000 WatcherThread [stack: 0x000070000c10c000,0x000070000c20c000] [id=19715]

VM state:not at safepoint (normal execution)

VM Mutex/Monitor currently owned by a thread: None

Heap:
 PSYoungGen      total 38400K, used 0K [0x0000000795580000, 0x0000000798000000, 0x00000007c0000000)
  eden space 33280K, 0% used [0x0000000795580000,0x0000000795580000,0x0000000797600000)
  from space 5120K, 0% used [0x0000000797600000,0x0000000797600000,0x0000000797b00000)
  to   space 5120K, 0% used [0x0000000797b00000,0x0000000797b00000,0x0000000798000000)
 ParOldGen       total 87552K, used 2830K [0x0000000740000000, 0x0000000745580000, 0x0000000795580000)
  object space 87552K, 3% used [0x0000000740000000,0x00000007402c3b80,0x0000000745580000)
 Metaspace       used 13595K, capacity 13824K, committed 14080K, reserved 1060864K
  class space    used 1617K, capacity 1692K, committed 1792K, reserved 1048576K

Card table byte_map: [0x000000010e762000,0x000000010eb63000] byte_map_base: 0x000000010ad62000

Marking Bits: (ParMarkBitMap*) 0x000000010dcf0d30
 Begin Bits: [0x000000010ee0e000, 0x0000000110e0e000)
 End Bits:   [0x0000000110e0e000, 0x0000000112e0e000)

Polling page: 0x000000010caa5000

CodeCache: size=245760Kb used=4763Kb max_used=4774Kb free=240996Kb
 bounds [0x000000011601d000, 0x00000001164dd000, 0x000000012501d000]
 total_blobs=1925 nmethods=1411 adapters=428
 compilation: enabled

Compilation events (10 events):
Event: 78034.253 Thread 0x00007f8a7007d800 nmethod 1558 0x00000001164c37d0 code [0x00000001164c3920, 0x00000001164c3a30]
Event: 78034.253 Thread 0x00007f8a7007d800 1557       1       sun.java2d.SurfaceData::isSurfaceLost (5 bytes)
Event: 78034.253 Thread 0x00007f8a7007d800 nmethod 1557 0x00000001164c7110 code [0x00000001164c7260, 0x00000001164c7370]
Event: 78034.270 Thread 0x00007f8a7007d800 1559       1       sun.java2d.pipe.RenderQueue::getBuffer (5 bytes)
Event: 78034.270 Thread 0x00007f8a7007d800 nmethod 1559 0x00000001164c73d0 code [0x00000001164c7520, 0x00000001164c7630]
Event: 78134.784 Thread 0x00007f8a7007d800 1560 %s!   3       sun.java2d.opengl.OGLRenderQueue$QueueFlusher::run @ 2 (234 bytes)
Event: 78134.791 Thread 0x00007f8a7007d800 nmethod 1560% 0x00000001164c7690 code [0x00000001164c7a40, 0x00000001164ca1e8]
Event: 78305.336 Thread 0x00007f8a6f91b000 1561       4       java.net.URI$Parser::scan (73 bytes)
Event: 78305.345 Thread 0x00007f8a6f91b000 nmethod 1561 0x00000001163a6010 code [0x00000001163a6180, 0x00000001163a65d8]
Event: 79204.128 Thread 0x00007f8a7007d800 1562       3       sun.java2d.pipe.RenderBuffer::remaining (11 bytes)

GC Heap History (10 events):
Event: 72004.010 GC heap before
{Heap before GC invocations=42 (full 21):
 PSYoungGen      total 38400K, used 160K [0x0000000795580000, 0x0000000798000000, 0x00000007c0000000)
  eden space 33280K, 0% used [0x0000000795580000,0x0000000795580000,0x0000000797600000)
  from space 5120K, 3% used [0x0000000797600000,0x0000000797628000,0x0000000797b00000)
  to   space 5120K, 0% used [0x0000000797b00000,0x0000000797b00000,0x0000000798000000)
 ParOldGen       total 87552K, used 2825K [0x0000000740000000, 0x0000000745580000, 0x0000000795580000)
  object space 87552K, 3% used [0x0000000740000000,0x00000007402c2658,0x0000000745580000)
 Metaspace       used 13503K, capacity 13714K, committed 14080K, reserved 1060864K
  class space    used 1616K, capacity 1695K, committed 1792K, reserved 1048576K
Event: 72004.022 GC heap after
Heap after GC invocations=42 (full 21):
 PSYoungGen      total 38400K, used 0K [0x0000000795580000, 0x0000000798000000, 0x00000007c0000000)
  eden space 33280K, 0% used [0x0000000795580000,0x0000000795580000,0x0000000797600000)
  from space 5120K, 0% used [0x0000000797600000,0x0000000797600000,0x0000000797b00000)
  to   space 5120K, 0% used [0x0000000797b00000,0x0000000797b00000,0x0000000798000000)
 ParOldGen       total 87552K, used 2825K [0x0000000740000000, 0x0000000745580000, 0x0000000795580000)
  object space 87552K, 3% used [0x0000000740000000,0x00000007402c2658,0x0000000745580000)
 Metaspace       used 13492K, capacity 13696K, committed 14080K, reserved 1060864K
  class space    used 1614K, capacity 1692K, committed 1792K, reserved 1048576K
}
Event: 75604.030 GC heap before
{Heap before GC invocations=43 (full 21):
 PSYoungGen      total 38400K, used 3682K [0x0000000795580000, 0x0000000798000000, 0x00000007c0000000)
  eden space 33280K, 11% used [0x0000000795580000,0x00000007959189d0,0x0000000797600000)
  from space 5120K, 0% used [0x0000000797600000,0x0000000797600000,0x0000000797b00000)
  to   space 5120K, 0% used [0x0000000797b00000,0x0000000797b00000,0x0000000798000000)
 ParOldGen       total 87552K, used 2825K [0x0000000740000000, 0x0000000745580000, 0x0000000795580000)
  object space 87552K, 3% used [0x0000000740000000,0x00000007402c2658,0x0000000745580000)
 Metaspace       used 13540K, capacity 13778K, committed 14080K, reserved 1060864K
  class space    used 1616K, capacity 1695K, committed 1792K, reserved 1048576K
Event: 75604.031 GC heap after
Heap after GC invocations=43 (full 21):
 PSYoungGen      total 38400K, used 160K [0x0000000795580000, 0x0000000798000000, 0x00000007c0000000)
  eden space 33280K, 0% used [0x0000000795580000,0x0000000795580000,0x0000000797600000)
  from space 5120K, 3% used [0x0000000797b00000,0x0000000797b28000,0x0000000798000000)
  to   space 5120K, 0% used [0x0000000797600000,0x0000000797600000,0x0000000797b00000)
 ParOldGen       total 87552K, used 2833K [0x0000000740000000, 0x0000000745580000, 0x0000000795580000)
  object space 87552K, 3% used [0x0000000740000000,0x00000007402c4658,0x0000000745580000)
 Metaspace       used 13540K, capacity 13778K, committed 14080K, reserved 1060864K
  class space    used 1616K, capacity 1695K, committed 1792K, reserved 1048576K
}
Event: 75604.031 GC heap before
{Heap before GC invocations=44 (full 22):
 PSYoungGen      total 38400K, used 160K [0x0000000795580000, 0x0000000798000000, 0x00000007c0000000)
  eden space 33280K, 0% used [0x0000000795580000,0x0000000795580000,0x0000000797600000)
  from space 5120K, 3% used [0x0000000797b00000,0x0000000797b28000,0x0000000798000000)
  to   space 5120K, 0% used [0x0000000797600000,0x0000000797600000,0x0000000797b00000)
 ParOldGen       total 87552K, used 2833K [0x0000000740000000, 0x0000000745580000, 0x0000000795580000)
  object space 87552K, 3% used [0x0000000740000000,0x00000007402c4658,0x0000000745580000)
 Metaspace       used 13540K, capacity 13778K, committed 14080K, reserved 1060864K
  class space    used 1616K, capacity 1695K, committed 1792K, reserved 1048576K
Event: 75604.044 GC heap after
Heap after GC invocations=44 (full 22):
 PSYoungGen      total 38400K, used 0K [0x0000000795580000, 0x0000000798000000, 0x00000007c0000000)
  eden space 33280K, 0% used [0x0000000795580000,0x0000000795580000,0x0000000797600000)
  from space 5120K, 0% used [0x0000000797b00000,0x0000000797b00000,0x0000000798000000)
  to   space 5120K, 0% used [0x0000000797600000,0x0000000797600000,0x0000000797b00000)
 ParOldGen       total 87552K, used 2825K [0x0000000740000000, 0x0000000745580000, 0x0000000795580000)
  object space 87552K, 3% used [0x0000000740000000,0x00000007402c2778,0x0000000745580000)
 Metaspace       used 13529K, capacity 13760K, committed 14080K, reserved 1060864K
  class space    used 1614K, capacity 1692K, committed 1792K, reserved 1048576K
}
Event: 79204.049 GC heap before
{Heap before GC invocations=45 (full 22):
 PSYoungGen      total 38400K, used 4532K [0x0000000795580000, 0x0000000798000000, 0x00000007c0000000)
  eden space 33280K, 13% used [0x0000000795580000,0x00000007959ed268,0x0000000797600000)
  from space 5120K, 0% used [0x0000000797b00000,0x0000000797b00000,0x0000000798000000)
  to   space 5120K, 0% used [0x0000000797600000,0x0000000797600000,0x0000000797b00000)
 ParOldGen       total 87552K, used 2825K [0x0000000740000000, 0x0000000745580000, 0x0000000795580000)
  object space 87552K, 3% used [0x0000000740000000,0x00000007402c2778,0x0000000745580000)
 Metaspace       used 13606K, capacity 13842K, committed 14080K, reserved 1060864K
  class space    used 1619K, capacity 1695K, committed 1792K, reserved 1048576K
Event: 79204.056 GC heap after
Heap after GC invocations=45 (full 22):
 PSYoungGen      total 38400K, used 905K [0x0000000795580000, 0x0000000798000000, 0x00000007c0000000)
  eden space 33280K, 0% used [0x0000000795580000,0x0000000795580000,0x0000000797600000)
  from space 5120K, 17% used [0x0000000797600000,0x00000007976e2580,0x0000000797b00000)
  to   space 5120K, 0% used [0x0000000797b00000,0x0000000797b00000,0x0000000798000000)
 ParOldGen       total 87552K, used 2833K [0x0000000740000000, 0x0000000745580000, 0x0000000795580000)
  object space 87552K, 3% used [0x0000000740000000,0x00000007402c4778,0x0000000745580000)
 Metaspace       used 13606K, capacity 13842K, committed 14080K, reserved 1060864K
  class space    used 1619K, capacity 1695K, committed 1792K, reserved 1048576K
}
Event: 79204.056 GC heap before
{Heap before GC invocations=46 (full 23):
 PSYoungGen      total 38400K, used 905K [0x0000000795580000, 0x0000000798000000, 0x00000007c0000000)
  eden space 33280K, 0% used [0x0000000795580000,0x0000000795580000,0x0000000797600000)
  from space 5120K, 17% used [0x0000000797600000,0x00000007976e2580,0x0000000797b00000)
  to   space 5120K, 0% used [0x0000000797b00000,0x0000000797b00000,0x0000000798000000)
 ParOldGen       total 87552K, used 2833K [0x0000000740000000, 0x0000000745580000, 0x0000000795580000)
  object space 87552K, 3% used [0x0000000740000000,0x00000007402c4778,0x0000000745580000)
 Metaspace       used 13606K, capacity 13842K, committed 14080K, reserved 1060864K
  class space    used 1619K, capacity 1695K, committed 1792K, reserved 1048576K
Event: 79204.124 GC heap after
Heap after GC invocations=46 (full 23):
 PSYoungGen      total 38400K, used 0K [0x0000000795580000, 0x0000000798000000, 0x00000007c0000000)
  eden space 33280K, 0% used [0x0000000795580000,0x0000000795580000,0x0000000797600000)
  from space 5120K, 0% used [0x0000000797600000,0x0000000797600000,0x0000000797b00000)
  to   space 5120K, 0% used [0x0000000797b00000,0x0000000797b00000,0x0000000798000000)
 ParOldGen       total 87552K, used 2830K [0x0000000740000000, 0x0000000745580000, 0x0000000795580000)
  object space 87552K, 3% used [0x0000000740000000,0x00000007402c3b80,0x0000000745580000)
 Metaspace       used 13595K, capacity 13824K, committed 14080K, reserved 1060864K
  class space    used 1617K, capacity 1692K, committed 1792K, reserved 1048576K
}

Deoptimization events (10 events):
Event: 4.426 Thread 0x00007f8a6f28b000 Uncommon trap: reason=class_check action=maybe_recompile pc=0x0000000116195c58 method=java.lang.String.equals(Ljava/lang/Object;)Z @ 8
Event: 8.671 Thread 0x00007f8a702c4000 Uncommon trap: reason=predicate action=maybe_recompile pc=0x000000011630f784 method=java.util.AbstractCollection.toArray([Ljava/lang/Object;)[Ljava/lang/Object; @ 49
Event: 8.696 Thread 0x00007f8a702c4000 Uncommon trap: reason=array_check action=maybe_recompile pc=0x00000001163293ac method=java.util.AbstractCollection.toArray([Ljava/lang/Object;)[Ljava/lang/Object; @ 119
Event: 8.696 Thread 0x00007f8a702c4000 Uncommon trap: reason=array_check action=maybe_recompile pc=0x00000001163293ac method=java.util.AbstractCollection.toArray([Ljava/lang/Object;)[Ljava/lang/Object; @ 119
Event: 8.696 Thread 0x00007f8a702c4000 Uncommon trap: reason=array_check action=maybe_recompile pc=0x00000001163293ac method=java.util.AbstractCollection.toArray([Ljava/lang/Object;)[Ljava/lang/Object; @ 119
Event: 8.696 Thread 0x00007f8a702c4000 Uncommon trap: reason=array_check action=maybe_recompile pc=0x00000001163293ac method=java.util.AbstractCollection.toArray([Ljava/lang/Object;)[Ljava/lang/Object; @ 119
Event: 8.726 Thread 0x00007f8a702c4000 Uncommon trap: reason=unstable_if action=reinterpret pc=0x0000000116309480 method=java.lang.Integer.parseInt(Ljava/lang/String;I)I @ 122
Event: 78034.111 Thread 0x00007f8a6e9e3800 Uncommon trap: reason=unstable_if action=reinterpret pc=0x00000001162fbb64 method=sun.java2d.opengl.OGLRenderQueue$QueueFlusher.run()V @ 22
Event: 78034.192 Thread 0x00007f8a6e963800 Uncommon trap: reason=class_check action=maybe_recompile pc=0x0000000116351d2c method=java.util.AbstractCollection.toArray([Ljava/lang/Object;)[Ljava/lang/Object; @ 1
Event: 78034.228 Thread 0x00007f8a6e963800 Uncommon trap: reason=class_check action=maybe_recompile pc=0x0000000116351d2c method=java.util.AbstractCollection.toArray([Ljava/lang/Object;)[Ljava/lang/Object; @ 1

Internal exceptions (10 events):
Event: 61204.942 Thread 0x00007f8a6ea84800 Exception <a 'java/lang/NoSuchMethodError': <clinit>> (0x0000000795596468) thrown at [/Users/java_re/workspace/8-2-build-macosx-x86_64/jdk8u112/7935/hotspot/src/share/vm/prims/jni.cpp, line 1613]
Event: 61204.943 Thread 0x00007f8a6ea84800 Exception <a 'java/lang/NoSuchMethodError': <clinit>> (0x00000007956026d0) thrown at [/Users/java_re/workspace/8-2-build-macosx-x86_64/jdk8u112/7935/hotspot/src/share/vm/prims/jni.cpp, line 1613]
Event: 64805.014 Thread 0x00007f8a6ea84800 Exception <a 'java/lang/NoSuchMethodError': <clinit>> (0x0000000795585a18) thrown at [/Users/java_re/workspace/8-2-build-macosx-x86_64/jdk8u112/7935/hotspot/src/share/vm/prims/jni.cpp, line 1613]
Event: 64805.016 Thread 0x00007f8a6ea84800 Exception <a 'java/lang/NoSuchMethodError': <clinit>> (0x00000007956104a8) thrown at [/Users/java_re/workspace/8-2-build-macosx-x86_64/jdk8u112/7935/hotspot/src/share/vm/prims/jni.cpp, line 1613]
Event: 68405.091 Thread 0x00007f8a6ea84800 Exception <a 'java/lang/NoSuchMethodError': <clinit>> (0x0000000795596468) thrown at [/Users/java_re/workspace/8-2-build-macosx-x86_64/jdk8u112/7935/hotspot/src/share/vm/prims/jni.cpp, line 1613]
Event: 68405.093 Thread 0x00007f8a6ea84800 Exception <a 'java/lang/NoSuchMethodError': <clinit>> (0x00000007956104a8) thrown at [/Users/java_re/workspace/8-2-build-macosx-x86_64/jdk8u112/7935/hotspot/src/share/vm/prims/jni.cpp, line 1613]
Event: 72005.182 Thread 0x00007f8a6ea84800 Exception <a 'java/lang/NoSuchMethodError': <clinit>> (0x0000000795596468) thrown at [/Users/java_re/workspace/8-2-build-macosx-x86_64/jdk8u112/7935/hotspot/src/share/vm/prims/jni.cpp, line 1613]
Event: 72005.183 Thread 0x00007f8a6ea84800 Exception <a 'java/lang/NoSuchMethodError': <clinit>> (0x00000007956104a8) thrown at [/Users/java_re/workspace/8-2-build-macosx-x86_64/jdk8u112/7935/hotspot/src/share/vm/prims/jni.cpp, line 1613]
Event: 75605.272 Thread 0x00007f8a6ea84800 Exception <a 'java/lang/NoSuchMethodError': <clinit>> (0x0000000795596468) thrown at [/Users/java_re/workspace/8-2-build-macosx-x86_64/jdk8u112/7935/hotspot/src/share/vm/prims/jni.cpp, line 1613]
Event: 75605.273 Thread 0x00007f8a6ea84800 Exception <a 'java/lang/NoSuchMethodError': <clinit>> (0x00000007956104a8) thrown at [/Users/java_re/workspace/8-2-build-macosx-x86_64/jdk8u112/7935/hotspot/src/share/vm/prims/jni.cpp, line 1613]

Events (10 events):
Event: 79204.124 Executing VM operation: RevokeBias
Event: 79204.124 Executing VM operation: RevokeBias done
Event: 79204.124 Executing VM operation: RevokeBias
Event: 79204.124 Executing VM operation: RevokeBias done
Event: 79204.124 Executing VM operation: RevokeBias
Event: 79204.124 Executing VM operation: RevokeBias done
Event: 79204.124 Executing VM operation: RevokeBias
Event: 79204.125 Executing VM operation: RevokeBias done
Event: 79204.125 Executing VM operation: RevokeBias
Event: 79204.125 Executing VM operation: RevokeBias done


Dynamic libraries:
0x0000000033875000 	/System/Library/Frameworks/Cocoa.framework/Versions/A/Cocoa
0x0000000033875000 	/System/Library/Frameworks/Security.framework/Versions/A/Security
0x0000000033875000 	/System/Library/Frameworks/ApplicationServices.framework/Versions/A/ApplicationServices
0x0000000033875000 	/usr/lib/libz.1.dylib
0x0000000033875000 	/usr/lib/libSystem.B.dylib
0x0000000033875000 	/usr/lib/libobjc.A.dylib
0x0000000033875000 	/System/Library/Frameworks/CoreFoundation.framework/Versions/A/CoreFoundation
0x0000000033875000 	/System/Library/Frameworks/Foundation.framework/Versions/C/Foundation
0x0000000033875000 	/System/Library/Frameworks/AppKit.framework/Versions/C/AppKit
0x0000000033875000 	/System/Library/Frameworks/CoreData.framework/Versions/A/CoreData
0x0000000033875000 	/System/Library/PrivateFrameworks/RemoteViewServices.framework/Versions/A/RemoteViewServices
0x0000000033875000 	/System/Library/PrivateFrameworks/UIFoundation.framework/Versions/A/UIFoundation
0x0000000033875000 	/System/Library/PrivateFrameworks/DFRFoundation.framework/Versions/A/DFRFoundation
0x0000000033875000 	/usr/lib/libenergytrace.dylib
0x0000000033875000 	/System/Library/PrivateFrameworks/SkyLight.framework/Versions/A/SkyLight
0x0000000033875000 	/System/Library/Frameworks/CoreGraphics.framework/Versions/A/CoreGraphics
0x0000000033875000 	/usr/lib/libScreenReader.dylib
0x0000000033875000 	/System/Library/Frameworks/Accelerate.framework/Versions/A/Accelerate
0x0000000033875000 	/System/Library/Frameworks/IOSurface.framework/Versions/A/IOSurface
0x0000000033875000 	/System/Library/Frameworks/AudioToolbox.framework/Versions/A/AudioToolbox
0x0000000033875000 	/System/Library/Frameworks/AudioUnit.framework/Versions/A/AudioUnit
0x0000000033875000 	/System/Library/PrivateFrameworks/DataDetectorsCore.framework/Versions/A/DataDetectorsCore
0x0000000033875000 	/System/Library/PrivateFrameworks/DesktopServicesPriv.framework/Versions/A/DesktopServicesPriv
0x0000000033875000 	/System/Library/Frameworks/Carbon.framework/Versions/A/Frameworks/HIToolbox.framework/Versions/A/HIToolbox
0x0000000033875000 	/usr/lib/libicucore.A.dylib
0x0000000033875000 	/System/Library/Frameworks/QuartzCore.framework/Versions/A/QuartzCore
0x0000000033875000 	/System/Library/Frameworks/Carbon.framework/Versions/A/Frameworks/SpeechRecognition.framework/Versions/A/SpeechRecognition
0x0000000033875000 	/usr/lib/libauto.dylib
0x0000000033875000 	/usr/lib/libxml2.2.dylib
0x0000000033875000 	/System/Library/PrivateFrameworks/CoreUI.framework/Versions/A/CoreUI
0x0000000033875000 	/System/Library/Frameworks/CoreAudio.framework/Versions/A/CoreAudio
0x0000000033875000 	/System/Library/Frameworks/DiskArbitration.framework/Versions/A/DiskArbitration
0x0000000033875000 	/usr/lib/liblangid.dylib
0x0000000033875000 	/System/Library/PrivateFrameworks/MultitouchSupport.framework/Versions/A/MultitouchSupport
0x0000000033875000 	/System/Library/Frameworks/IOKit.framework/Versions/A/IOKit
0x0000000033875000 	/usr/lib/libDiagnosticMessagesClient.dylib
0x0000000033875000 	/System/Library/Frameworks/CoreServices.framework/Versions/A/CoreServices
0x0000000033875000 	/System/Library/PrivateFrameworks/PerformanceAnalysis.framework/Versions/A/PerformanceAnalysis
0x0000000033875000 	/System/Library/PrivateFrameworks/GenerationalStorage.framework/Versions/A/GenerationalStorage
0x0000000033875000 	/System/Library/Frameworks/OpenGL.framework/Versions/A/OpenGL
0x0000000033875000 	/System/Library/Frameworks/CoreImage.framework/Versions/A/CoreImage
0x0000000033875000 	/System/Library/Frameworks/CoreText.framework/Versions/A/CoreText
0x0000000033875000 	/System/Library/Frameworks/ImageIO.framework/Versions/A/ImageIO
0x0000000033875000 	/System/Library/PrivateFrameworks/Backup.framework/Versions/A/Backup
0x0000000033875000 	/usr/lib/libarchive.2.dylib
0x0000000033875000 	/System/Library/Frameworks/CFNetwork.framework/Versions/A/CFNetwork
0x0000000033875000 	/System/Library/Frameworks/SystemConfiguration.framework/Versions/A/SystemConfiguration
0x0000000033875000 	/usr/lib/libCRFSuite.dylib
0x0000000033875000 	/usr/lib/libc++.1.dylib
0x0000000033875000 	/usr/lib/libc++abi.dylib
0x0000000033875000 	/usr/lib/system/libcache.dylib
0x0000000033875000 	/usr/lib/system/libcommonCrypto.dylib
0x0000000033875000 	/usr/lib/system/libcompiler_rt.dylib
0x0000000033875000 	/usr/lib/system/libcopyfile.dylib
0x0000000033875000 	/usr/lib/system/libcorecrypto.dylib
0x0000000033875000 	/usr/lib/system/libdispatch.dylib
0x0000000033875000 	/usr/lib/system/libdyld.dylib
0x0000000033875000 	/usr/lib/system/libkeymgr.dylib
0x0000000033875000 	/usr/lib/system/liblaunch.dylib
0x0000000033875000 	/usr/lib/system/libmacho.dylib
0x0000000033875000 	/usr/lib/system/libquarantine.dylib
0x0000000033875000 	/usr/lib/system/libremovefile.dylib
0x0000000033875000 	/usr/lib/system/libsystem_asl.dylib
0x0000000033875000 	/usr/lib/system/libsystem_blocks.dylib
0x0000000033875000 	/usr/lib/system/libsystem_c.dylib
0x0000000033875000 	/usr/lib/system/libsystem_configuration.dylib
0x0000000033875000 	/usr/lib/system/libsystem_coreservices.dylib
0x0000000033875000 	/usr/lib/system/libsystem_coretls.dylib
0x0000000033875000 	/usr/lib/system/libsystem_dnssd.dylib
0x0000000033875000 	/usr/lib/system/libsystem_info.dylib
0x0000000033875000 	/usr/lib/system/libsystem_kernel.dylib
0x0000000033875000 	/usr/lib/system/libsystem_m.dylib
0x0000000033875000 	/usr/lib/system/libsystem_malloc.dylib
0x0000000033875000 	/usr/lib/system/libsystem_network.dylib
0x0000000033875000 	/usr/lib/system/libsystem_networkextension.dylib
0x0000000033875000 	/usr/lib/system/libsystem_notify.dylib
0x0000000033875000 	/usr/lib/system/libsystem_platform.dylib
0x0000000033875000 	/usr/lib/system/libsystem_pthread.dylib
0x0000000033875000 	/usr/lib/system/libsystem_sandbox.dylib
0x0000000033875000 	/usr/lib/system/libsystem_secinit.dylib
0x0000000033875000 	/usr/lib/system/libsystem_symptoms.dylib
0x0000000033875000 	/usr/lib/system/libsystem_trace.dylib
0x0000000033875000 	/usr/lib/system/libunwind.dylib
0x0000000033875000 	/usr/lib/system/libxpc.dylib
0x0000000033875000 	/usr/lib/libbsm.0.dylib
0x0000000033875000 	/usr/lib/system/libkxld.dylib
0x0000000033875000 	/usr/lib/libcoretls.dylib
0x0000000033875000 	/usr/lib/libcoretls_cfhelpers.dylib
0x0000000033875000 	/usr/lib/libOpenScriptingUtil.dylib
0x0000000033875000 	/usr/lib/libpam.2.dylib
0x0000000033875000 	/usr/lib/libsqlite3.dylib
0x0000000033875000 	/usr/lib/libxar.1.dylib
0x0000000033875000 	/usr/lib/libbz2.1.0.dylib
0x0000000033875000 	/usr/lib/liblzma.5.dylib
0x0000000033875000 	/usr/lib/libnetwork.dylib
0x0000000033875000 	/usr/lib/libpcap.A.dylib
0x0000000033875000 	/System/Library/Frameworks/CoreServices.framework/Versions/A/Frameworks/FSEvents.framework/Versions/A/FSEvents
0x0000000033875000 	/System/Library/Frameworks/CoreServices.framework/Versions/A/Frameworks/CarbonCore.framework/Versions/A/CarbonCore
0x0000000033875000 	/System/Library/Frameworks/CoreServices.framework/Versions/A/Frameworks/Metadata.framework/Versions/A/Metadata
0x0000000033875000 	/System/Library/Frameworks/CoreServices.framework/Versions/A/Frameworks/OSServices.framework/Versions/A/OSServices
0x0000000033875000 	/System/Library/Frameworks/CoreServices.framework/Versions/A/Frameworks/SearchKit.framework/Versions/A/SearchKit
0x0000000033875000 	/System/Library/Frameworks/CoreServices.framework/Versions/A/Frameworks/AE.framework/Versions/A/AE
0x0000000033875000 	/System/Library/Frameworks/CoreServices.framework/Versions/A/Frameworks/LaunchServices.framework/Versions/A/LaunchServices
0x0000000033875000 	/System/Library/Frameworks/CoreServices.framework/Versions/A/Frameworks/DictionaryServices.framework/Versions/A/DictionaryServices
0x0000000033875000 	/System/Library/Frameworks/CoreServices.framework/Versions/A/Frameworks/SharedFileList.framework/Versions/A/SharedFileList
0x0000000033875000 	/System/Library/Frameworks/NetFS.framework/Versions/A/NetFS
0x0000000033875000 	/System/Library/PrivateFrameworks/NetAuth.framework/Versions/A/NetAuth
0x0000000033875000 	/System/Library/PrivateFrameworks/login.framework/Versions/A/Frameworks/loginsupport.framework/Versions/A/loginsupport
0x0000000033875000 	/System/Library/PrivateFrameworks/TCC.framework/Versions/A/TCC
0x0000000033875000 	/usr/lib/libmecabra.dylib
0x0000000033875000 	/System/Library/Frameworks/ApplicationServices.framework/Versions/A/Frameworks/ATS.framework/Versions/A/ATS
0x0000000033875000 	/System/Library/Frameworks/ApplicationServices.framework/Versions/A/Frameworks/ColorSync.framework/Versions/A/ColorSync
0x0000000033875000 	/System/Library/Frameworks/ApplicationServices.framework/Versions/A/Frameworks/HIServices.framework/Versions/A/HIServices
0x0000000033875000 	/System/Library/Frameworks/ApplicationServices.framework/Versions/A/Frameworks/LangAnalysis.framework/Versions/A/LangAnalysis
0x0000000033875000 	/System/Library/Frameworks/ApplicationServices.framework/Versions/A/Frameworks/PrintCore.framework/Versions/A/PrintCore
0x0000000033875000 	/System/Library/Frameworks/ApplicationServices.framework/Versions/A/Frameworks/QD.framework/Versions/A/QD
0x0000000033875000 	/System/Library/Frameworks/ApplicationServices.framework/Versions/A/Frameworks/SpeechSynthesis.framework/Versions/A/SpeechSynthesis
0x0000000033875000 	/System/Library/Frameworks/Accelerate.framework/Versions/A/Frameworks/vImage.framework/Versions/A/vImage
0x0000000033875000 	/System/Library/Frameworks/Accelerate.framework/Versions/A/Frameworks/vecLib.framework/Versions/A/vecLib
0x0000000033875000 	/System/Library/Frameworks/Accelerate.framework/Versions/A/Frameworks/vecLib.framework/Versions/A/libvDSP.dylib
0x0000000033875000 	/System/Library/Frameworks/Accelerate.framework/Versions/A/Frameworks/vecLib.framework/Versions/A/libBNNS.dylib
0x0000000033875000 	/System/Library/Frameworks/Accelerate.framework/Versions/A/Frameworks/vecLib.framework/Versions/A/libQuadrature.dylib
0x0000000033875000 	/System/Library/Frameworks/Accelerate.framework/Versions/A/Frameworks/vecLib.framework/Versions/A/libvMisc.dylib
0x0000000033875000 	/System/Library/Frameworks/Accelerate.framework/Versions/A/Frameworks/vecLib.framework/Versions/A/libLAPACK.dylib
0x0000000033875000 	/System/Library/Frameworks/Accelerate.framework/Versions/A/Frameworks/vecLib.framework/Versions/A/libBLAS.dylib
0x0000000033875000 	/System/Library/Frameworks/Accelerate.framework/Versions/A/Frameworks/vecLib.framework/Versions/A/libLinearAlgebra.dylib
0x0000000033875000 	/System/Library/Frameworks/Accelerate.framework/Versions/A/Frameworks/vecLib.framework/Versions/A/libSparseBLAS.dylib
0x0000000033875000 	/System/Library/Frameworks/ApplicationServices.framework/Versions/A/Frameworks/ATS.framework/Versions/A/Resources/libFontParser.dylib
0x0000000033875000 	/System/Library/Frameworks/ApplicationServices.framework/Versions/A/Frameworks/ATS.framework/Versions/A/Resources/libFontRegistry.dylib
0x0000000033875000 	/System/Library/Frameworks/ImageIO.framework/Versions/A/Resources/libJPEG.dylib
0x0000000033875000 	/System/Library/Frameworks/ImageIO.framework/Versions/A/Resources/libTIFF.dylib
0x0000000033875000 	/System/Library/Frameworks/ImageIO.framework/Versions/A/Resources/libPng.dylib
0x0000000033875000 	/System/Library/Frameworks/ImageIO.framework/Versions/A/Resources/libGIF.dylib
0x0000000033875000 	/System/Library/Frameworks/ImageIO.framework/Versions/A/Resources/libJP2.dylib
0x0000000033875000 	/System/Library/Frameworks/ImageIO.framework/Versions/A/Resources/libRadiance.dylib
0x0000000033875000 	/usr/lib/libcompression.dylib
0x0000000033875000 	/System/Library/PrivateFrameworks/AppleJPEG.framework/Versions/A/AppleJPEG
0x0000000033875000 	/usr/lib/libcups.2.dylib
0x0000000033875000 	/System/Library/Frameworks/Kerberos.framework/Versions/A/Kerberos
0x0000000033875000 	/System/Library/Frameworks/GSS.framework/Versions/A/GSS
0x0000000033875000 	/usr/lib/libresolv.9.dylib
0x0000000033875000 	/usr/lib/libiconv.2.dylib
0x0000000033875000 	/System/Library/PrivateFrameworks/Heimdal.framework/Versions/A/Heimdal
0x0000000033875000 	/usr/lib/libheimdal-asn1.dylib
0x0000000033875000 	/System/Library/Frameworks/OpenDirectory.framework/Versions/A/OpenDirectory
0x0000000033875000 	/System/Library/PrivateFrameworks/CommonAuth.framework/Versions/A/CommonAuth
0x0000000033875000 	/System/Library/Frameworks/OpenDirectory.framework/Versions/A/Frameworks/CFOpenDirectory.framework/Versions/A/CFOpenDirectory
0x0000000033875000 	/System/Library/Frameworks/SecurityFoundation.framework/Versions/A/SecurityFoundation
0x0000000033875000 	/System/Library/PrivateFrameworks/LanguageModeling.framework/Versions/A/LanguageModeling
0x0000000033875000 	/usr/lib/libmarisa.dylib
0x0000000033875000 	/usr/lib/libChineseTokenizer.dylib
0x0000000033875000 	/usr/lib/libcmph.dylib
0x0000000033875000 	/System/Library/PrivateFrameworks/CoreEmoji.framework/Versions/A/CoreEmoji
0x0000000033875000 	/System/Library/Frameworks/ServiceManagement.framework/Versions/A/ServiceManagement
0x0000000033875000 	/usr/lib/libxslt.1.dylib
0x0000000033875000 	/System/Library/Frameworks/Carbon.framework/Versions/A/Frameworks/Ink.framework/Versions/A/Ink
0x0000000033875000 	/System/Library/PrivateFrameworks/TextureIO.framework/Versions/A/TextureIO
0x0000000033875000 	/System/Library/Frameworks/Metal.framework/Versions/A/Metal
0x0000000033875000 	/usr/lib/libate.dylib
0x0000000033875000 	/System/Library/PrivateFrameworks/GPUCompiler.framework/libmetal_timestamp.dylib
0x0000000033875000 	/System/Library/Frameworks/OpenGL.framework/Versions/A/Libraries/libCoreFSCache.dylib
0x0000000033875000 	/System/Library/PrivateFrameworks/IOAccelerator.framework/Versions/A/IOAccelerator
0x0000000033875000 	/System/Library/Frameworks/CoreVideo.framework/Versions/A/CoreVideo
0x0000000033875000 	/usr/lib/libFosl_dynamic.dylib
0x0000000033875000 	/System/Library/PrivateFrameworks/MetalPerformanceShaders.framework/Versions/A/MetalPerformanceShaders
0x0000000033875000 	/System/Library/PrivateFrameworks/FaceCore.framework/Versions/A/FaceCore
0x0000000033875000 	/System/Library/Frameworks/OpenCL.framework/Versions/A/OpenCL
0x0000000033875000 	/System/Library/Frameworks/OpenGL.framework/Versions/A/Libraries/libGLU.dylib
0x0000000033875000 	/System/Library/Frameworks/OpenGL.framework/Versions/A/Libraries/libGFXShared.dylib
0x0000000033875000 	/System/Library/Frameworks/OpenGL.framework/Versions/A/Libraries/libGL.dylib
0x0000000033875000 	/System/Library/Frameworks/OpenGL.framework/Versions/A/Libraries/libGLImage.dylib
0x0000000033875000 	/System/Library/Frameworks/OpenGL.framework/Versions/A/Libraries/libCVMSPluginSupport.dylib
0x0000000033875000 	/System/Library/Frameworks/OpenGL.framework/Versions/A/Libraries/libCoreVMClient.dylib
0x0000000033875000 	/System/Library/PrivateFrameworks/CrashReporterSupport.framework/Versions/A/CrashReporterSupport
0x0000000033875000 	/System/Library/PrivateFrameworks/Sharing.framework/Versions/A/Sharing
0x0000000033875000 	/System/Library/PrivateFrameworks/IconServices.framework/Versions/A/IconServices
0x0000000033875000 	/System/Library/PrivateFrameworks/ProtocolBuffer.framework/Versions/A/ProtocolBuffer
0x0000000033875000 	/System/Library/PrivateFrameworks/Apple80211.framework/Versions/A/Apple80211
0x0000000033875000 	/System/Library/Frameworks/CoreWLAN.framework/Versions/A/CoreWLAN
0x0000000033875000 	/System/Library/PrivateFrameworks/CoreUtils.framework/Versions/A/CoreUtils
0x0000000033875000 	/System/Library/Frameworks/IOBluetooth.framework/Versions/A/IOBluetooth
0x0000000033875000 	/System/Library/PrivateFrameworks/CoreWiFi.framework/Versions/A/CoreWiFi
0x0000000033875000 	/System/Library/Frameworks/CoreBluetooth.framework/Versions/A/CoreBluetooth
0x0000000033875000 	/System/Library/Frameworks/CoreDisplay.framework/Versions/A/CoreDisplay
0x0000000033875000 	/System/Library/PrivateFrameworks/IOPresentment.framework/Versions/A/IOPresentment
0x0000000033875000 	/System/Library/PrivateFrameworks/DSExternalDisplay.framework/Versions/A/DSExternalDisplay
0x0000000033875000 	/System/Library/PrivateFrameworks/DebugSymbols.framework/Versions/A/DebugSymbols
0x0000000033875000 	/System/Library/PrivateFrameworks/CoreSymbolication.framework/Versions/A/CoreSymbolication
0x0000000033875000 	/System/Library/PrivateFrameworks/Symbolication.framework/Versions/A/Symbolication
0x0000000033875000 	/System/Library/PrivateFrameworks/AppleFSCompression.framework/Versions/A/AppleFSCompression
0x0000000033875000 	/System/Library/PrivateFrameworks/SpeechRecognitionCore.framework/Versions/A/SpeechRecognitionCore
0x0000000033875000 	/System/Library/PrivateFrameworks/ChunkingLibrary.framework/Versions/A/ChunkingLibrary
0x000000010d400000 	/Library/Java/JavaVirtualMachines/jdk1.8.0_112.jdk/Contents/Home/jre/lib/server/libjvm.dylib
0x0000000033875000 	/usr/lib/libstdc++.6.dylib
0x000000010ca62000 	/Library/Java/JavaVirtualMachines/jdk1.8.0_112.jdk/Contents/Home/jre/lib/libverify.dylib
0x000000010ca70000 	/Library/Java/JavaVirtualMachines/jdk1.8.0_112.jdk/Contents/Home/jre/lib/libjava.dylib
0x000000010caa6000 	/Library/Java/JavaVirtualMachines/jdk1.8.0_112.jdk/Contents/Home/jre/lib/libinstrument.dylib
0x000000010cb04000 	/Library/Java/JavaVirtualMachines/jdk1.8.0_112.jdk/Contents/Home/jre/lib/libzip.dylib
0x000000010cbe1000 	/System/Library/Frameworks/JavaVM.framework/Frameworks/JavaRuntimeSupport.framework/JavaRuntimeSupport
0x0000000114c08000 	/System/Library/Frameworks/JavaVM.framework/Versions/A/Frameworks/JavaNativeFoundation.framework/Versions/A/JavaNativeFoundation
0x0000000114c1d000 	/System/Library/Frameworks/JavaVM.framework/Versions/A/JavaVM
0x0000000033875000 	/System/Library/Frameworks/Carbon.framework/Versions/A/Carbon
0x0000000114c2a000 	/System/Library/PrivateFrameworks/JavaLaunching.framework/Versions/A/JavaLaunching
0x0000000033875000 	/System/Library/Frameworks/Carbon.framework/Versions/A/Frameworks/CommonPanels.framework/Versions/A/CommonPanels
0x0000000033875000 	/System/Library/Frameworks/Carbon.framework/Versions/A/Frameworks/Help.framework/Versions/A/Help
0x0000000033875000 	/System/Library/Frameworks/Carbon.framework/Versions/A/Frameworks/ImageCapture.framework/Versions/A/ImageCapture
0x0000000033875000 	/System/Library/Frameworks/Carbon.framework/Versions/A/Frameworks/OpenScripting.framework/Versions/A/OpenScripting
0x0000000033875000 	/System/Library/Frameworks/Carbon.framework/Versions/A/Frameworks/Print.framework/Versions/A/Print
0x0000000033875000 	/System/Library/Frameworks/Carbon.framework/Versions/A/Frameworks/SecurityHI.framework/Versions/A/SecurityHI
0x0000000114e8b000 	/Library/Java/JavaVirtualMachines/jdk1.8.0_112.jdk/Contents/Home/jre/lib/libnet.dylib
0x0000000114eef000 	/Library/Java/JavaVirtualMachines/jdk1.8.0_112.jdk/Contents/Home/jre/lib/libawt.dylib
0x0000000114f97000 	/Library/Java/JavaVirtualMachines/jdk1.8.0_112.jdk/Contents/Home/jre/lib/./libmlib_image.dylib
0x0000000115063000 	/Library/Java/JavaVirtualMachines/jdk1.8.0_112.jdk/Contents/Home/jre/lib/libawt_lwawt.dylib
0x000000011511a000 	/Library/Java/JavaVirtualMachines/jdk1.8.0_112.jdk/Contents/Home/jre/lib/./libosxapp.dylib
0x0000000033875000 	/System/Library/Frameworks/ExceptionHandling.framework/Versions/A/ExceptionHandling
0x0000000033875000 	/System/Library/PrivateFrameworks/CoreServicesInternal.framework/Versions/A/CoreServicesInternal
0x0000000033875000 	/System/Library/CoreServices/RawCamera.bundle/Contents/MacOS/RawCamera
0x0000000115ca9000 	/System/Library/Frameworks/Accelerate.framework/Frameworks/vImage.framework/Versions/A/Libraries/libCGInterfaces.dylib
0x0000000033875000 	/System/Library/Frameworks/ApplicationServices.framework/Versions/A/Frameworks/ATS.framework/Versions/A/Resources/libTrueTypeScaler.dylib
0x00000001278e3000 	/System/Library/Frameworks/OpenGL.framework/Resources/GLEngine.bundle/GLEngine
0x0000000033875000 	/System/Library/Frameworks/OpenGL.framework/Versions/A/Libraries/libGLProgrammability.dylib
0x0000000127ac8000 	/System/Library/Extensions/AppleIntelSKLGraphicsGLDriver.bundle/Contents/MacOS/AppleIntelSKLGraphicsGLDriver
0x0000000033875000 	/System/Library/PrivateFrameworks/GPUSupport.framework/Versions/A/Libraries/libGPUSupportMercury.dylib
0x000000012884c000 	/System/Library/Frameworks/OpenGL.framework/Resources//GLRendererFloat.bundle/GLRendererFloat
0x0000000033875000 	/System/Library/Frameworks/OpenCL.framework/Versions/A/Libraries/libcldcpuengine.dylib
0x0000000033875000 	/usr/lib/libcrypto.0.9.8.dylib
0x0000000033875000 	/System/Library/PrivateFrameworks/TrustEvaluationAgent.framework/Versions/A/TrustEvaluationAgent
0x0000000128880000 	/System/Library/Extensions/AppleIntelSKLGraphicsMTLDriver.bundle/Contents/MacOS/AppleIntelSKLGraphicsMTLDriver
0x0000000033875000 	/System/Library/PrivateFrameworks/FamilyControls.framework/Versions/A/FamilyControls
0x0000000033875000 	/System/Library/PrivateFrameworks/CommerceKit.framework/Versions/A/Frameworks/CommerceCore.framework/Versions/A/CommerceCore
0x0000000033875000 	/System/Library/PrivateFrameworks/SystemAdministration.framework/Versions/A/SystemAdministration
0x0000000033875000 	/System/Library/PrivateFrameworks/AppContainer.framework/Versions/A/AppContainer
0x0000000033875000 	/System/Library/PrivateFrameworks/SecCodeWrapper.framework/Versions/A/SecCodeWrapper
0x0000000033875000 	/System/Library/Frameworks/DirectoryService.framework/Versions/A/DirectoryService
0x0000000033875000 	/System/Library/PrivateFrameworks/DiskImages.framework/Versions/A/DiskImages
0x0000000033875000 	/System/Library/PrivateFrameworks/LoginUIKit.framework/Versions/A/Frameworks/LoginUICore.framework/Versions/A/LoginUICore
0x0000000033875000 	/usr/lib/libCoreStorage.dylib
0x0000000033875000 	/usr/lib/libcsfde.dylib
0x0000000033875000 	/usr/lib/libodfde.dylib
0x0000000033875000 	/System/Library/Frameworks/DiscRecording.framework/Versions/A/DiscRecording
0x0000000033875000 	/usr/lib/libcurl.4.dylib
0x0000000033875000 	/System/Library/PrivateFrameworks/MediaKit.framework/Versions/A/MediaKit
0x0000000033875000 	/System/Library/PrivateFrameworks/ProtectedCloudStorage.framework/Versions/A/ProtectedCloudStorage
0x0000000033875000 	/System/Library/PrivateFrameworks/EFILogin.framework/Versions/A/EFILogin
0x0000000033875000 	/usr/lib/libutil.dylib
0x0000000033875000 	/System/Library/Frameworks/LDAP.framework/Versions/A/LDAP
0x0000000033875000 	/usr/lib/libsasl2.2.dylib
0x0000000033875000 	/System/Library/PrivateFrameworks/CoreDaemon.framework/Versions/B/CoreDaemon
0x0000000033875000 	/System/Library/PrivateFrameworks/AppleSRP.framework/Versions/A/AppleSRP
0x0000000033875000 	/System/Library/PrivateFrameworks/APFS.framework/Versions/A/APFS
0x000000012a6e0000 	/Library/Java/JavaVirtualMachines/jdk1.8.0_112.jdk/Contents/Home/jre/lib/libfontmanager.dylib
0x000000012a747000 	/Library/Java/JavaVirtualMachines/jdk1.8.0_112.jdk/Contents/Home/jre/lib/libosxui.dylib
0x0000000033875000 	/System/Library/PrivateFrameworks/ViewBridge.framework/Versions/A/ViewBridge
0x0000000033875000 	/System/Library/PrivateFrameworks/XPCService.framework/Versions/A/XPCService
0x0000000033875000 	/System/Library/PrivateFrameworks/AppSandbox.framework/Versions/A/AppSandbox
0x0000000033875000 	/usr/lib/libsandbox.1.dylib
0x0000000033875000 	/usr/lib/libMatch.1.dylib
0x000000012cd58000 	/Library/Java/JavaVirtualMachines/jdk1.8.0_112.jdk/Contents/Home/jre/lib/libnio.dylib

VM Arguments:
jvm_args: -Djava.security.policy=/Users/span/Dropbox/LearningTree/HOCD/crs516/sourcecode/ex41/wod.policy -javaagent:/Applications/IntelliJ IDEA CE.app/Contents/lib/idea_rt.jar=59552:/Applications/IntelliJ IDEA CE.app/Contents/bin -Dfile.encoding=UTF-8 
java_command: TaskEngineStarter
java_class_path (initial): /Users/span/Dropbox/LearningTree/HOCD/crs516/sourcecode/ex41-bonus/bin:/Library/Java/JavaVirtualMachines/jdk1.8.0_112.jdk/Contents/Home/jre/lib/charsets.jar:/Library/Java/JavaVirtualMachines/jdk1.8.0_112.jdk/Contents/Home/jre/lib/deploy.jar:/Library/Java/JavaVirtualMachines/jdk1.8.0_112.jdk/Contents/Home/jre/lib/ext/cldrdata.jar:/Library/Java/JavaVirtualMachines/jdk1.8.0_112.jdk/Contents/Home/jre/lib/ext/dnsns.jar:/Library/Java/JavaVirtualMachines/jdk1.8.0_112.jdk/Contents/Home/jre/lib/ext/jaccess.jar:/Library/Java/JavaVirtualMachines/jdk1.8.0_112.jdk/Contents/Home/jre/lib/ext/jfxrt.jar:/Library/Java/JavaVirtualMachines/jdk1.8.0_112.jdk/Contents/Home/jre/lib/ext/localedata.jar:/Library/Java/JavaVirtualMachines/jdk1.8.0_112.jdk/Contents/Home/jre/lib/ext/nashorn.jar:/Library/Java/JavaVirtualMachines/jdk1.8.0_112.jdk/Contents/Home/jre/lib/ext/sunec.jar:/Library/Java/JavaVirtualMachines/jdk1.8.0_112.jdk/Contents/Home/jre/lib/ext/sunjce_provider.jar:/Library/Java/JavaVirtualMachines/jdk1.8.0_112.jdk/Contents/Home/jre/lib/ext/sunpkcs11.jar:/Library/Java/JavaVirtualMachines/jdk1.8.0_112.jdk/Contents/Home/jre/lib/ext/zipfs.jar:/Library/Java/JavaVirtualMachines/jdk1.8.0_112.jdk/Contents/Home/jre/lib/javaws.jar:/Library/Java/JavaVirtualMachines/jdk1.8.0_112.jdk/Contents/Home/jre/lib/jce.jar:/Library/Java/JavaVirtualMachines/jdk1.8.0_112.jdk/Contents/Home/jre/lib/jfr.jar:/Library/Java/JavaVirtualMachines/jdk1.8.0_112.jdk/Contents/Home/jre/lib/jfxswt.jar:/Library/Java/JavaVirtualMachines/jdk1.8.0_112.jdk/Contents/Home/jre/lib/jsse.jar:/Library/Java/JavaVirtualMachines/jdk1.8.0_112.jdk/Contents/Home/jre/lib/management-agent.jar:/Library/Java/JavaVirtualMachines/jdk1.8.0_112.jdk/Contents/Home/jre/lib/plugin.jar:/Library/Java/JavaVirtualMachines/jdk1.8.0_112.jdk/Contents/Home/jre/lib/resources.jar:/Library/Java/JavaVirtualMachines/jdk1.8.0_112.jdk/Contents/Home/jre/lib/rt.jar:/Library/Java/JavaVirtualMachines/jdk1.8.0_112.jdk/Contents/Home/lib/ant-java
Launcher Type: SUN_STANDARD

Environment Variables:
JAVA_HOME=/Library/Java/JavaVirtualMachines/jdk1.8.0_112.jdk/Contents/Home
PATH=/Users/span/.rvm/gems/ruby-2.4.0/bin:/Users/span/.rvm/gems/ruby-2.4.0@global/bin:/Users/span/.rvm/rubies/ruby-2.4.0/bin:/usr/local/bin:/usr/local/bin:/usr/bin:/bin:/usr/sbin:/sbin:/usr/local/share/dotnet:/Users/span/.rvm/bin:/Applications/apache-ant-1.8.4/bin:/usr/local/share/npm/bin/:/Users/span/.rvm/bin
SHELL=/bin/bash

Signal Handlers:
SIGSEGV: [libjvm.dylib+0x5b11a5], sa_mask[0]=11111111011111110111111111111111, sa_flags=SA_ONSTACK|SA_RESTART|SA_SIGINFO
SIGBUS: [libjvm.dylib+0x5b11a5], sa_mask[0]=11111111011111110111111111111111, sa_flags=SA_RESTART|SA_SIGINFO
SIGFPE: [libjvm.dylib+0x487dc0], sa_mask[0]=11111111011111110111111111111111, sa_flags=SA_RESTART|SA_SIGINFO
SIGPIPE: [libjvm.dylib+0x487dc0], sa_mask[0]=11111111011111110111111111111111, sa_flags=SA_RESTART|SA_SIGINFO
SIGXFSZ: [libjvm.dylib+0x487dc0], sa_mask[0]=11111111011111110111111111111111, sa_flags=SA_RESTART|SA_SIGINFO
SIGILL: [libjvm.dylib+0x487dc0], sa_mask[0]=11111111011111110111111111111111, sa_flags=SA_RESTART|SA_SIGINFO
SIGUSR1: SIG_DFL, sa_mask[0]=00000000000000000000000000000000, sa_flags=none
SIGUSR2: [libjvm.dylib+0x4878de], sa_mask[0]=00100000000000000000000000000000, sa_flags=SA_RESTART|SA_SIGINFO
SIGHUP: [libjvm.dylib+0x485eb5], sa_mask[0]=11111111011111110111111111111111, sa_flags=SA_RESTART|SA_SIGINFO
SIGINT: [libjvm.dylib+0x485eb5], sa_mask[0]=11111111011111110111111111111111, sa_flags=SA_RESTART|SA_SIGINFO
SIGTERM: [libjvm.dylib+0x485eb5], sa_mask[0]=11111111011111110111111111111111, sa_flags=SA_RESTART|SA_SIGINFO
SIGQUIT: [libjvm.dylib+0x485eb5], sa_mask[0]=11111111011111110111111111111111, sa_flags=SA_RESTART|SA_SIGINFO


---------------  S Y S T E M  ---------------

OS:Bsduname:Darwin 16.7.0 Darwin Kernel Version 16.7.0: Thu Jun 15 17:36:27 PDT 2017; root:xnu-3789.70.16~2/RELEASE_X86_64 x86_64
rlimit: STACK 8192k, CORE 0k, NPROC 709, NOFILE 10240, AS infinity
load average:1.25 1.75 2.79

CPU:total 4 (2 cores per cpu, 2 threads per core) family 6 model 78 stepping 3, cmov, cx8, fxsr, mmx, sse, sse2, sse3, ssse3, sse4.1, sse4.2, popcnt, avx, avx2, aes, clmul, erms, rtm, 3dnowpref, lzcnt, ht, tsc, tscinvbit, bmi1, bmi2, adx

Memory: 4k page, physical 8388608k(26588k free)

/proc/meminfo:


vm_info: Java HotSpot(TM) 64-Bit Server VM (25.112-b16) for bsd-amd64 JRE (1.8.0_112-b16), built on Sep 30 2016 22:41:41 by "java_re" with gcc 4.2.1 (Based on Apple Inc. build 5658) (LLVM build 2336.11.00)

time: Mon Nov 13 20:58:00 2017
elapsed time: 79204 seconds (0d 22h 0m 4s)

