20:45:45,699  INFO FileBasedDataService:146 - Cleaning up work directory
20:45:45,715  INFO FileBasedDataService:136 - Service ID is 0
20:45:45,715  INFO FileBasedDataService:82 - Data loader loading C:\crs516\sourcecode\data\test.txt at Fri Jun 10 20:45:45 EDT 2016
20:45:45,777  INFO FileBasedDataService:387 - dataSize is now 1
20:45:45,777  INFO FileBasedDataService:343 - Reading block C:\crs516\sourcecode\work\0/0.db
20:45:45,777  INFO FileBasedDataService:90 - Data from C:\crs516\sourcecode\data\test.txt loaded
20:45:46,716  INFO FileBasedDataService:136 - Service ID is 1
20:45:46,716  INFO FileBasedDataService:136 - Service ID is 2
20:45:46,716  INFO FileBasedDataService:82 - Data loader loading C:\crs516\sourcecode\data\test.txt at Fri Jun 10 20:45:46 EDT 2016
20:45:46,716  INFO FileBasedDataService:387 - dataSize is now 1
20:45:46,716  INFO FileBasedDataService:343 - Reading block C:\crs516\sourcecode\work\2/0.db
20:45:46,716  INFO FileBasedDataService:90 - Data from C:\crs516\sourcecode\data\test.txt loaded
20:45:47,716  INFO FileBasedDataServiceTest:268 - Shutting down executor
20:45:47,716  INFO FileBasedDataService:136 - Service ID is 3
20:45:47,716  INFO FileBasedDataService:82 - Data loader loading C:\crs516\sourcecode\data\test.txt at Fri Jun 10 20:45:47 EDT 2016
20:45:47,716  INFO FileBasedDataService:387 - dataSize is now 1
20:45:47,716  INFO FileBasedDataService:343 - Reading block C:\crs516\sourcecode\work\3/0.db
20:45:47,716  INFO FileBasedDataService:90 - Data from C:\crs516\sourcecode\data\test.txt loaded
20:45:48,717  INFO FileBasedDataService:136 - Service ID is 4
20:45:48,717  INFO FileBasedDataService:136 - Service ID is 5
20:45:48,717  INFO FileBasedDataService:82 - Data loader loading C:\crs516\sourcecode\data\test.txt at Fri Jun 10 20:45:48 EDT 2016
20:45:48,717  INFO FileBasedDataService:387 - dataSize is now 1
20:45:48,717  INFO FileBasedDataService:343 - Reading block C:\crs516\sourcecode\work\5/0.db
20:45:48,717  INFO FileBasedDataService:90 - Data from C:\crs516\sourcecode\data\test.txt loaded
20:45:49,718  INFO FileBasedDataService:136 - Service ID is 6
20:45:49,718  INFO FileBasedDataService:82 - Data loader loading C:\crs516\sourcecode\data\OSDO5711.gz at Fri Jun 10 20:45:49 EDT 2016
20:45:49,828  INFO FileBasedDataService:387 - dataSize is now 72
20:45:49,828  INFO FileBasedDataService:343 - Reading block C:\crs516\sourcecode\work\6/0.db
20:45:49,828  INFO FileBasedDataService:90 - Data from C:\crs516\sourcecode\data\OSDO5711.gz loaded
20:45:50,719  INFO FileBasedDataServiceTest:268 - Shutting down executor
20:45:50,719  INFO FileBasedDataService:136 - Service ID is 7
20:45:50,719  INFO FileBasedDataService:82 - Data loader loading C:\crs516\sourcecode\data\test.txt at Fri Jun 10 20:45:50 EDT 2016
20:45:50,719  INFO FileBasedDataService:387 - dataSize is now 1
20:45:50,719  INFO FileBasedDataService:343 - Reading block C:\crs516\sourcecode\work\7/0.db
20:45:50,719  INFO FileBasedDataService:90 - Data from C:\crs516\sourcecode\data\test.txt loaded
20:45:51,829  INFO FileBasedDataService:136 - Service ID is 8
20:45:51,829  INFO FileBasedDataService:136 - Service ID is 9
20:45:51,829  INFO FileBasedDataService:82 - Data loader loading C:\crs516\sourcecode\data\test.txt at Fri Jun 10 20:45:51 EDT 2016
20:45:51,829  INFO FileBasedDataService:387 - dataSize is now 1
20:45:51,829  INFO FileBasedDataService:343 - Reading block C:\crs516\sourcecode\work\9/0.db
20:45:51,829  INFO FileBasedDataService:90 - Data from C:\crs516\sourcecode\data\test.txt loaded
20:45:52,830  INFO FileBasedDataServiceTest:268 - Shutting down executor
20:45:52,830  INFO FileBasedDataService:136 - Service ID is 10
20:45:52,830  INFO FileBasedDataService:82 - Data loader loading C:\crs516\sourcecode\data\test.txt at Fri Jun 10 20:45:52 EDT 2016
20:45:52,830  INFO FileBasedDataService:387 - dataSize is now 1
20:45:52,830  INFO FileBasedDataService:343 - Reading block C:\crs516\sourcecode\work\10/0.db
20:45:52,830  INFO FileBasedDataService:90 - Data from C:\crs516\sourcecode\data\test.txt loaded
20:45:53,831  INFO FileBasedDataService:136 - Service ID is 11
20:45:53,831  INFO FileBasedDataService:136 - Service ID is 12
20:45:53,831  INFO FileBasedDataService:82 - Data loader loading C:\crs516\sourcecode\data\test.txt at Fri Jun 10 20:45:53 EDT 2016
20:45:53,831  INFO FileBasedDataService:387 - dataSize is now 1
20:45:53,831  INFO FileBasedDataService:343 - Reading block C:\crs516\sourcecode\work\12/0.db
20:45:53,831  INFO FileBasedDataService:90 - Data from C:\crs516\sourcecode\data\test.txt loaded
20:45:54,832  INFO FileBasedDataServiceTest:268 - Shutting down executor
20:45:54,832  INFO FileBasedDataService:136 - Service ID is 13
20:45:54,832  INFO FileBasedDataService:82 - Data loader loading C:\crs516\sourcecode\data\test.txt at Fri Jun 10 20:45:54 EDT 2016
20:45:54,832  INFO FileBasedDataService:387 - dataSize is now 1
20:45:54,832  INFO FileBasedDataService:343 - Reading block C:\crs516\sourcecode\work\13/0.db
20:45:54,832  INFO FileBasedDataService:90 - Data from C:\crs516\sourcecode\data\test.txt loaded
20:45:55,833  INFO FileBasedDataService:136 - Service ID is 14
20:45:55,833  INFO FileBasedDataService:136 - Service ID is 15
20:45:55,833  INFO FileBasedDataService:82 - Data loader loading C:\crs516\sourcecode\data\OSDO5711.gz at Fri Jun 10 20:45:55 EDT 2016
20:45:55,903  INFO FileBasedDataService:387 - dataSize is now 72
20:45:55,903  INFO FileBasedDataService:343 - Reading block C:\crs516\sourcecode\work\15/0.db
20:45:55,903  INFO FileBasedDataService:90 - Data from C:\crs516\sourcecode\data\OSDO5711.gz loaded
20:45:56,841  INFO FileBasedDataServiceTest:268 - Shutting down executor
20:45:56,841  INFO FileBasedDataService:136 - Service ID is 16
20:45:56,841  INFO FileBasedDataService:82 - Data loader loading C:\crs516\sourcecode\data\test.txt at Fri Jun 10 20:45:56 EDT 2016
20:45:56,841  INFO FileBasedDataService:387 - dataSize is now 1
20:45:56,841  INFO FileBasedDataService:343 - Reading block C:\crs516\sourcecode\work\16/0.db
20:45:56,841  INFO FileBasedDataService:90 - Data from C:\crs516\sourcecode\data\test.txt loaded
20:45:57,842  INFO FileBasedDataService:136 - Service ID is 17
20:45:57,842  INFO FileBasedDataService:136 - Service ID is 18
20:45:57,842  INFO FileBasedDataService:82 - Data loader loading C:\crs516\sourcecode\data\test.txt at Fri Jun 10 20:45:57 EDT 2016
20:45:57,842  INFO FileBasedDataService:387 - dataSize is now 1
20:45:57,842  INFO FileBasedDataService:343 - Reading block C:\crs516\sourcecode\work\18/0.db
20:45:57,842  INFO FileBasedDataService:90 - Data from C:\crs516\sourcecode\data\test.txt loaded
20:45:58,843  INFO FileBasedDataServiceTest:268 - Shutting down executor
20:45:58,843  INFO FileBasedDataService:136 - Service ID is 19
20:45:58,843  INFO FileBasedDataService:82 - Data loader loading C:\crs516\sourcecode\data\test.txt at Fri Jun 10 20:45:58 EDT 2016
20:45:58,843  INFO FileBasedDataService:387 - dataSize is now 1
20:45:58,843  INFO FileBasedDataService:343 - Reading block C:\crs516\sourcecode\work\19/0.db
20:45:58,843  INFO FileBasedDataService:90 - Data from C:\crs516\sourcecode\data\test.txt loaded
20:45:59,844  INFO FileBasedDataService:136 - Service ID is 20
20:45:59,844  INFO FileBasedDataService:136 - Service ID is 21
20:45:59,844  INFO FileBasedDataService:82 - Data loader loading C:\crs516\sourcecode\data\test.txt at Fri Jun 10 20:45:59 EDT 2016
20:45:59,844  INFO FileBasedDataService:387 - dataSize is now 1
20:45:59,844  INFO FileBasedDataService:343 - Reading block C:\crs516\sourcecode\work\21/0.db
20:45:59,844  INFO FileBasedDataService:90 - Data from C:\crs516\sourcecode\data\test.txt loaded
20:46:00,845  INFO FileBasedDataServiceTest:268 - Shutting down executor
20:46:00,845  INFO FileBasedDataService:136 - Service ID is 22
20:46:00,845  INFO FileBasedDataService:82 - Data loader loading C:\crs516\sourcecode\data\test.txt at Fri Jun 10 20:46:00 EDT 2016
20:46:00,845  INFO FileBasedDataService:387 - dataSize is now 1
20:46:00,845  INFO FileBasedDataService:343 - Reading block C:\crs516\sourcecode\work\22/0.db
20:46:00,845  INFO FileBasedDataService:90 - Data from C:\crs516\sourcecode\data\test.txt loaded
20:46:01,846  INFO FileBasedDataService:136 - Service ID is 23
20:46:01,846  INFO FileBasedDataService:136 - Service ID is 24
20:46:01,846  INFO FileBasedDataService:82 - Data loader loading C:\crs516\sourcecode\data\OSDO5711.gz at Fri Jun 10 20:46:01 EDT 2016
20:46:01,846  INFO FileBasedDataService:387 - dataSize is now 72
20:46:01,846  INFO FileBasedDataService:343 - Reading block C:\crs516\sourcecode\work\24/0.db
20:46:01,846  INFO FileBasedDataService:90 - Data from C:\crs516\sourcecode\data\OSDO5711.gz loaded
20:46:02,847  INFO FileBasedDataServiceTest:268 - Shutting down executor
20:46:02,847  INFO FileBasedDataService:136 - Service ID is 25
20:46:02,847  INFO FileBasedDataService:82 - Data loader loading C:\crs516\sourcecode\data\test.txt at Fri Jun 10 20:46:02 EDT 2016
20:46:02,847  INFO FileBasedDataService:387 - dataSize is now 1
20:46:02,847  INFO FileBasedDataService:343 - Reading block C:\crs516\sourcecode\work\25/0.db
20:46:02,847  INFO FileBasedDataService:90 - Data from C:\crs516\sourcecode\data\test.txt loaded
20:46:03,848  INFO FileBasedDataService:136 - Service ID is 26
20:46:03,848  INFO FileBasedDataService:136 - Service ID is 27
20:46:03,848  INFO FileBasedDataService:82 - Data loader loading C:\crs516\sourcecode\data\test.txt at Fri Jun 10 20:46:03 EDT 2016
20:46:03,848  INFO FileBasedDataService:387 - dataSize is now 1
20:46:03,848  INFO FileBasedDataService:343 - Reading block C:\crs516\sourcecode\work\27/0.db
20:46:03,848  INFO FileBasedDataService:90 - Data from C:\crs516\sourcecode\data\test.txt loaded
20:46:04,849  INFO FileBasedDataServiceTest:268 - Shutting down executor
20:46:04,849  INFO FileBasedDataService:136 - Service ID is 28
20:46:04,849  INFO FileBasedDataService:82 - Data loader loading C:\crs516\sourcecode\data\test.txt at Fri Jun 10 20:46:04 EDT 2016
20:46:04,849  INFO FileBasedDataService:387 - dataSize is now 1
20:46:04,849  INFO FileBasedDataService:343 - Reading block C:\crs516\sourcecode\work\28/0.db
20:46:04,849  INFO FileBasedDataService:90 - Data from C:\crs516\sourcecode\data\test.txt loaded
20:46:05,850  INFO FileBasedDataService:136 - Service ID is 29
20:46:05,850  INFO FileBasedDataService:136 - Service ID is 30
20:46:05,850  INFO FileBasedDataService:82 - Data loader loading C:\crs516\sourcecode\data\test.txt at Fri Jun 10 20:46:05 EDT 2016
20:46:05,850  INFO FileBasedDataService:387 - dataSize is now 1
20:46:05,850  INFO FileBasedDataService:343 - Reading block C:\crs516\sourcecode\work\30/0.db
20:46:05,850  INFO FileBasedDataService:90 - Data from C:\crs516\sourcecode\data\test.txt loaded
20:46:06,851  INFO FileBasedDataServiceTest:268 - Shutting down executor
20:46:06,851  INFO FileBasedDataService:136 - Service ID is 31
20:46:06,851  INFO FileBasedDataService:82 - Data loader loading C:\crs516\sourcecode\data\test.txt at Fri Jun 10 20:46:06 EDT 2016
20:46:06,851  INFO FileBasedDataService:387 - dataSize is now 1
20:46:06,851  INFO FileBasedDataService:343 - Reading block C:\crs516\sourcecode\work\31/0.db
20:46:06,851  INFO FileBasedDataService:90 - Data from C:\crs516\sourcecode\data\test.txt loaded
20:46:07,852  INFO FileBasedDataService:136 - Service ID is 32
20:46:07,852  INFO FileBasedDataService:136 - Service ID is 33
20:46:07,852  INFO FileBasedDataService:82 - Data loader loading C:\crs516\sourcecode\data\test.txt at Fri Jun 10 20:46:07 EDT 2016
20:46:07,852  INFO FileBasedDataService:387 - dataSize is now 1
20:46:07,852  INFO FileBasedDataService:343 - Reading block C:\crs516\sourcecode\work\33/0.db
20:46:07,852  INFO FileBasedDataService:90 - Data from C:\crs516\sourcecode\data\test.txt loaded
20:46:08,853  INFO FileBasedDataServiceTest:268 - Shutting down executor
20:46:25,855  INFO FileBasedDataService:146 - Cleaning up work directory
20:46:25,871  INFO FileBasedDataService:136 - Service ID is 0
20:46:36,308  INFO WODController:155 - Loading C:\crs516\sourcecode\data\test.txt
20:46:36,794  INFO WODController:186 - About to read file test.txt
20:46:36,794  INFO FileBasedDataService:82 - Data loader loading C:\crs516\sourcecode\data\test.txt at Fri Jun 10 20:46:36 EDT 2016
20:46:36,794  INFO FileBasedDataService:387 - dataSize is now 1
20:46:36,794  INFO FileBasedDataService:343 - Reading block C:\crs516\sourcecode\work\0/0.db
20:46:36,794  INFO FileBasedDataService:90 - Data from C:\crs516\sourcecode\data\test.txt loaded
20:46:37,309  INFO WODController:193 - All stations from test.txt are loaded!
21:01:50,003  INFO FileBasedDataService:146 - Cleaning up work directory
21:01:50,003  INFO FileBasedDataService:136 - Service ID is 0
21:04:35,370  INFO FileBasedDataService:146 - Cleaning up work directory
21:04:35,370  INFO FileBasedDataService:136 - Service ID is 0
21:04:44,511  INFO WODController:155 - Loading C:\crs516\sourcecode\data\test.txt
21:04:45,310  INFO WODController:186 - About to read file test.txt
21:04:45,310  INFO FileBasedDataService:82 - Data loader loading C:\crs516\sourcecode\data\test.txt at Fri Jun 10 21:04:45 EDT 2016
21:04:45,310  INFO FileBasedDataService:387 - dataSize is now 1
21:04:45,310  INFO FileBasedDataService:343 - Reading block C:\crs516\sourcecode\work\0/0.db
21:04:45,310  INFO FileBasedDataService:90 - Data from C:\crs516\sourcecode\data\test.txt loaded
21:04:45,763  INFO WODController:193 - All stations from test.txt are loaded!
21:05:08,299  INFO FileBasedDataService:146 - Cleaning up work directory
21:05:08,299  INFO FileBasedDataService:136 - Service ID is 0
21:05:16,596  INFO WODController:155 - Loading C:\crs516\sourcecode\data\test.txt
21:05:17,238  INFO WODController:186 - About to read file test.txt
21:05:17,238  INFO FileBasedDataService:82 - Data loader loading C:\crs516\sourcecode\data\test.txt at Fri Jun 10 21:05:17 EDT 2016
21:05:17,238  INFO FileBasedDataService:387 - dataSize is now 1
21:05:17,238  INFO FileBasedDataService:343 - Reading block C:\crs516\sourcecode\work\0/0.db
21:05:17,238  INFO FileBasedDataService:90 - Data from C:\crs516\sourcecode\data\test.txt loaded
21:05:17,800  INFO WODController:193 - All stations from test.txt are loaded!
21:05:46,274  INFO FileBasedDataService:146 - Cleaning up work directory
21:05:46,274  INFO FileBasedDataService:136 - Service ID is 0
21:05:54,649  INFO WODController:155 - Loading C:\crs516\sourcecode\data\test.txt
21:05:55,229  INFO WODController:186 - About to read file test.txt
21:05:55,229  INFO FileBasedDataService:82 - Data loader loading C:\crs516\sourcecode\data\test.txt at Fri Jun 10 21:05:55 EDT 2016
21:05:55,229  INFO FileBasedDataService:387 - dataSize is now 1
21:05:55,229  INFO FileBasedDataService:343 - Reading block C:\crs516\sourcecode\work\0/0.db
21:05:55,229  INFO FileBasedDataService:90 - Data from C:\crs516\sourcecode\data\test.txt loaded
21:05:55,651  INFO WODController:193 - All stations from test.txt are loaded!
21:40:55,960  INFO FileBasedDataService:146 - Cleaning up work directory
21:40:55,960  INFO FileBasedDataService:136 - Service ID is 0
21:41:04,710  INFO WODController:155 - Loading C:\crs516\sourcecode\data\test.txt
21:41:04,899  INFO WODController:186 - About to read file test.txt
21:41:04,899  INFO FileBasedDataService:82 - Data loader loading C:\crs516\sourcecode\data\test.txt at Fri Jun 10 21:41:04 EDT 2016
21:41:04,899  INFO FileBasedDataService:387 - dataSize is now 1
21:41:04,899  INFO FileBasedDataService:343 - Reading block C:\crs516\sourcecode\work\0/0.db
21:41:04,899  INFO FileBasedDataService:90 - Data from C:\crs516\sourcecode\data\test.txt loaded
21:41:05,368  INFO WODController:193 - All stations from test.txt are loaded!
22:01:04,886  INFO FileBasedDataService:146 - Cleaning up work directory
22:01:04,886  INFO FileBasedDataService:136 - Service ID is 0
22:01:12,465  INFO WODController:155 - Loading C:\crs516\sourcecode\data\test.txt
22:01:12,825  INFO WODController:186 - About to read file test.txt
22:01:12,825  INFO FileBasedDataService:82 - Data loader loading C:\crs516\sourcecode\data\test.txt at Fri Jun 10 22:01:12 EDT 2016
22:01:12,825  INFO FileBasedDataService:387 - dataSize is now 1
22:01:12,825  INFO FileBasedDataService:343 - Reading block C:\crs516\sourcecode\work\0/0.db
22:01:12,825  INFO FileBasedDataService:90 - Data from C:\crs516\sourcecode\data\test.txt loaded
22:01:13,434  INFO WODController:193 - All stations from test.txt are loaded!
22:17:29,371  INFO FileBasedDataService:146 - Cleaning up work directory
22:17:29,371  INFO FileBasedDataService:136 - Service ID is 0
22:17:35,746  INFO WODController:155 - Loading C:\crs516\sourcecode\data\test.txt
22:17:36,309  INFO WODController:186 - About to read file test.txt
22:17:36,309  INFO FileBasedDataService:82 - Data loader loading C:\crs516\sourcecode\data\test.txt at Fri Jun 10 22:17:36 EDT 2016
22:17:36,309  INFO FileBasedDataService:387 - dataSize is now 1
22:17:36,309  INFO FileBasedDataService:343 - Reading block C:\crs516\sourcecode\work\0/0.db
22:17:36,309  INFO FileBasedDataService:90 - Data from C:\crs516\sourcecode\data\test.txt loaded
22:17:36,778  INFO WODController:193 - All stations from test.txt are loaded!
17:41:07,671  INFO FileBasedDataService:146 - Cleaning up work directory
17:41:07,686  INFO FileBasedDataService:136 - Service ID is 0
17:41:07,702  INFO FileBasedDataService:82 - Data loader loading C:\crs516\sourcecode\data\test.txt at Sat Jun 11 17:41:07 EDT 2016
17:41:07,702  INFO FileBasedDataService:387 - dataSize is now 1
17:41:07,702  INFO FileBasedDataService:343 - Reading block C:\crs516\sourcecode\work\0/0.db
17:41:07,702  INFO FileBasedDataService:90 - Data from C:\crs516\sourcecode\data\test.txt loaded
17:41:08,686  INFO FileBasedDataService:136 - Service ID is 1
17:41:08,686  INFO FileBasedDataService:136 - Service ID is 2
17:41:08,686  INFO FileBasedDataService:82 - Data loader loading C:\crs516\sourcecode\data\test.txt at Sat Jun 11 17:41:08 EDT 2016
17:41:08,686  INFO FileBasedDataService:387 - dataSize is now 1
17:41:08,686  INFO FileBasedDataService:343 - Reading block C:\crs516\sourcecode\work\2/0.db
17:41:08,686  INFO FileBasedDataService:90 - Data from C:\crs516\sourcecode\data\test.txt loaded
17:41:09,687  INFO FileBasedDataServiceTest:268 - Shutting down executor
17:41:09,687  INFO FileBasedDataService:136 - Service ID is 3
17:41:09,687  INFO FileBasedDataService:82 - Data loader loading C:\crs516\sourcecode\data\test.txt at Sat Jun 11 17:41:09 EDT 2016
17:41:09,687  INFO FileBasedDataService:387 - dataSize is now 1
17:41:09,687  INFO FileBasedDataService:343 - Reading block C:\crs516\sourcecode\work\3/0.db
17:41:09,687  INFO FileBasedDataService:90 - Data from C:\crs516\sourcecode\data\test.txt loaded
17:41:10,688  INFO FileBasedDataService:136 - Service ID is 4
17:41:10,688  INFO FileBasedDataService:136 - Service ID is 5
17:41:10,688  INFO FileBasedDataService:82 - Data loader loading C:\crs516\sourcecode\data\test.txt at Sat Jun 11 17:41:10 EDT 2016
17:41:10,688  INFO FileBasedDataService:387 - dataSize is now 1
17:41:10,688  INFO FileBasedDataService:343 - Reading block C:\crs516\sourcecode\work\5/0.db
17:41:10,688  INFO FileBasedDataService:90 - Data from C:\crs516\sourcecode\data\test.txt loaded
17:41:11,689  INFO FileBasedDataService:136 - Service ID is 6
17:41:11,689  INFO FileBasedDataService:82 - Data loader loading C:\crs516\sourcecode\data\OSDO5711.gz at Sat Jun 11 17:41:11 EDT 2016
17:41:11,721  INFO FileBasedDataService:387 - dataSize is now 72
17:41:11,721  INFO FileBasedDataService:343 - Reading block C:\crs516\sourcecode\work\6/0.db
17:41:11,721  INFO FileBasedDataService:90 - Data from C:\crs516\sourcecode\data\OSDO5711.gz loaded
17:41:12,690  INFO FileBasedDataServiceTest:268 - Shutting down executor
17:41:12,690  INFO FileBasedDataService:136 - Service ID is 7
17:41:12,690  INFO FileBasedDataService:82 - Data loader loading C:\crs516\sourcecode\data\test.txt at Sat Jun 11 17:41:12 EDT 2016
17:41:12,690  INFO FileBasedDataService:387 - dataSize is now 1
17:41:12,690  INFO FileBasedDataService:343 - Reading block C:\crs516\sourcecode\work\7/0.db
17:41:12,690  INFO FileBasedDataService:90 - Data from C:\crs516\sourcecode\data\test.txt loaded
17:41:13,691  INFO FileBasedDataService:136 - Service ID is 8
17:41:13,691  INFO FileBasedDataService:136 - Service ID is 9
17:41:13,691  INFO FileBasedDataService:82 - Data loader loading C:\crs516\sourcecode\data\test.txt at Sat Jun 11 17:41:13 EDT 2016
17:41:13,691  INFO FileBasedDataService:387 - dataSize is now 1
17:41:13,691  INFO FileBasedDataService:343 - Reading block C:\crs516\sourcecode\work\9/0.db
17:41:13,691  INFO FileBasedDataService:90 - Data from C:\crs516\sourcecode\data\test.txt loaded
17:41:14,692  INFO FileBasedDataServiceTest:268 - Shutting down executor
17:41:14,708  INFO FileBasedDataService:136 - Service ID is 10
17:41:14,708  INFO FileBasedDataService:82 - Data loader loading C:\crs516\sourcecode\data\test.txt at Sat Jun 11 17:41:14 EDT 2016
17:41:14,708  INFO FileBasedDataService:387 - dataSize is now 1
17:41:14,708  INFO FileBasedDataService:343 - Reading block C:\crs516\sourcecode\work\10/0.db
17:41:14,708  INFO FileBasedDataService:90 - Data from C:\crs516\sourcecode\data\test.txt loaded
17:41:15,709  INFO FileBasedDataService:136 - Service ID is 11
17:41:15,709  INFO FileBasedDataService:136 - Service ID is 12
17:41:15,709  INFO FileBasedDataService:82 - Data loader loading C:\crs516\sourcecode\data\test.txt at Sat Jun 11 17:41:15 EDT 2016
17:41:15,709  INFO FileBasedDataService:387 - dataSize is now 1
17:41:15,709  INFO FileBasedDataService:343 - Reading block C:\crs516\sourcecode\work\12/0.db
17:41:15,709  INFO FileBasedDataService:90 - Data from C:\crs516\sourcecode\data\test.txt loaded
17:41:16,710  INFO FileBasedDataServiceTest:268 - Shutting down executor
17:41:16,710  INFO FileBasedDataService:136 - Service ID is 13
17:41:16,710  INFO FileBasedDataService:82 - Data loader loading C:\crs516\sourcecode\data\test.txt at Sat Jun 11 17:41:16 EDT 2016
17:41:16,710  INFO FileBasedDataService:387 - dataSize is now 1
17:41:16,710  INFO FileBasedDataService:343 - Reading block C:\crs516\sourcecode\work\13/0.db
17:41:16,710  INFO FileBasedDataService:90 - Data from C:\crs516\sourcecode\data\test.txt loaded
17:41:17,711  INFO FileBasedDataService:136 - Service ID is 14
17:41:17,711  INFO FileBasedDataService:136 - Service ID is 15
17:41:17,711  INFO FileBasedDataService:82 - Data loader loading C:\crs516\sourcecode\data\OSDO5711.gz at Sat Jun 11 17:41:17 EDT 2016
17:41:17,711  INFO FileBasedDataService:387 - dataSize is now 72
17:41:17,711  INFO FileBasedDataService:343 - Reading block C:\crs516\sourcecode\work\15/0.db
17:41:17,711  INFO FileBasedDataService:90 - Data from C:\crs516\sourcecode\data\OSDO5711.gz loaded
17:41:18,711  INFO FileBasedDataServiceTest:268 - Shutting down executor
17:41:18,711  INFO FileBasedDataService:136 - Service ID is 16
17:41:18,711  INFO FileBasedDataService:82 - Data loader loading C:\crs516\sourcecode\data\test.txt at Sat Jun 11 17:41:18 EDT 2016
17:41:18,711  INFO FileBasedDataService:387 - dataSize is now 1
17:41:18,711  INFO FileBasedDataService:343 - Reading block C:\crs516\sourcecode\work\16/0.db
17:41:18,711  INFO FileBasedDataService:90 - Data from C:\crs516\sourcecode\data\test.txt loaded
17:41:19,711  INFO FileBasedDataService:136 - Service ID is 17
17:41:19,711  INFO FileBasedDataService:136 - Service ID is 18
17:41:19,711  INFO FileBasedDataService:82 - Data loader loading C:\crs516\sourcecode\data\test.txt at Sat Jun 11 17:41:19 EDT 2016
17:41:19,711  INFO FileBasedDataService:387 - dataSize is now 1
17:41:19,711  INFO FileBasedDataService:343 - Reading block C:\crs516\sourcecode\work\18/0.db
17:41:19,711  INFO FileBasedDataService:90 - Data from C:\crs516\sourcecode\data\test.txt loaded
17:41:20,712  INFO FileBasedDataServiceTest:268 - Shutting down executor
17:41:20,712  INFO FileBasedDataService:136 - Service ID is 19
17:41:20,712  INFO FileBasedDataService:82 - Data loader loading C:\crs516\sourcecode\data\test.txt at Sat Jun 11 17:41:20 EDT 2016
17:41:20,712  INFO FileBasedDataService:387 - dataSize is now 1
17:41:20,712  INFO FileBasedDataService:343 - Reading block C:\crs516\sourcecode\work\19/0.db
17:41:20,712  INFO FileBasedDataService:90 - Data from C:\crs516\sourcecode\data\test.txt loaded
17:41:21,713  INFO FileBasedDataService:136 - Service ID is 20
17:41:21,713  INFO FileBasedDataService:136 - Service ID is 21
17:41:21,713  INFO FileBasedDataService:82 - Data loader loading C:\crs516\sourcecode\data\test.txt at Sat Jun 11 17:41:21 EDT 2016
17:41:21,713  INFO FileBasedDataService:387 - dataSize is now 1
17:41:21,713  INFO FileBasedDataService:343 - Reading block C:\crs516\sourcecode\work\21/0.db
17:41:21,713  INFO FileBasedDataService:90 - Data from C:\crs516\sourcecode\data\test.txt loaded
17:41:22,714  INFO FileBasedDataServiceTest:268 - Shutting down executor
17:41:22,714  INFO FileBasedDataService:136 - Service ID is 22
17:41:22,714  INFO FileBasedDataService:82 - Data loader loading C:\crs516\sourcecode\data\test.txt at Sat Jun 11 17:41:22 EDT 2016
17:41:22,714  INFO FileBasedDataService:387 - dataSize is now 1
17:41:22,714  INFO FileBasedDataService:343 - Reading block C:\crs516\sourcecode\work\22/0.db
17:41:22,714  INFO FileBasedDataService:90 - Data from C:\crs516\sourcecode\data\test.txt loaded
17:41:23,715  INFO FileBasedDataService:136 - Service ID is 23
17:41:23,715  INFO FileBasedDataService:136 - Service ID is 24
17:41:23,715  INFO FileBasedDataService:82 - Data loader loading C:\crs516\sourcecode\data\OSDO5711.gz at Sat Jun 11 17:41:23 EDT 2016
17:41:23,715  INFO FileBasedDataService:387 - dataSize is now 72
17:41:23,715  INFO FileBasedDataService:343 - Reading block C:\crs516\sourcecode\work\24/0.db
17:41:23,715  INFO FileBasedDataService:90 - Data from C:\crs516\sourcecode\data\OSDO5711.gz loaded
17:41:24,716  INFO FileBasedDataServiceTest:268 - Shutting down executor
17:41:24,716  INFO FileBasedDataService:136 - Service ID is 25
17:41:24,716  INFO FileBasedDataService:82 - Data loader loading C:\crs516\sourcecode\data\test.txt at Sat Jun 11 17:41:24 EDT 2016
17:41:24,716  INFO FileBasedDataService:387 - dataSize is now 1
17:41:24,716  INFO FileBasedDataService:343 - Reading block C:\crs516\sourcecode\work\25/0.db
17:41:24,716  INFO FileBasedDataService:90 - Data from C:\crs516\sourcecode\data\test.txt loaded
17:41:25,717  INFO FileBasedDataService:136 - Service ID is 26
17:41:25,717  INFO FileBasedDataService:136 - Service ID is 27
17:41:25,717  INFO FileBasedDataService:82 - Data loader loading C:\crs516\sourcecode\data\test.txt at Sat Jun 11 17:41:25 EDT 2016
17:41:25,717  INFO FileBasedDataService:387 - dataSize is now 1
17:41:25,717  INFO FileBasedDataService:343 - Reading block C:\crs516\sourcecode\work\27/0.db
17:41:25,717  INFO FileBasedDataService:90 - Data from C:\crs516\sourcecode\data\test.txt loaded
17:41:26,718  INFO FileBasedDataServiceTest:268 - Shutting down executor
17:41:26,734  INFO FileBasedDataService:136 - Service ID is 28
17:41:26,734  INFO FileBasedDataService:82 - Data loader loading C:\crs516\sourcecode\data\test.txt at Sat Jun 11 17:41:26 EDT 2016
17:41:26,734  INFO FileBasedDataService:387 - dataSize is now 1
17:41:26,734  INFO FileBasedDataService:343 - Reading block C:\crs516\sourcecode\work\28/0.db
17:41:26,734  INFO FileBasedDataService:90 - Data from C:\crs516\sourcecode\data\test.txt loaded
17:41:27,735  INFO FileBasedDataService:136 - Service ID is 29
17:41:27,735  INFO FileBasedDataService:136 - Service ID is 30
17:41:27,735  INFO FileBasedDataService:82 - Data loader loading C:\crs516\sourcecode\data\test.txt at Sat Jun 11 17:41:27 EDT 2016
17:41:27,735  INFO FileBasedDataService:387 - dataSize is now 1
17:41:27,735  INFO FileBasedDataService:343 - Reading block C:\crs516\sourcecode\work\30/0.db
17:41:27,735  INFO FileBasedDataService:90 - Data from C:\crs516\sourcecode\data\test.txt loaded
17:41:28,751  INFO FileBasedDataServiceTest:268 - Shutting down executor
17:41:28,768  INFO FileBasedDataService:136 - Service ID is 31
17:41:28,768  INFO FileBasedDataService:82 - Data loader loading C:\crs516\sourcecode\data\test.txt at Sat Jun 11 17:41:28 EDT 2016
17:41:28,768  INFO FileBasedDataService:387 - dataSize is now 1
17:41:28,768  INFO FileBasedDataService:343 - Reading block C:\crs516\sourcecode\work\31/0.db
17:41:28,768  INFO FileBasedDataService:90 - Data from C:\crs516\sourcecode\data\test.txt loaded
17:41:29,768  INFO FileBasedDataService:136 - Service ID is 32
17:41:29,768  INFO FileBasedDataService:136 - Service ID is 33
17:41:29,768  INFO FileBasedDataService:82 - Data loader loading C:\crs516\sourcecode\data\test.txt at Sat Jun 11 17:41:29 EDT 2016
17:41:29,768  INFO FileBasedDataService:387 - dataSize is now 1
17:41:29,768  INFO FileBasedDataService:343 - Reading block C:\crs516\sourcecode\work\33/0.db
17:41:29,768  INFO FileBasedDataService:90 - Data from C:\crs516\sourcecode\data\test.txt loaded
17:41:30,769  INFO FileBasedDataServiceTest:268 - Shutting down executor
