10:26:39,463  INFO TaskEngineStarter:58 - RMI registry ready.
10:26:39,543  INFO TaskEngineImpl:40 - Task engine is registered in rmiRegistry
10:27:59,944  INFO Client:28 - engine located 
10:27:59,959  INFO Client:43 - commandImpl created 
10:27:59,959  INFO Client:49 - command submitted to task engine
11:27:20,709  INFO TaskEngineImpl:50 - Task engine says bye!.
14:37:47,290  INFO Client:28 - engine located 
14:37:47,290  INFO Client:45 - commandImpl created 
14:37:47,290  INFO Client:51 - command submitted to task engine
10:42:00,426  INFO TaskEngineStarter:60 - RMI registry ready.
10:42:00,536  INFO TaskEngineImpl:40 - Task engine is registered in rmiRegistry
10:42:06,787  INFO Client:28 - engine located 
10:42:06,787  INFO Client:45 - commandImpl created 
10:42:06,787  INFO Client:51 - command submitted to task engine
10:52:19,902  INFO Client:28 - engine located 
10:52:19,917  INFO Client:47 - commandImpl created 
10:52:19,933  INFO Client:53 - command submitted to task engine
10:54:59,549  INFO Client:28 - engine located 
10:54:59,752  INFO Client:39 - commandImpl created 
10:54:59,845  INFO Client:45 - command submitted to task engine
10:55:24,102  INFO Client:28 - engine located 
10:55:24,148  INFO Client:39 - commandImpl created 
10:55:24,164  INFO Client:45 - command submitted to task engine
13:51:41,564  INFO TaskEngineImpl:50 - Task engine says bye!.
10:42:08,928  INFO TaskEngineStarter:60 - RMI registry ready.
10:42:09,003  INFO TaskEngineImpl:40 - Task engine is registered in rmiRegistry
10:42:14,369  INFO Client:28 - engine located 
10:42:14,376  INFO Client:51 - commandImpl created 
10:42:14,391  INFO Client:58 - command submitted to task engine
10:42:19,094  INFO TaskEngineImpl:50 - Task engine says bye!.
04:18:25,078 ERROR TaskEngineStarter:64 - Failed to start engine because there is another taskengine running on that port
04:18:29,708  INFO TaskEngineStarter:97 - Registry is already closed
04:18:29,708  INFO TaskEngineStarter:99 - Registry is closed
04:18:43,213  INFO TaskEngineStarter:60 - RMI registry ready.
04:18:43,277  INFO TaskEngineImpl:40 - Task engine is registered in rmiRegistry
04:18:49,293  INFO Client:34 - engine located 
04:18:49,309  INFO Client:51 - commandImpl created 
04:18:49,324  INFO CommandBytesInProfileImpl:19 - run() called 
04:18:49,324  INFO FileBasedDataService:146 - Cleaning up work directory
04:18:49,342  INFO FileBasedDataService:136 - Service ID is 0
04:18:49,342  INFO FileBasedDataService:82 - Data loader loading C:\crs516\sourcecode\data\OSDO5711.gz at Sat May 16 04:18:49 EDT 2015
04:18:49,358  INFO FileBasedDataService:387 - dataSize is now 72
04:18:49,358  INFO FileBasedDataService:343 - Reading block C:\crs516\sourcecode\work\0/0.db
04:18:49,358  INFO FileBasedDataService:90 - Data from C:\crs516\sourcecode\data\OSDO5711.gz loaded
04:18:50,507  INFO CommandCountryImpl:19 - run() called 
04:18:50,507  INFO FileBasedDataService:136 - Service ID is 1
04:18:50,507  INFO FileBasedDataService:82 - Data loader loading C:\crs516\sourcecode\data\OSDO5711.gz at Sat May 16 04:18:50 EDT 2015
04:18:50,507  INFO FileBasedDataService:387 - dataSize is now 72
04:18:50,507  INFO FileBasedDataService:343 - Reading block C:\crs516\sourcecode\work\1/0.db
04:18:50,507  INFO FileBasedDataService:90 - Data from C:\crs516\sourcecode\data\OSDO5711.gz loaded
04:18:51,507  INFO CommandCruiseNumberImpl:19 - run() called 
04:18:51,524  INFO FileBasedDataService:136 - Service ID is 2
04:18:51,524  INFO FileBasedDataService:82 - Data loader loading C:\crs516\sourcecode\data\OSDO5711.gz at Sat May 16 04:18:51 EDT 2015
04:18:51,524  INFO FileBasedDataService:387 - dataSize is now 72
04:18:51,524  INFO FileBasedDataService:343 - Reading block C:\crs516\sourcecode\work\2/0.db
04:18:51,524  INFO FileBasedDataService:90 - Data from C:\crs516\sourcecode\data\OSDO5711.gz loaded
04:18:52,524  INFO Client:54 - command submitted to task engine
04:31:44,241  INFO FileBasedDataService:146 - Cleaning up work directory
04:31:44,256  INFO FileBasedDataService:136 - Service ID is 0
04:31:44,272  INFO FileBasedDataService:82 - Data loader loading C:\crs516\sourcecode\data\test.txt at Sat May 16 04:31:44 EDT 2015
04:31:44,272  INFO FileBasedDataService:387 - dataSize is now 1
04:31:44,272  INFO FileBasedDataService:343 - Reading block C:\crs516\sourcecode\work\0/0.db
04:31:44,272  INFO FileBasedDataService:90 - Data from C:\crs516\sourcecode\data\test.txt loaded
04:31:45,256  INFO FileBasedDataService:136 - Service ID is 1
04:31:45,256  INFO FileBasedDataService:136 - Service ID is 2
04:31:45,256  INFO FileBasedDataService:82 - Data loader loading C:\crs516\sourcecode\data\test.txt at Sat May 16 04:31:45 EDT 2015
04:31:45,256  INFO FileBasedDataService:387 - dataSize is now 1
04:31:45,256  INFO FileBasedDataService:343 - Reading block C:\crs516\sourcecode\work\2/0.db
04:31:45,256  INFO FileBasedDataService:90 - Data from C:\crs516\sourcecode\data\test.txt loaded
04:31:46,257  INFO FileBasedDataServiceTest:268 - Shutting down executor
04:31:46,257  INFO FileBasedDataService:136 - Service ID is 3
04:31:46,257  INFO FileBasedDataService:82 - Data loader loading C:\crs516\sourcecode\data\test.txt at Sat May 16 04:31:46 EDT 2015
04:31:46,257  INFO FileBasedDataService:387 - dataSize is now 1
04:31:46,257  INFO FileBasedDataService:343 - Reading block C:\crs516\sourcecode\work\3/0.db
04:31:46,257  INFO FileBasedDataService:90 - Data from C:\crs516\sourcecode\data\test.txt loaded
04:31:47,258  INFO FileBasedDataService:136 - Service ID is 4
04:31:47,258  INFO FileBasedDataService:136 - Service ID is 5
04:31:47,258  INFO FileBasedDataService:82 - Data loader loading C:\crs516\sourcecode\data\test.txt at Sat May 16 04:31:47 EDT 2015
04:31:47,258  INFO FileBasedDataService:387 - dataSize is now 1
04:31:47,258  INFO FileBasedDataService:343 - Reading block C:\crs516\sourcecode\work\5/0.db
04:31:47,258  INFO FileBasedDataService:90 - Data from C:\crs516\sourcecode\data\test.txt loaded
04:31:48,259  INFO FileBasedDataService:136 - Service ID is 6
04:31:48,259  INFO FileBasedDataService:82 - Data loader loading C:\crs516\sourcecode\data\OSDO5711.gz at Sat May 16 04:31:48 EDT 2015
04:31:48,259  INFO FileBasedDataService:387 - dataSize is now 72
04:31:48,259  INFO FileBasedDataService:343 - Reading block C:\crs516\sourcecode\work\6/0.db
04:31:48,259  INFO FileBasedDataService:90 - Data from C:\crs516\sourcecode\data\OSDO5711.gz loaded
04:31:49,260  INFO FileBasedDataServiceTest:268 - Shutting down executor
04:31:49,260  INFO FileBasedDataService:136 - Service ID is 7
04:31:49,260  INFO FileBasedDataService:82 - Data loader loading C:\crs516\sourcecode\data\test.txt at Sat May 16 04:31:49 EDT 2015
04:31:49,260  INFO FileBasedDataService:387 - dataSize is now 1
04:31:49,260  INFO FileBasedDataService:343 - Reading block C:\crs516\sourcecode\work\7/0.db
04:31:49,260  INFO FileBasedDataService:90 - Data from C:\crs516\sourcecode\data\test.txt loaded
04:31:50,261  INFO FileBasedDataService:136 - Service ID is 8
04:31:50,261  INFO FileBasedDataService:136 - Service ID is 9
04:31:50,261  INFO FileBasedDataService:82 - Data loader loading C:\crs516\sourcecode\data\test.txt at Sat May 16 04:31:50 EDT 2015
04:31:50,261  INFO FileBasedDataService:387 - dataSize is now 1
04:31:50,261  INFO FileBasedDataService:343 - Reading block C:\crs516\sourcecode\work\9/0.db
04:31:50,261  INFO FileBasedDataService:90 - Data from C:\crs516\sourcecode\data\test.txt loaded
04:31:51,262  INFO FileBasedDataServiceTest:268 - Shutting down executor
04:31:51,262  INFO FileBasedDataService:136 - Service ID is 10
04:31:51,262  INFO FileBasedDataService:82 - Data loader loading C:\crs516\sourcecode\data\test.txt at Sat May 16 04:31:51 EDT 2015
04:31:51,262  INFO FileBasedDataService:387 - dataSize is now 1
04:31:51,262  INFO FileBasedDataService:343 - Reading block C:\crs516\sourcecode\work\10/0.db
04:31:51,262  INFO FileBasedDataService:90 - Data from C:\crs516\sourcecode\data\test.txt loaded
04:31:52,263  INFO FileBasedDataService:136 - Service ID is 11
04:31:52,263  INFO FileBasedDataService:136 - Service ID is 12
04:31:52,263  INFO FileBasedDataService:82 - Data loader loading C:\crs516\sourcecode\data\test.txt at Sat May 16 04:31:52 EDT 2015
04:31:52,263  INFO FileBasedDataService:387 - dataSize is now 1
04:31:52,263  INFO FileBasedDataService:343 - Reading block C:\crs516\sourcecode\work\12/0.db
04:31:52,263  INFO FileBasedDataService:90 - Data from C:\crs516\sourcecode\data\test.txt loaded
04:31:53,264  INFO FileBasedDataServiceTest:268 - Shutting down executor
04:31:53,264  INFO FileBasedDataService:136 - Service ID is 13
04:31:53,264  INFO FileBasedDataService:82 - Data loader loading C:\crs516\sourcecode\data\test.txt at Sat May 16 04:31:53 EDT 2015
04:31:53,264  INFO FileBasedDataService:387 - dataSize is now 1
04:31:53,264  INFO FileBasedDataService:343 - Reading block C:\crs516\sourcecode\work\13/0.db
04:31:53,264  INFO FileBasedDataService:90 - Data from C:\crs516\sourcecode\data\test.txt loaded
04:31:54,265  INFO FileBasedDataService:136 - Service ID is 14
04:31:54,265  INFO FileBasedDataService:136 - Service ID is 15
04:31:54,265  INFO FileBasedDataService:82 - Data loader loading C:\crs516\sourcecode\data\OSDO5711.gz at Sat May 16 04:31:54 EDT 2015
04:31:54,265  INFO FileBasedDataService:387 - dataSize is now 72
04:31:54,265  INFO FileBasedDataService:343 - Reading block C:\crs516\sourcecode\work\15/0.db
04:31:54,265  INFO FileBasedDataService:90 - Data from C:\crs516\sourcecode\data\OSDO5711.gz loaded
04:31:55,266  INFO FileBasedDataServiceTest:268 - Shutting down executor
04:31:55,266  INFO FileBasedDataService:136 - Service ID is 16
04:31:55,266  INFO FileBasedDataService:82 - Data loader loading C:\crs516\sourcecode\data\test.txt at Sat May 16 04:31:55 EDT 2015
04:31:55,266  INFO FileBasedDataService:387 - dataSize is now 1
04:31:55,266  INFO FileBasedDataService:343 - Reading block C:\crs516\sourcecode\work\16/0.db
04:31:55,266  INFO FileBasedDataService:90 - Data from C:\crs516\sourcecode\data\test.txt loaded
04:31:56,267  INFO FileBasedDataService:136 - Service ID is 17
04:31:56,267  INFO FileBasedDataService:136 - Service ID is 18
04:31:56,267  INFO FileBasedDataService:82 - Data loader loading C:\crs516\sourcecode\data\test.txt at Sat May 16 04:31:56 EDT 2015
04:31:56,267  INFO FileBasedDataService:387 - dataSize is now 1
04:31:56,267  INFO FileBasedDataService:343 - Reading block C:\crs516\sourcecode\work\18/0.db
04:31:56,267  INFO FileBasedDataService:90 - Data from C:\crs516\sourcecode\data\test.txt loaded
04:31:57,268  INFO FileBasedDataServiceTest:268 - Shutting down executor
04:31:57,268  INFO FileBasedDataService:136 - Service ID is 19
04:31:57,268  INFO FileBasedDataService:82 - Data loader loading C:\crs516\sourcecode\data\test.txt at Sat May 16 04:31:57 EDT 2015
04:31:57,268  INFO FileBasedDataService:387 - dataSize is now 1
04:31:57,268  INFO FileBasedDataService:343 - Reading block C:\crs516\sourcecode\work\19/0.db
04:31:57,268  INFO FileBasedDataService:90 - Data from C:\crs516\sourcecode\data\test.txt loaded
04:31:58,270  INFO FileBasedDataService:136 - Service ID is 20
04:31:58,270  INFO FileBasedDataService:136 - Service ID is 21
04:31:58,270  INFO FileBasedDataService:82 - Data loader loading C:\crs516\sourcecode\data\test.txt at Sat May 16 04:31:58 EDT 2015
04:31:58,270  INFO FileBasedDataService:387 - dataSize is now 1
04:31:58,270  INFO FileBasedDataService:343 - Reading block C:\crs516\sourcecode\work\21/0.db
04:31:58,270  INFO FileBasedDataService:90 - Data from C:\crs516\sourcecode\data\test.txt loaded
04:31:59,271  INFO FileBasedDataServiceTest:268 - Shutting down executor
04:31:59,271  INFO FileBasedDataService:136 - Service ID is 22
04:31:59,271  INFO FileBasedDataService:82 - Data loader loading C:\crs516\sourcecode\data\test.txt at Sat May 16 04:31:59 EDT 2015
04:31:59,271  INFO FileBasedDataService:387 - dataSize is now 1
04:31:59,271  INFO FileBasedDataService:343 - Reading block C:\crs516\sourcecode\work\22/0.db
04:31:59,271  INFO FileBasedDataService:90 - Data from C:\crs516\sourcecode\data\test.txt loaded
04:32:00,272  INFO FileBasedDataService:136 - Service ID is 23
04:32:00,272  INFO FileBasedDataService:136 - Service ID is 24
04:32:00,272  INFO FileBasedDataService:82 - Data loader loading C:\crs516\sourcecode\data\OSDO5711.gz at Sat May 16 04:32:00 EDT 2015
04:32:00,272  INFO FileBasedDataService:387 - dataSize is now 72
04:32:00,272  INFO FileBasedDataService:343 - Reading block C:\crs516\sourcecode\work\24/0.db
04:32:00,272  INFO FileBasedDataService:90 - Data from C:\crs516\sourcecode\data\OSDO5711.gz loaded
04:32:01,273  INFO FileBasedDataServiceTest:268 - Shutting down executor
04:32:01,273  INFO FileBasedDataService:136 - Service ID is 25
04:32:01,273  INFO FileBasedDataService:82 - Data loader loading C:\crs516\sourcecode\data\test.txt at Sat May 16 04:32:01 EDT 2015
04:32:01,273  INFO FileBasedDataService:387 - dataSize is now 1
04:32:01,273  INFO FileBasedDataService:343 - Reading block C:\crs516\sourcecode\work\25/0.db
04:32:01,273  INFO FileBasedDataService:90 - Data from C:\crs516\sourcecode\data\test.txt loaded
04:32:02,274  INFO FileBasedDataService:136 - Service ID is 26
04:32:02,274  INFO FileBasedDataService:136 - Service ID is 27
04:32:02,274  INFO FileBasedDataService:82 - Data loader loading C:\crs516\sourcecode\data\test.txt at Sat May 16 04:32:02 EDT 2015
04:32:02,274  INFO FileBasedDataService:387 - dataSize is now 1
04:32:02,274  INFO FileBasedDataService:343 - Reading block C:\crs516\sourcecode\work\27/0.db
04:32:02,274  INFO FileBasedDataService:90 - Data from C:\crs516\sourcecode\data\test.txt loaded
04:32:03,275  INFO FileBasedDataServiceTest:268 - Shutting down executor
04:32:03,275  INFO FileBasedDataService:136 - Service ID is 28
04:32:03,275  INFO FileBasedDataService:82 - Data loader loading C:\crs516\sourcecode\data\test.txt at Sat May 16 04:32:03 EDT 2015
04:32:03,275  INFO FileBasedDataService:387 - dataSize is now 1
04:32:03,275  INFO FileBasedDataService:343 - Reading block C:\crs516\sourcecode\work\28/0.db
04:32:03,275  INFO FileBasedDataService:90 - Data from C:\crs516\sourcecode\data\test.txt loaded
04:32:04,276  INFO FileBasedDataService:136 - Service ID is 29
04:32:04,276  INFO FileBasedDataService:136 - Service ID is 30
04:32:04,276  INFO FileBasedDataService:82 - Data loader loading C:\crs516\sourcecode\data\test.txt at Sat May 16 04:32:04 EDT 2015
04:32:04,276  INFO FileBasedDataService:387 - dataSize is now 1
04:32:04,276  INFO FileBasedDataService:343 - Reading block C:\crs516\sourcecode\work\30/0.db
04:32:04,276  INFO FileBasedDataService:90 - Data from C:\crs516\sourcecode\data\test.txt loaded
04:32:05,277  INFO FileBasedDataServiceTest:268 - Shutting down executor
04:32:05,277  INFO FileBasedDataService:136 - Service ID is 31
04:32:05,277  INFO FileBasedDataService:82 - Data loader loading C:\crs516\sourcecode\data\test.txt at Sat May 16 04:32:05 EDT 2015
04:32:05,277  INFO FileBasedDataService:387 - dataSize is now 1
04:32:05,277  INFO FileBasedDataService:343 - Reading block C:\crs516\sourcecode\work\31/0.db
04:32:05,277  INFO FileBasedDataService:90 - Data from C:\crs516\sourcecode\data\test.txt loaded
04:32:06,278  INFO FileBasedDataService:136 - Service ID is 32
04:32:06,278  INFO FileBasedDataService:136 - Service ID is 33
04:32:06,278  INFO FileBasedDataService:82 - Data loader loading C:\crs516\sourcecode\data\test.txt at Sat May 16 04:32:06 EDT 2015
04:32:06,278  INFO FileBasedDataService:387 - dataSize is now 1
04:32:06,278  INFO FileBasedDataService:343 - Reading block C:\crs516\sourcecode\work\33/0.db
04:32:06,278  INFO FileBasedDataService:90 - Data from C:\crs516\sourcecode\data\test.txt loaded
04:32:07,279  INFO FileBasedDataServiceTest:268 - Shutting down executor
04:32:07,336 ERROR TaskEngineImpl:36 - Failed to start RMI registry. Perhaps you have another task engine one running
java.rmi.server.ExportException: Port already in use: 1099; nested exception is: 
	java.net.BindException: Address already in use: JVM_Bind
	at sun.rmi.transport.tcp.TCPTransport.listen(TCPTransport.java:330)
	at sun.rmi.transport.tcp.TCPTransport.exportObject(TCPTransport.java:238)
	at sun.rmi.transport.tcp.TCPEndpoint.exportObject(TCPEndpoint.java:411)
	at sun.rmi.transport.LiveRef.exportObject(LiveRef.java:147)
	at sun.rmi.server.UnicastServerRef.exportObject(UnicastServerRef.java:208)
	at sun.rmi.registry.RegistryImpl.setup(RegistryImpl.java:152)
	at sun.rmi.registry.RegistryImpl.<init>(RegistryImpl.java:137)
	at java.rmi.registry.LocateRegistry.createRegistry(LocateRegistry.java:203)
	at com.ltree.crs516.taskengine.TaskEngineImplTest.oneTimeInitialization(TaskEngineImplTest.java:33)
	at sun.reflect.NativeMethodAccessorImpl.invoke0(Native Method)
	at sun.reflect.NativeMethodAccessorImpl.invoke(NativeMethodAccessorImpl.java:62)
	at sun.reflect.DelegatingMethodAccessorImpl.invoke(DelegatingMethodAccessorImpl.java:43)
	at java.lang.reflect.Method.invoke(Method.java:483)
	at org.junit.runners.model.FrameworkMethod$1.runReflectiveCall(FrameworkMethod.java:47)
	at org.junit.internal.runners.model.ReflectiveCallable.run(ReflectiveCallable.java:12)
	at org.junit.runners.model.FrameworkMethod.invokeExplosively(FrameworkMethod.java:44)
	at org.junit.internal.runners.statements.RunBefores.evaluate(RunBefores.java:24)
	at org.junit.internal.runners.statements.RunAfters.evaluate(RunAfters.java:27)
	at org.junit.runners.ParentRunner.run(ParentRunner.java:309)
	at org.eclipse.jdt.internal.junit4.runner.JUnit4TestReference.run(JUnit4TestReference.java:50)
	at org.eclipse.jdt.internal.junit.runner.TestExecution.run(TestExecution.java:38)
	at org.eclipse.jdt.internal.junit.runner.RemoteTestRunner.runTests(RemoteTestRunner.java:459)
	at org.eclipse.jdt.internal.junit.runner.RemoteTestRunner.runTests(RemoteTestRunner.java:675)
	at org.eclipse.jdt.internal.junit.runner.RemoteTestRunner.run(RemoteTestRunner.java:382)
	at org.eclipse.jdt.internal.junit.runner.RemoteTestRunner.main(RemoteTestRunner.java:192)
Caused by: java.net.BindException: Address already in use: JVM_Bind
	at java.net.DualStackPlainSocketImpl.bind0(Native Method)
	at java.net.DualStackPlainSocketImpl.socketBind(DualStackPlainSocketImpl.java:106)
	at java.net.AbstractPlainSocketImpl.bind(AbstractPlainSocketImpl.java:382)
	at java.net.PlainSocketImpl.bind(PlainSocketImpl.java:190)
	at java.net.ServerSocket.bind(ServerSocket.java:375)
	at java.net.ServerSocket.<init>(ServerSocket.java:237)
	at java.net.ServerSocket.<init>(ServerSocket.java:128)
	at sun.rmi.transport.proxy.RMIDirectSocketFactory.createServerSocket(RMIDirectSocketFactory.java:45)
	at sun.rmi.transport.proxy.RMIMasterSocketFactory.createServerSocket(RMIMasterSocketFactory.java:345)
	at sun.rmi.transport.tcp.TCPEndpoint.newServerSocket(TCPEndpoint.java:666)
	at sun.rmi.transport.tcp.TCPTransport.listen(TCPTransport.java:319)
	... 24 more
04:32:07,415  INFO TaskEngineImpl:40 - Task engine is registered in rmiRegistry
04:32:09,540 ERROR TaskEngineImpl:88 - Registry was already null. If you got this far you must be using another one that was already running.Probably another task engine.
04:32:25,918  INFO TaskEngineImpl:50 - Task engine says bye!.
04:32:29,108  INFO FileBasedDataService:146 - Cleaning up work directory
04:32:29,124  INFO FileBasedDataService:136 - Service ID is 0
04:32:29,139  INFO FileBasedDataService:82 - Data loader loading C:\crs516\sourcecode\data\test.txt at Sat May 16 04:32:29 EDT 2015
04:32:29,139  INFO FileBasedDataService:387 - dataSize is now 1
04:32:29,139  INFO FileBasedDataService:343 - Reading block C:\crs516\sourcecode\work\0/0.db
04:32:29,139  INFO FileBasedDataService:90 - Data from C:\crs516\sourcecode\data\test.txt loaded
04:32:30,139  INFO FileBasedDataService:136 - Service ID is 1
04:32:30,233  INFO FileBasedDataService:136 - Service ID is 2
04:32:30,233  INFO FileBasedDataService:82 - Data loader loading C:\crs516\sourcecode\data\test.txt at Sat May 16 04:32:30 EDT 2015
04:32:30,233  INFO FileBasedDataService:387 - dataSize is now 1
04:32:30,233  INFO FileBasedDataService:343 - Reading block C:\crs516\sourcecode\work\2/0.db
04:32:30,233  INFO FileBasedDataService:90 - Data from C:\crs516\sourcecode\data\test.txt loaded
04:32:31,234  INFO FileBasedDataServiceTest:268 - Shutting down executor
04:32:31,234  INFO FileBasedDataService:136 - Service ID is 3
04:32:31,234  INFO FileBasedDataService:82 - Data loader loading C:\crs516\sourcecode\data\test.txt at Sat May 16 04:32:31 EDT 2015
04:32:31,234  INFO FileBasedDataService:387 - dataSize is now 1
04:32:31,234  INFO FileBasedDataService:343 - Reading block C:\crs516\sourcecode\work\3/0.db
04:32:31,234  INFO FileBasedDataService:90 - Data from C:\crs516\sourcecode\data\test.txt loaded
04:32:32,235  INFO FileBasedDataService:136 - Service ID is 4
04:32:32,235  INFO FileBasedDataService:136 - Service ID is 5
04:32:32,235  INFO FileBasedDataService:82 - Data loader loading C:\crs516\sourcecode\data\test.txt at Sat May 16 04:32:32 EDT 2015
04:32:32,235  INFO FileBasedDataService:387 - dataSize is now 1
04:32:32,235  INFO FileBasedDataService:343 - Reading block C:\crs516\sourcecode\work\5/0.db
04:32:32,235  INFO FileBasedDataService:90 - Data from C:\crs516\sourcecode\data\test.txt loaded
04:32:33,236  INFO FileBasedDataService:136 - Service ID is 6
04:32:33,236  INFO FileBasedDataService:82 - Data loader loading C:\crs516\sourcecode\data\OSDO5711.gz at Sat May 16 04:32:33 EDT 2015
04:32:33,236  INFO FileBasedDataService:387 - dataSize is now 72
04:32:33,236  INFO FileBasedDataService:343 - Reading block C:\crs516\sourcecode\work\6/0.db
04:32:33,236  INFO FileBasedDataService:90 - Data from C:\crs516\sourcecode\data\OSDO5711.gz loaded
04:32:34,240  INFO FileBasedDataServiceTest:268 - Shutting down executor
04:32:34,240  INFO FileBasedDataService:136 - Service ID is 7
04:32:34,240  INFO FileBasedDataService:82 - Data loader loading C:\crs516\sourcecode\data\test.txt at Sat May 16 04:32:34 EDT 2015
04:32:34,240  INFO FileBasedDataService:387 - dataSize is now 1
04:32:34,240  INFO FileBasedDataService:343 - Reading block C:\crs516\sourcecode\work\7/0.db
04:32:34,240  INFO FileBasedDataService:90 - Data from C:\crs516\sourcecode\data\test.txt loaded
04:32:35,241  INFO FileBasedDataService:136 - Service ID is 8
04:32:35,241  INFO FileBasedDataService:136 - Service ID is 9
04:32:35,241  INFO FileBasedDataService:82 - Data loader loading C:\crs516\sourcecode\data\test.txt at Sat May 16 04:32:35 EDT 2015
04:32:35,241  INFO FileBasedDataService:387 - dataSize is now 1
04:32:35,241  INFO FileBasedDataService:343 - Reading block C:\crs516\sourcecode\work\9/0.db
04:32:35,241  INFO FileBasedDataService:90 - Data from C:\crs516\sourcecode\data\test.txt loaded
04:32:36,242  INFO FileBasedDataServiceTest:268 - Shutting down executor
04:32:36,242  INFO FileBasedDataService:136 - Service ID is 10
04:32:36,242  INFO FileBasedDataService:82 - Data loader loading C:\crs516\sourcecode\data\test.txt at Sat May 16 04:32:36 EDT 2015
04:32:36,242  INFO FileBasedDataService:387 - dataSize is now 1
04:32:36,242  INFO FileBasedDataService:343 - Reading block C:\crs516\sourcecode\work\10/0.db
04:32:36,242  INFO FileBasedDataService:90 - Data from C:\crs516\sourcecode\data\test.txt loaded
04:32:37,243  INFO FileBasedDataService:136 - Service ID is 11
04:32:37,243  INFO FileBasedDataService:136 - Service ID is 12
04:32:37,243  INFO FileBasedDataService:82 - Data loader loading C:\crs516\sourcecode\data\test.txt at Sat May 16 04:32:37 EDT 2015
04:32:37,243  INFO FileBasedDataService:387 - dataSize is now 1
04:32:37,243  INFO FileBasedDataService:343 - Reading block C:\crs516\sourcecode\work\12/0.db
04:32:37,243  INFO FileBasedDataService:90 - Data from C:\crs516\sourcecode\data\test.txt loaded
04:32:38,244  INFO FileBasedDataServiceTest:268 - Shutting down executor
04:32:38,244  INFO FileBasedDataService:136 - Service ID is 13
04:32:38,244  INFO FileBasedDataService:82 - Data loader loading C:\crs516\sourcecode\data\test.txt at Sat May 16 04:32:38 EDT 2015
04:32:38,244  INFO FileBasedDataService:387 - dataSize is now 1
04:32:38,244  INFO FileBasedDataService:343 - Reading block C:\crs516\sourcecode\work\13/0.db
04:32:38,244  INFO FileBasedDataService:90 - Data from C:\crs516\sourcecode\data\test.txt loaded
04:32:39,245  INFO FileBasedDataService:136 - Service ID is 14
04:32:39,245  INFO FileBasedDataService:136 - Service ID is 15
04:32:39,245  INFO FileBasedDataService:82 - Data loader loading C:\crs516\sourcecode\data\OSDO5711.gz at Sat May 16 04:32:39 EDT 2015
04:32:39,245  INFO FileBasedDataService:387 - dataSize is now 72
04:32:39,245  INFO FileBasedDataService:343 - Reading block C:\crs516\sourcecode\work\15/0.db
04:32:39,245  INFO FileBasedDataService:90 - Data from C:\crs516\sourcecode\data\OSDO5711.gz loaded
04:32:40,247  INFO FileBasedDataServiceTest:268 - Shutting down executor
04:32:40,247  INFO FileBasedDataService:136 - Service ID is 16
04:32:40,247  INFO FileBasedDataService:82 - Data loader loading C:\crs516\sourcecode\data\test.txt at Sat May 16 04:32:40 EDT 2015
04:32:40,247  INFO FileBasedDataService:387 - dataSize is now 1
04:32:40,247  INFO FileBasedDataService:343 - Reading block C:\crs516\sourcecode\work\16/0.db
04:32:40,247  INFO FileBasedDataService:90 - Data from C:\crs516\sourcecode\data\test.txt loaded
04:32:41,248  INFO FileBasedDataService:136 - Service ID is 17
04:32:41,248  INFO FileBasedDataService:136 - Service ID is 18
04:32:41,248  INFO FileBasedDataService:82 - Data loader loading C:\crs516\sourcecode\data\test.txt at Sat May 16 04:32:41 EDT 2015
04:32:41,248  INFO FileBasedDataService:387 - dataSize is now 1
04:32:41,248  INFO FileBasedDataService:343 - Reading block C:\crs516\sourcecode\work\18/0.db
04:32:41,248  INFO FileBasedDataService:90 - Data from C:\crs516\sourcecode\data\test.txt loaded
04:32:42,249  INFO FileBasedDataServiceTest:268 - Shutting down executor
04:32:42,249  INFO FileBasedDataService:136 - Service ID is 19
04:32:42,249  INFO FileBasedDataService:82 - Data loader loading C:\crs516\sourcecode\data\test.txt at Sat May 16 04:32:42 EDT 2015
04:32:42,249  INFO FileBasedDataService:387 - dataSize is now 1
04:32:42,249  INFO FileBasedDataService:343 - Reading block C:\crs516\sourcecode\work\19/0.db
04:32:42,249  INFO FileBasedDataService:90 - Data from C:\crs516\sourcecode\data\test.txt loaded
04:32:43,250  INFO FileBasedDataService:136 - Service ID is 20
04:32:43,250  INFO FileBasedDataService:136 - Service ID is 21
04:32:43,250  INFO FileBasedDataService:82 - Data loader loading C:\crs516\sourcecode\data\test.txt at Sat May 16 04:32:43 EDT 2015
04:32:43,250  INFO FileBasedDataService:387 - dataSize is now 1
04:32:43,250  INFO FileBasedDataService:343 - Reading block C:\crs516\sourcecode\work\21/0.db
04:32:43,250  INFO FileBasedDataService:90 - Data from C:\crs516\sourcecode\data\test.txt loaded
04:32:44,251  INFO FileBasedDataServiceTest:268 - Shutting down executor
04:32:44,251  INFO FileBasedDataService:136 - Service ID is 22
04:32:44,251  INFO FileBasedDataService:82 - Data loader loading C:\crs516\sourcecode\data\test.txt at Sat May 16 04:32:44 EDT 2015
04:32:44,251  INFO FileBasedDataService:387 - dataSize is now 1
04:32:44,251  INFO FileBasedDataService:343 - Reading block C:\crs516\sourcecode\work\22/0.db
04:32:44,251  INFO FileBasedDataService:90 - Data from C:\crs516\sourcecode\data\test.txt loaded
04:32:45,252  INFO FileBasedDataService:136 - Service ID is 23
04:32:45,252  INFO FileBasedDataService:136 - Service ID is 24
04:32:45,252  INFO FileBasedDataService:82 - Data loader loading C:\crs516\sourcecode\data\OSDO5711.gz at Sat May 16 04:32:45 EDT 2015
04:32:45,252  INFO FileBasedDataService:387 - dataSize is now 72
04:32:45,252  INFO FileBasedDataService:343 - Reading block C:\crs516\sourcecode\work\24/0.db
04:32:45,252  INFO FileBasedDataService:90 - Data from C:\crs516\sourcecode\data\OSDO5711.gz loaded
04:32:46,253  INFO FileBasedDataServiceTest:268 - Shutting down executor
04:32:46,253  INFO FileBasedDataService:136 - Service ID is 25
04:32:46,253  INFO FileBasedDataService:82 - Data loader loading C:\crs516\sourcecode\data\test.txt at Sat May 16 04:32:46 EDT 2015
04:32:46,253  INFO FileBasedDataService:387 - dataSize is now 1
04:32:46,253  INFO FileBasedDataService:343 - Reading block C:\crs516\sourcecode\work\25/0.db
04:32:46,253  INFO FileBasedDataService:90 - Data from C:\crs516\sourcecode\data\test.txt loaded
04:32:47,254  INFO FileBasedDataService:136 - Service ID is 26
04:32:47,254  INFO FileBasedDataService:136 - Service ID is 27
04:32:47,254  INFO FileBasedDataService:82 - Data loader loading C:\crs516\sourcecode\data\test.txt at Sat May 16 04:32:47 EDT 2015
04:32:47,254  INFO FileBasedDataService:387 - dataSize is now 1
04:32:47,254  INFO FileBasedDataService:343 - Reading block C:\crs516\sourcecode\work\27/0.db
04:32:47,254  INFO FileBasedDataService:90 - Data from C:\crs516\sourcecode\data\test.txt loaded
04:32:48,255  INFO FileBasedDataServiceTest:268 - Shutting down executor
04:32:48,255  INFO FileBasedDataService:136 - Service ID is 28
04:32:48,255  INFO FileBasedDataService:82 - Data loader loading C:\crs516\sourcecode\data\test.txt at Sat May 16 04:32:48 EDT 2015
04:32:48,255  INFO FileBasedDataService:387 - dataSize is now 1
04:32:48,255  INFO FileBasedDataService:343 - Reading block C:\crs516\sourcecode\work\28/0.db
04:32:48,255  INFO FileBasedDataService:90 - Data from C:\crs516\sourcecode\data\test.txt loaded
04:32:49,256  INFO FileBasedDataService:136 - Service ID is 29
04:32:49,256  INFO FileBasedDataService:136 - Service ID is 30
04:32:49,256  INFO FileBasedDataService:82 - Data loader loading C:\crs516\sourcecode\data\test.txt at Sat May 16 04:32:49 EDT 2015
04:32:49,256  INFO FileBasedDataService:387 - dataSize is now 1
04:32:49,256  INFO FileBasedDataService:343 - Reading block C:\crs516\sourcecode\work\30/0.db
04:32:49,256  INFO FileBasedDataService:90 - Data from C:\crs516\sourcecode\data\test.txt loaded
04:32:50,257  INFO FileBasedDataServiceTest:268 - Shutting down executor
04:32:50,257  INFO FileBasedDataService:136 - Service ID is 31
04:32:50,257  INFO FileBasedDataService:82 - Data loader loading C:\crs516\sourcecode\data\test.txt at Sat May 16 04:32:50 EDT 2015
04:32:50,257  INFO FileBasedDataService:387 - dataSize is now 1
04:32:50,257  INFO FileBasedDataService:343 - Reading block C:\crs516\sourcecode\work\31/0.db
04:32:50,257  INFO FileBasedDataService:90 - Data from C:\crs516\sourcecode\data\test.txt loaded
04:32:51,258  INFO FileBasedDataService:136 - Service ID is 32
04:32:51,258  INFO FileBasedDataService:136 - Service ID is 33
04:32:51,258  INFO FileBasedDataService:82 - Data loader loading C:\crs516\sourcecode\data\test.txt at Sat May 16 04:32:51 EDT 2015
04:32:51,258  INFO FileBasedDataService:387 - dataSize is now 1
04:32:51,258  INFO FileBasedDataService:343 - Reading block C:\crs516\sourcecode\work\33/0.db
04:32:51,258  INFO FileBasedDataService:90 - Data from C:\crs516\sourcecode\data\test.txt loaded
04:32:52,259  INFO FileBasedDataServiceTest:268 - Shutting down executor
04:32:52,315  INFO TaskEngineImpl:34 - RMI registry ready.
04:32:52,393  INFO TaskEngineImpl:40 - Task engine is registered in rmiRegistry
04:32:54,518  INFO TaskEngineImpl:84 - Registry is finally closed.
04:55:38,002  INFO FileBasedDataService:146 - Cleaning up work directory
04:55:38,017  INFO FileBasedDataService:136 - Service ID is 0
04:55:38,033  INFO FileBasedDataService:82 - Data loader loading C:\crs516\sourcecode\data\test.txt at Sat May 16 04:55:38 EDT 2015
04:55:38,033  INFO FileBasedDataService:387 - dataSize is now 1
04:55:38,033  INFO FileBasedDataService:343 - Reading block C:\crs516\sourcecode\work\0/0.db
04:55:38,033  INFO FileBasedDataService:90 - Data from C:\crs516\sourcecode\data\test.txt loaded
04:55:39,033  INFO FileBasedDataService:136 - Service ID is 1
04:55:39,033  INFO FileBasedDataService:136 - Service ID is 2
04:55:39,033  INFO FileBasedDataService:82 - Data loader loading C:\crs516\sourcecode\data\test.txt at Sat May 16 04:55:39 EDT 2015
04:55:39,033  INFO FileBasedDataService:387 - dataSize is now 1
04:55:39,033  INFO FileBasedDataService:343 - Reading block C:\crs516\sourcecode\work\2/0.db
04:55:39,033  INFO FileBasedDataService:90 - Data from C:\crs516\sourcecode\data\test.txt loaded
04:55:40,035  INFO FileBasedDataServiceTest:268 - Shutting down executor
04:55:40,035  INFO FileBasedDataService:136 - Service ID is 3
04:55:40,035  INFO FileBasedDataService:82 - Data loader loading C:\crs516\sourcecode\data\test.txt at Sat May 16 04:55:40 EDT 2015
04:55:40,035  INFO FileBasedDataService:387 - dataSize is now 1
04:55:40,035  INFO FileBasedDataService:343 - Reading block C:\crs516\sourcecode\work\3/0.db
04:55:40,035  INFO FileBasedDataService:90 - Data from C:\crs516\sourcecode\data\test.txt loaded
04:55:41,036  INFO FileBasedDataService:136 - Service ID is 4
04:55:41,036  INFO FileBasedDataService:136 - Service ID is 5
04:55:41,036  INFO FileBasedDataService:82 - Data loader loading C:\crs516\sourcecode\data\test.txt at Sat May 16 04:55:41 EDT 2015
04:55:41,036  INFO FileBasedDataService:387 - dataSize is now 1
04:55:41,036  INFO FileBasedDataService:343 - Reading block C:\crs516\sourcecode\work\5/0.db
04:55:41,036  INFO FileBasedDataService:90 - Data from C:\crs516\sourcecode\data\test.txt loaded
04:55:42,037  INFO FileBasedDataService:136 - Service ID is 6
04:55:42,037  INFO FileBasedDataService:82 - Data loader loading C:\crs516\sourcecode\data\OSDO5711.gz at Sat May 16 04:55:42 EDT 2015
04:55:42,037  INFO FileBasedDataService:387 - dataSize is now 72
04:55:42,037  INFO FileBasedDataService:343 - Reading block C:\crs516\sourcecode\work\6/0.db
04:55:42,037  INFO FileBasedDataService:90 - Data from C:\crs516\sourcecode\data\OSDO5711.gz loaded
04:55:43,038  INFO FileBasedDataServiceTest:268 - Shutting down executor
04:55:43,038  INFO FileBasedDataService:136 - Service ID is 7
04:55:43,038  INFO FileBasedDataService:82 - Data loader loading C:\crs516\sourcecode\data\test.txt at Sat May 16 04:55:43 EDT 2015
04:55:43,038  INFO FileBasedDataService:387 - dataSize is now 1
04:55:43,038  INFO FileBasedDataService:343 - Reading block C:\crs516\sourcecode\work\7/0.db
04:55:43,038  INFO FileBasedDataService:90 - Data from C:\crs516\sourcecode\data\test.txt loaded
04:55:44,039  INFO FileBasedDataService:136 - Service ID is 8
04:55:44,039  INFO FileBasedDataService:136 - Service ID is 9
04:55:44,039  INFO FileBasedDataService:82 - Data loader loading C:\crs516\sourcecode\data\test.txt at Sat May 16 04:55:44 EDT 2015
04:55:44,039  INFO FileBasedDataService:387 - dataSize is now 1
04:55:44,039  INFO FileBasedDataService:343 - Reading block C:\crs516\sourcecode\work\9/0.db
04:55:44,039  INFO FileBasedDataService:90 - Data from C:\crs516\sourcecode\data\test.txt loaded
04:55:45,040  INFO FileBasedDataServiceTest:268 - Shutting down executor
04:55:45,040  INFO FileBasedDataService:136 - Service ID is 10
04:55:45,040  INFO FileBasedDataService:82 - Data loader loading C:\crs516\sourcecode\data\test.txt at Sat May 16 04:55:45 EDT 2015
04:55:45,040  INFO FileBasedDataService:387 - dataSize is now 1
04:55:45,040  INFO FileBasedDataService:343 - Reading block C:\crs516\sourcecode\work\10/0.db
04:55:45,040  INFO FileBasedDataService:90 - Data from C:\crs516\sourcecode\data\test.txt loaded
04:55:46,040  INFO FileBasedDataService:136 - Service ID is 11
04:55:46,040  INFO FileBasedDataService:136 - Service ID is 12
04:55:46,040  INFO FileBasedDataService:82 - Data loader loading C:\crs516\sourcecode\data\test.txt at Sat May 16 04:55:46 EDT 2015
04:55:46,040  INFO FileBasedDataService:387 - dataSize is now 1
04:55:46,040  INFO FileBasedDataService:343 - Reading block C:\crs516\sourcecode\work\12/0.db
04:55:46,040  INFO FileBasedDataService:90 - Data from C:\crs516\sourcecode\data\test.txt loaded
04:55:47,040  INFO FileBasedDataServiceTest:268 - Shutting down executor
04:55:47,040  INFO FileBasedDataService:136 - Service ID is 13
04:55:47,040  INFO FileBasedDataService:82 - Data loader loading C:\crs516\sourcecode\data\test.txt at Sat May 16 04:55:47 EDT 2015
04:55:47,040  INFO FileBasedDataService:387 - dataSize is now 1
04:55:47,040  INFO FileBasedDataService:343 - Reading block C:\crs516\sourcecode\work\13/0.db
04:55:47,040  INFO FileBasedDataService:90 - Data from C:\crs516\sourcecode\data\test.txt loaded
04:55:48,041  INFO FileBasedDataService:136 - Service ID is 14
04:55:48,041  INFO FileBasedDataService:136 - Service ID is 15
04:55:48,041  INFO FileBasedDataService:82 - Data loader loading C:\crs516\sourcecode\data\OSDO5711.gz at Sat May 16 04:55:48 EDT 2015
04:55:48,041  INFO FileBasedDataService:387 - dataSize is now 72
04:55:48,041  INFO FileBasedDataService:343 - Reading block C:\crs516\sourcecode\work\15/0.db
04:55:48,041  INFO FileBasedDataService:90 - Data from C:\crs516\sourcecode\data\OSDO5711.gz loaded
04:55:49,042  INFO FileBasedDataServiceTest:268 - Shutting down executor
04:55:49,042  INFO FileBasedDataService:136 - Service ID is 16
04:55:49,042  INFO FileBasedDataService:82 - Data loader loading C:\crs516\sourcecode\data\test.txt at Sat May 16 04:55:49 EDT 2015
04:55:49,042  INFO FileBasedDataService:387 - dataSize is now 1
04:55:49,042  INFO FileBasedDataService:343 - Reading block C:\crs516\sourcecode\work\16/0.db
04:55:49,042  INFO FileBasedDataService:90 - Data from C:\crs516\sourcecode\data\test.txt loaded
04:55:50,043  INFO FileBasedDataService:136 - Service ID is 17
04:55:50,043  INFO FileBasedDataService:136 - Service ID is 18
04:55:50,043  INFO FileBasedDataService:82 - Data loader loading C:\crs516\sourcecode\data\test.txt at Sat May 16 04:55:50 EDT 2015
04:55:50,043  INFO FileBasedDataService:387 - dataSize is now 1
04:55:50,043  INFO FileBasedDataService:343 - Reading block C:\crs516\sourcecode\work\18/0.db
04:55:50,043  INFO FileBasedDataService:90 - Data from C:\crs516\sourcecode\data\test.txt loaded
04:55:51,044  INFO FileBasedDataServiceTest:268 - Shutting down executor
04:55:51,044  INFO FileBasedDataService:136 - Service ID is 19
04:55:51,044  INFO FileBasedDataService:82 - Data loader loading C:\crs516\sourcecode\data\test.txt at Sat May 16 04:55:51 EDT 2015
04:55:51,044  INFO FileBasedDataService:387 - dataSize is now 1
04:55:51,044  INFO FileBasedDataService:343 - Reading block C:\crs516\sourcecode\work\19/0.db
04:55:51,044  INFO FileBasedDataService:90 - Data from C:\crs516\sourcecode\data\test.txt loaded
04:55:52,045  INFO FileBasedDataService:136 - Service ID is 20
04:55:52,045  INFO FileBasedDataService:136 - Service ID is 21
04:55:52,045  INFO FileBasedDataService:82 - Data loader loading C:\crs516\sourcecode\data\test.txt at Sat May 16 04:55:52 EDT 2015
04:55:52,045  INFO FileBasedDataService:387 - dataSize is now 1
04:55:52,045  INFO FileBasedDataService:343 - Reading block C:\crs516\sourcecode\work\21/0.db
04:55:52,045  INFO FileBasedDataService:90 - Data from C:\crs516\sourcecode\data\test.txt loaded
04:55:53,046  INFO FileBasedDataServiceTest:268 - Shutting down executor
04:55:53,046  INFO FileBasedDataService:136 - Service ID is 22
04:55:53,046  INFO FileBasedDataService:82 - Data loader loading C:\crs516\sourcecode\data\test.txt at Sat May 16 04:55:53 EDT 2015
04:55:53,046  INFO FileBasedDataService:387 - dataSize is now 1
04:55:53,046  INFO FileBasedDataService:343 - Reading block C:\crs516\sourcecode\work\22/0.db
04:55:53,046  INFO FileBasedDataService:90 - Data from C:\crs516\sourcecode\data\test.txt loaded
04:55:54,047  INFO FileBasedDataService:136 - Service ID is 23
04:55:54,047  INFO FileBasedDataService:136 - Service ID is 24
04:55:54,047  INFO FileBasedDataService:82 - Data loader loading C:\crs516\sourcecode\data\OSDO5711.gz at Sat May 16 04:55:54 EDT 2015
04:55:54,047  INFO FileBasedDataService:387 - dataSize is now 72
04:55:54,047  INFO FileBasedDataService:343 - Reading block C:\crs516\sourcecode\work\24/0.db
04:55:54,047  INFO FileBasedDataService:90 - Data from C:\crs516\sourcecode\data\OSDO5711.gz loaded
04:55:55,048  INFO FileBasedDataServiceTest:268 - Shutting down executor
04:55:55,048  INFO FileBasedDataService:136 - Service ID is 25
04:55:55,048  INFO FileBasedDataService:82 - Data loader loading C:\crs516\sourcecode\data\test.txt at Sat May 16 04:55:55 EDT 2015
04:55:55,048  INFO FileBasedDataService:387 - dataSize is now 1
04:55:55,048  INFO FileBasedDataService:343 - Reading block C:\crs516\sourcecode\work\25/0.db
04:55:55,048  INFO FileBasedDataService:90 - Data from C:\crs516\sourcecode\data\test.txt loaded
04:55:56,049  INFO FileBasedDataService:136 - Service ID is 26
04:55:56,049  INFO FileBasedDataService:136 - Service ID is 27
04:55:56,049  INFO FileBasedDataService:82 - Data loader loading C:\crs516\sourcecode\data\test.txt at Sat May 16 04:55:56 EDT 2015
04:55:56,049  INFO FileBasedDataService:387 - dataSize is now 1
04:55:56,049  INFO FileBasedDataService:343 - Reading block C:\crs516\sourcecode\work\27/0.db
04:55:56,049  INFO FileBasedDataService:90 - Data from C:\crs516\sourcecode\data\test.txt loaded
04:55:57,050  INFO FileBasedDataServiceTest:268 - Shutting down executor
04:55:57,050  INFO FileBasedDataService:136 - Service ID is 28
04:55:57,050  INFO FileBasedDataService:82 - Data loader loading C:\crs516\sourcecode\data\test.txt at Sat May 16 04:55:57 EDT 2015
04:55:57,050  INFO FileBasedDataService:387 - dataSize is now 1
04:55:57,050  INFO FileBasedDataService:343 - Reading block C:\crs516\sourcecode\work\28/0.db
04:55:57,050  INFO FileBasedDataService:90 - Data from C:\crs516\sourcecode\data\test.txt loaded
04:55:58,051  INFO FileBasedDataService:136 - Service ID is 29
04:55:58,051  INFO FileBasedDataService:136 - Service ID is 30
04:55:58,051  INFO FileBasedDataService:82 - Data loader loading C:\crs516\sourcecode\data\test.txt at Sat May 16 04:55:58 EDT 2015
04:55:58,051  INFO FileBasedDataService:387 - dataSize is now 1
04:55:58,051  INFO FileBasedDataService:343 - Reading block C:\crs516\sourcecode\work\30/0.db
04:55:58,051  INFO FileBasedDataService:90 - Data from C:\crs516\sourcecode\data\test.txt loaded
04:55:59,052  INFO FileBasedDataServiceTest:268 - Shutting down executor
04:55:59,052  INFO FileBasedDataService:136 - Service ID is 31
04:55:59,052  INFO FileBasedDataService:82 - Data loader loading C:\crs516\sourcecode\data\test.txt at Sat May 16 04:55:59 EDT 2015
04:55:59,052  INFO FileBasedDataService:387 - dataSize is now 1
04:55:59,052  INFO FileBasedDataService:343 - Reading block C:\crs516\sourcecode\work\31/0.db
04:55:59,052  INFO FileBasedDataService:90 - Data from C:\crs516\sourcecode\data\test.txt loaded
04:56:00,053  INFO FileBasedDataService:136 - Service ID is 32
04:56:00,053  INFO FileBasedDataService:136 - Service ID is 33
04:56:00,053  INFO FileBasedDataService:82 - Data loader loading C:\crs516\sourcecode\data\test.txt at Sat May 16 04:56:00 EDT 2015
04:56:00,053  INFO FileBasedDataService:387 - dataSize is now 1
04:56:00,053  INFO FileBasedDataService:343 - Reading block C:\crs516\sourcecode\work\33/0.db
04:56:00,053  INFO FileBasedDataService:90 - Data from C:\crs516\sourcecode\data\test.txt loaded
04:56:01,053  INFO FileBasedDataServiceTest:268 - Shutting down executor
04:56:01,116  INFO TaskEngineImpl:34 - RMI registry ready.
04:56:01,195  INFO TaskEngineImpl:40 - Task engine is registered in rmiRegistry
04:56:03,351  INFO TaskEngineImpl:84 - Registry is finally closed.
05:10:06,092  INFO TaskEngineStarter:60 - RMI registry ready.
05:10:06,156  INFO TaskEngineImpl:40 - Task engine is registered in rmiRegistry
05:10:12,000  INFO Client:31 - engine located 
05:10:12,015  INFO Client:48 - commandImpl created 
05:10:12,031  INFO CommandBytesInProfileImpl:19 - run() called 
05:10:12,031  INFO FileBasedDataService:146 - Cleaning up work directory
05:10:12,047  INFO FileBasedDataService:136 - Service ID is 0
05:10:12,063  INFO FileBasedDataService:82 - Data loader loading C:\crs516\sourcecode\data\OSDO5711.gz at Sat May 16 05:10:12 EDT 2015
05:10:12,079  INFO FileBasedDataService:387 - dataSize is now 72
05:10:12,079  INFO FileBasedDataService:343 - Reading block C:\crs516\sourcecode\work\0/0.db
05:10:12,079  INFO FileBasedDataService:90 - Data from C:\crs516\sourcecode\data\OSDO5711.gz loaded
05:10:13,170  INFO CommandCountryImpl:19 - run() called 
05:10:13,170  INFO FileBasedDataService:136 - Service ID is 1
05:10:13,170  INFO FileBasedDataService:82 - Data loader loading C:\crs516\sourcecode\data\OSDO5711.gz at Sat May 16 05:10:13 EDT 2015
05:10:13,170  INFO FileBasedDataService:387 - dataSize is now 72
05:10:13,170  INFO FileBasedDataService:343 - Reading block C:\crs516\sourcecode\work\1/0.db
05:10:13,170  INFO FileBasedDataService:90 - Data from C:\crs516\sourcecode\data\OSDO5711.gz loaded
05:10:14,170  INFO CommandCruiseNumberImpl:19 - run() called 
05:10:14,170  INFO FileBasedDataService:136 - Service ID is 2
05:10:14,171  INFO FileBasedDataService:82 - Data loader loading C:\crs516\sourcecode\data\OSDO5711.gz at Sat May 16 05:10:14 EDT 2015
05:10:14,175  INFO FileBasedDataService:387 - dataSize is now 72
05:10:14,175  INFO FileBasedDataService:343 - Reading block C:\crs516\sourcecode\work\2/0.db
05:10:14,176  INFO FileBasedDataService:90 - Data from C:\crs516\sourcecode\data\OSDO5711.gz loaded
05:10:15,198  INFO Client:51 - command submitted to task engine
05:24:27,660  INFO Client:34 - engine located 
05:24:27,707  INFO Client:73 - commandImpl created 
05:24:27,754  INFO CommandBytesInProfileImpl:19 - run() called 
05:24:27,754  INFO FileBasedDataService:136 - Service ID is 3
05:24:27,754  INFO FileBasedDataService:82 - Data loader loading C:\crs516\sourcecode\data\OSDO5711.gz at Sat May 16 05:24:27 EDT 2015
05:24:27,754  INFO FileBasedDataService:387 - dataSize is now 72
05:24:27,754  INFO FileBasedDataService:343 - Reading block C:\crs516\sourcecode\work\3/0.db
05:24:27,756  INFO FileBasedDataService:90 - Data from C:\crs516\sourcecode\data\OSDO5711.gz loaded
05:24:28,756  INFO CommandCountryImpl:19 - run() called 
05:24:28,757  INFO FileBasedDataService:136 - Service ID is 4
05:24:28,757  INFO FileBasedDataService:82 - Data loader loading C:\crs516\sourcecode\data\OSDO5711.gz at Sat May 16 05:24:28 EDT 2015
05:24:28,772  INFO FileBasedDataService:387 - dataSize is now 72
05:24:28,772  INFO FileBasedDataService:343 - Reading block C:\crs516\sourcecode\work\4/0.db
05:24:28,772  INFO FileBasedDataService:90 - Data from C:\crs516\sourcecode\data\OSDO5711.gz loaded
05:24:29,772  INFO CommandCruiseNumberImpl:19 - run() called 
05:24:29,772  INFO FileBasedDataService:136 - Service ID is 5
05:24:29,772  INFO FileBasedDataService:82 - Data loader loading C:\crs516\sourcecode\data\OSDO5711.gz at Sat May 16 05:24:29 EDT 2015
05:24:29,773  INFO FileBasedDataService:387 - dataSize is now 72
05:24:29,773  INFO FileBasedDataService:343 - Reading block C:\crs516\sourcecode\work\5/0.db
05:24:29,773  INFO FileBasedDataService:90 - Data from C:\crs516\sourcecode\data\OSDO5711.gz loaded
05:24:30,774  INFO FileBasedDataService:136 - Service ID is 6
05:24:30,774  INFO FileBasedDataService:82 - Data loader loading C:\crs516\sourcecode\data\OSDO5711.gz at Sat May 16 05:24:30 EDT 2015
05:24:30,774  INFO FileBasedDataService:387 - dataSize is now 72
05:24:30,774  INFO FileBasedDataService:343 - Reading block C:\crs516\sourcecode\work\6/0.db
05:24:30,774  INFO FileBasedDataService:90 - Data from C:\crs516\sourcecode\data\OSDO5711.gz loaded
05:24:31,775  INFO FileBasedDataService:136 - Service ID is 7
05:24:31,775  INFO FileBasedDataService:82 - Data loader loading C:\crs516\sourcecode\data\OSDO5711.gz at Sat May 16 05:24:31 EDT 2015
05:24:31,775  INFO FileBasedDataService:387 - dataSize is now 72
05:24:31,775  INFO FileBasedDataService:343 - Reading block C:\crs516\sourcecode\work\7/0.db
05:24:31,775  INFO FileBasedDataService:90 - Data from C:\crs516\sourcecode\data\OSDO5711.gz loaded
05:24:32,783  INFO FileBasedDataService:136 - Service ID is 8
05:24:32,783  INFO FileBasedDataService:82 - Data loader loading C:\crs516\sourcecode\data\OSDO5711.gz at Sat May 16 05:24:32 EDT 2015
05:24:32,783  INFO FileBasedDataService:387 - dataSize is now 72
05:24:32,783  INFO FileBasedDataService:343 - Reading block C:\crs516\sourcecode\work\8/0.db
05:24:32,783  INFO FileBasedDataService:90 - Data from C:\crs516\sourcecode\data\OSDO5711.gz loaded
05:24:33,784  INFO Client:76 - command submitted to task engine
09:29:30,214  INFO TaskEngineImpl:50 - Task engine says bye!.
20:10:31,105  INFO FileBasedDataService:146 - Cleaning up work directory
20:10:31,183  INFO FileBasedDataService:136 - Service ID is 0
20:10:31,183  INFO FileBasedDataService:82 - Data loader loading C:\crs516\sourcecode\data\test.txt at Thu Jun 18 20:10:31 EDT 2015
20:10:31,183  INFO FileBasedDataService:387 - dataSize is now 1
20:10:31,183  INFO FileBasedDataService:343 - Reading block C:\crs516\sourcecode\work\0/0.db
20:10:31,183  INFO FileBasedDataService:90 - Data from C:\crs516\sourcecode\data\test.txt loaded
20:10:32,183  INFO FileBasedDataService:136 - Service ID is 1
20:10:32,183  INFO FileBasedDataService:136 - Service ID is 2
20:10:32,183  INFO FileBasedDataService:82 - Data loader loading C:\crs516\sourcecode\data\test.txt at Thu Jun 18 20:10:32 EDT 2015
20:10:32,183  INFO FileBasedDataService:387 - dataSize is now 1
20:10:32,183  INFO FileBasedDataService:343 - Reading block C:\crs516\sourcecode\work\2/0.db
20:10:32,183  INFO FileBasedDataService:90 - Data from C:\crs516\sourcecode\data\test.txt loaded
20:10:33,184  INFO FileBasedDataServiceTest:268 - Shutting down executor
20:10:33,184  INFO FileBasedDataService:136 - Service ID is 3
20:10:33,184  INFO FileBasedDataService:82 - Data loader loading C:\crs516\sourcecode\data\test.txt at Thu Jun 18 20:10:33 EDT 2015
20:10:33,184  INFO FileBasedDataService:387 - dataSize is now 1
20:10:33,184  INFO FileBasedDataService:343 - Reading block C:\crs516\sourcecode\work\3/0.db
20:10:33,184  INFO FileBasedDataService:90 - Data from C:\crs516\sourcecode\data\test.txt loaded
20:10:34,185  INFO FileBasedDataService:136 - Service ID is 4
20:10:34,185  INFO FileBasedDataService:136 - Service ID is 5
20:10:34,185  INFO FileBasedDataService:82 - Data loader loading C:\crs516\sourcecode\data\test.txt at Thu Jun 18 20:10:34 EDT 2015
20:10:34,185  INFO FileBasedDataService:387 - dataSize is now 1
20:10:34,185  INFO FileBasedDataService:343 - Reading block C:\crs516\sourcecode\work\5/0.db
20:10:34,185  INFO FileBasedDataService:90 - Data from C:\crs516\sourcecode\data\test.txt loaded
20:10:35,186  INFO FileBasedDataService:136 - Service ID is 6
20:10:35,186  INFO FileBasedDataService:82 - Data loader loading C:\crs516\sourcecode\data\OSDO5711.gz at Thu Jun 18 20:10:35 EDT 2015
20:10:35,186  INFO FileBasedDataService:387 - dataSize is now 72
20:10:35,186  INFO FileBasedDataService:343 - Reading block C:\crs516\sourcecode\work\6/0.db
20:10:35,186  INFO FileBasedDataService:90 - Data from C:\crs516\sourcecode\data\OSDO5711.gz loaded
20:10:36,187  INFO FileBasedDataServiceTest:268 - Shutting down executor
20:10:36,187  INFO FileBasedDataService:136 - Service ID is 7
20:10:36,187  INFO FileBasedDataService:82 - Data loader loading C:\crs516\sourcecode\data\test.txt at Thu Jun 18 20:10:36 EDT 2015
20:10:36,187  INFO FileBasedDataService:387 - dataSize is now 1
20:10:36,187  INFO FileBasedDataService:343 - Reading block C:\crs516\sourcecode\work\7/0.db
20:10:36,187  INFO FileBasedDataService:90 - Data from C:\crs516\sourcecode\data\test.txt loaded
20:10:37,188  INFO FileBasedDataService:136 - Service ID is 8
20:10:37,188  INFO FileBasedDataService:136 - Service ID is 9
20:10:37,188  INFO FileBasedDataService:82 - Data loader loading C:\crs516\sourcecode\data\test.txt at Thu Jun 18 20:10:37 EDT 2015
20:10:37,188  INFO FileBasedDataService:387 - dataSize is now 1
20:10:37,188  INFO FileBasedDataService:343 - Reading block C:\crs516\sourcecode\work\9/0.db
20:10:37,188  INFO FileBasedDataService:90 - Data from C:\crs516\sourcecode\data\test.txt loaded
20:10:38,189  INFO FileBasedDataServiceTest:268 - Shutting down executor
20:10:38,189  INFO FileBasedDataService:136 - Service ID is 10
20:10:38,189  INFO FileBasedDataService:82 - Data loader loading C:\crs516\sourcecode\data\test.txt at Thu Jun 18 20:10:38 EDT 2015
20:10:38,189  INFO FileBasedDataService:387 - dataSize is now 1
20:10:38,189  INFO FileBasedDataService:343 - Reading block C:\crs516\sourcecode\work\10/0.db
20:10:38,189  INFO FileBasedDataService:90 - Data from C:\crs516\sourcecode\data\test.txt loaded
20:10:39,190  INFO FileBasedDataService:136 - Service ID is 11
20:10:39,190  INFO FileBasedDataService:136 - Service ID is 12
20:10:39,190  INFO FileBasedDataService:82 - Data loader loading C:\crs516\sourcecode\data\test.txt at Thu Jun 18 20:10:39 EDT 2015
20:10:39,190  INFO FileBasedDataService:387 - dataSize is now 1
20:10:39,190  INFO FileBasedDataService:343 - Reading block C:\crs516\sourcecode\work\12/0.db
20:10:39,190  INFO FileBasedDataService:90 - Data from C:\crs516\sourcecode\data\test.txt loaded
20:10:40,191  INFO FileBasedDataServiceTest:268 - Shutting down executor
20:10:40,191  INFO FileBasedDataService:136 - Service ID is 13
20:10:40,191  INFO FileBasedDataService:82 - Data loader loading C:\crs516\sourcecode\data\test.txt at Thu Jun 18 20:10:40 EDT 2015
20:10:40,191  INFO FileBasedDataService:387 - dataSize is now 1
20:10:40,191  INFO FileBasedDataService:343 - Reading block C:\crs516\sourcecode\work\13/0.db
20:10:40,191  INFO FileBasedDataService:90 - Data from C:\crs516\sourcecode\data\test.txt loaded
20:10:41,192  INFO FileBasedDataService:136 - Service ID is 14
20:10:41,192  INFO FileBasedDataService:136 - Service ID is 15
20:10:41,192  INFO FileBasedDataService:82 - Data loader loading C:\crs516\sourcecode\data\OSDO5711.gz at Thu Jun 18 20:10:41 EDT 2015
20:10:41,192  INFO FileBasedDataService:387 - dataSize is now 72
20:10:41,192  INFO FileBasedDataService:343 - Reading block C:\crs516\sourcecode\work\15/0.db
20:10:41,192  INFO FileBasedDataService:90 - Data from C:\crs516\sourcecode\data\OSDO5711.gz loaded
20:10:42,193  INFO FileBasedDataServiceTest:268 - Shutting down executor
20:10:42,193  INFO FileBasedDataService:136 - Service ID is 16
20:10:42,193  INFO FileBasedDataService:82 - Data loader loading C:\crs516\sourcecode\data\test.txt at Thu Jun 18 20:10:42 EDT 2015
20:10:42,193  INFO FileBasedDataService:387 - dataSize is now 1
20:10:42,193  INFO FileBasedDataService:343 - Reading block C:\crs516\sourcecode\work\16/0.db
20:10:42,193  INFO FileBasedDataService:90 - Data from C:\crs516\sourcecode\data\test.txt loaded
20:10:43,194  INFO FileBasedDataService:136 - Service ID is 17
20:10:43,194  INFO FileBasedDataService:136 - Service ID is 18
20:10:43,194  INFO FileBasedDataService:82 - Data loader loading C:\crs516\sourcecode\data\test.txt at Thu Jun 18 20:10:43 EDT 2015
20:10:43,194  INFO FileBasedDataService:387 - dataSize is now 1
20:10:43,194  INFO FileBasedDataService:343 - Reading block C:\crs516\sourcecode\work\18/0.db
20:10:43,194  INFO FileBasedDataService:90 - Data from C:\crs516\sourcecode\data\test.txt loaded
20:10:44,195  INFO FileBasedDataServiceTest:268 - Shutting down executor
20:10:44,195  INFO FileBasedDataService:136 - Service ID is 19
20:10:44,195  INFO FileBasedDataService:82 - Data loader loading C:\crs516\sourcecode\data\test.txt at Thu Jun 18 20:10:44 EDT 2015
20:10:44,195  INFO FileBasedDataService:387 - dataSize is now 1
20:10:44,195  INFO FileBasedDataService:343 - Reading block C:\crs516\sourcecode\work\19/0.db
20:10:44,195  INFO FileBasedDataService:90 - Data from C:\crs516\sourcecode\data\test.txt loaded
20:10:45,196  INFO FileBasedDataService:136 - Service ID is 20
20:10:45,196  INFO FileBasedDataService:136 - Service ID is 21
20:10:45,196  INFO FileBasedDataService:82 - Data loader loading C:\crs516\sourcecode\data\test.txt at Thu Jun 18 20:10:45 EDT 2015
20:10:45,196  INFO FileBasedDataService:387 - dataSize is now 1
20:10:45,196  INFO FileBasedDataService:343 - Reading block C:\crs516\sourcecode\work\21/0.db
20:10:45,196  INFO FileBasedDataService:90 - Data from C:\crs516\sourcecode\data\test.txt loaded
20:10:46,197  INFO FileBasedDataServiceTest:268 - Shutting down executor
20:10:46,197  INFO FileBasedDataService:136 - Service ID is 22
20:10:46,197  INFO FileBasedDataService:82 - Data loader loading C:\crs516\sourcecode\data\test.txt at Thu Jun 18 20:10:46 EDT 2015
20:10:46,197  INFO FileBasedDataService:387 - dataSize is now 1
20:10:46,197  INFO FileBasedDataService:343 - Reading block C:\crs516\sourcecode\work\22/0.db
20:10:46,197  INFO FileBasedDataService:90 - Data from C:\crs516\sourcecode\data\test.txt loaded
20:10:47,198  INFO FileBasedDataService:136 - Service ID is 23
20:10:47,198  INFO FileBasedDataService:136 - Service ID is 24
20:10:47,198  INFO FileBasedDataService:82 - Data loader loading C:\crs516\sourcecode\data\OSDO5711.gz at Thu Jun 18 20:10:47 EDT 2015
20:10:47,198  INFO FileBasedDataService:387 - dataSize is now 72
20:10:47,198  INFO FileBasedDataService:343 - Reading block C:\crs516\sourcecode\work\24/0.db
20:10:47,198  INFO FileBasedDataService:90 - Data from C:\crs516\sourcecode\data\OSDO5711.gz loaded
20:10:48,199  INFO FileBasedDataServiceTest:268 - Shutting down executor
20:10:48,199  INFO FileBasedDataService:136 - Service ID is 25
20:10:48,199  INFO FileBasedDataService:82 - Data loader loading C:\crs516\sourcecode\data\test.txt at Thu Jun 18 20:10:48 EDT 2015
20:10:48,199  INFO FileBasedDataService:387 - dataSize is now 1
20:10:48,199  INFO FileBasedDataService:343 - Reading block C:\crs516\sourcecode\work\25/0.db
20:10:48,199  INFO FileBasedDataService:90 - Data from C:\crs516\sourcecode\data\test.txt loaded
20:10:49,212  INFO FileBasedDataService:136 - Service ID is 26
20:10:49,212  INFO FileBasedDataService:136 - Service ID is 27
20:10:49,212  INFO FileBasedDataService:82 - Data loader loading C:\crs516\sourcecode\data\test.txt at Thu Jun 18 20:10:49 EDT 2015
20:10:49,212  INFO FileBasedDataService:387 - dataSize is now 1
20:10:49,212  INFO FileBasedDataService:343 - Reading block C:\crs516\sourcecode\work\27/0.db
20:10:49,212  INFO FileBasedDataService:90 - Data from C:\crs516\sourcecode\data\test.txt loaded
20:10:50,213  INFO FileBasedDataServiceTest:268 - Shutting down executor
20:10:50,213  INFO FileBasedDataService:136 - Service ID is 28
20:10:50,213  INFO FileBasedDataService:82 - Data loader loading C:\crs516\sourcecode\data\test.txt at Thu Jun 18 20:10:50 EDT 2015
20:10:50,213  INFO FileBasedDataService:387 - dataSize is now 1
20:10:50,213  INFO FileBasedDataService:343 - Reading block C:\crs516\sourcecode\work\28/0.db
20:10:50,213  INFO FileBasedDataService:90 - Data from C:\crs516\sourcecode\data\test.txt loaded
20:10:51,214  INFO FileBasedDataService:136 - Service ID is 29
20:10:51,214  INFO FileBasedDataService:136 - Service ID is 30
20:10:51,214  INFO FileBasedDataService:82 - Data loader loading C:\crs516\sourcecode\data\test.txt at Thu Jun 18 20:10:51 EDT 2015
20:10:51,214  INFO FileBasedDataService:387 - dataSize is now 1
20:10:51,214  INFO FileBasedDataService:343 - Reading block C:\crs516\sourcecode\work\30/0.db
20:10:51,214  INFO FileBasedDataService:90 - Data from C:\crs516\sourcecode\data\test.txt loaded
20:10:52,215  INFO FileBasedDataServiceTest:268 - Shutting down executor
20:10:52,215  INFO FileBasedDataService:136 - Service ID is 31
20:10:52,215  INFO FileBasedDataService:82 - Data loader loading C:\crs516\sourcecode\data\test.txt at Thu Jun 18 20:10:52 EDT 2015
20:10:52,215  INFO FileBasedDataService:387 - dataSize is now 1
20:10:52,215  INFO FileBasedDataService:343 - Reading block C:\crs516\sourcecode\work\31/0.db
20:10:52,215  INFO FileBasedDataService:90 - Data from C:\crs516\sourcecode\data\test.txt loaded
20:10:53,216  INFO FileBasedDataService:136 - Service ID is 32
20:10:53,216  INFO FileBasedDataService:136 - Service ID is 33
20:10:53,216  INFO FileBasedDataService:82 - Data loader loading C:\crs516\sourcecode\data\test.txt at Thu Jun 18 20:10:53 EDT 2015
20:10:53,216  INFO FileBasedDataService:387 - dataSize is now 1
20:10:53,216  INFO FileBasedDataService:343 - Reading block C:\crs516\sourcecode\work\33/0.db
20:10:53,216  INFO FileBasedDataService:90 - Data from C:\crs516\sourcecode\data\test.txt loaded
20:10:54,217  INFO FileBasedDataServiceTest:268 - Shutting down executor
20:10:54,267 ERROR TaskEngineImpl:36 - Failed to start RMI registry. Perhaps you have another task engine one running
java.rmi.server.ExportException: Port already in use: 1099; nested exception is: 
	java.net.BindException: Address already in use: JVM_Bind
	at sun.rmi.transport.tcp.TCPTransport.listen(TCPTransport.java:330)
	at sun.rmi.transport.tcp.TCPTransport.exportObject(TCPTransport.java:238)
	at sun.rmi.transport.tcp.TCPEndpoint.exportObject(TCPEndpoint.java:411)
	at sun.rmi.transport.LiveRef.exportObject(LiveRef.java:147)
	at sun.rmi.server.UnicastServerRef.exportObject(UnicastServerRef.java:208)
	at sun.rmi.registry.RegistryImpl.setup(RegistryImpl.java:152)
	at sun.rmi.registry.RegistryImpl.<init>(RegistryImpl.java:137)
	at java.rmi.registry.LocateRegistry.createRegistry(LocateRegistry.java:203)
	at com.ltree.crs516.taskengine.TaskEngineImplTest.oneTimeInitialization(TaskEngineImplTest.java:33)
	at sun.reflect.NativeMethodAccessorImpl.invoke0(Native Method)
	at sun.reflect.NativeMethodAccessorImpl.invoke(NativeMethodAccessorImpl.java:62)
	at sun.reflect.DelegatingMethodAccessorImpl.invoke(DelegatingMethodAccessorImpl.java:43)
	at java.lang.reflect.Method.invoke(Method.java:483)
	at org.junit.runners.model.FrameworkMethod$1.runReflectiveCall(FrameworkMethod.java:47)
	at org.junit.internal.runners.model.ReflectiveCallable.run(ReflectiveCallable.java:12)
	at org.junit.runners.model.FrameworkMethod.invokeExplosively(FrameworkMethod.java:44)
	at org.junit.internal.runners.statements.RunBefores.evaluate(RunBefores.java:24)
	at org.junit.internal.runners.statements.RunAfters.evaluate(RunAfters.java:27)
	at org.junit.runners.ParentRunner.run(ParentRunner.java:309)
	at org.eclipse.jdt.internal.junit4.runner.JUnit4TestReference.run(JUnit4TestReference.java:50)
	at org.eclipse.jdt.internal.junit.runner.TestExecution.run(TestExecution.java:38)
	at org.eclipse.jdt.internal.junit.runner.RemoteTestRunner.runTests(RemoteTestRunner.java:459)
	at org.eclipse.jdt.internal.junit.runner.RemoteTestRunner.runTests(RemoteTestRunner.java:675)
	at org.eclipse.jdt.internal.junit.runner.RemoteTestRunner.run(RemoteTestRunner.java:382)
	at org.eclipse.jdt.internal.junit.runner.RemoteTestRunner.main(RemoteTestRunner.java:192)
Caused by: java.net.BindException: Address already in use: JVM_Bind
	at java.net.DualStackPlainSocketImpl.bind0(Native Method)
	at java.net.DualStackPlainSocketImpl.socketBind(DualStackPlainSocketImpl.java:106)
	at java.net.AbstractPlainSocketImpl.bind(AbstractPlainSocketImpl.java:382)
	at java.net.PlainSocketImpl.bind(PlainSocketImpl.java:190)
	at java.net.ServerSocket.bind(ServerSocket.java:375)
	at java.net.ServerSocket.<init>(ServerSocket.java:237)
	at java.net.ServerSocket.<init>(ServerSocket.java:128)
	at sun.rmi.transport.proxy.RMIDirectSocketFactory.createServerSocket(RMIDirectSocketFactory.java:45)
	at sun.rmi.transport.proxy.RMIMasterSocketFactory.createServerSocket(RMIMasterSocketFactory.java:345)
	at sun.rmi.transport.tcp.TCPEndpoint.newServerSocket(TCPEndpoint.java:666)
	at sun.rmi.transport.tcp.TCPTransport.listen(TCPTransport.java:319)
	... 24 more
20:10:54,345  INFO TaskEngineImpl:40 - Task engine is registered in rmiRegistry
20:10:56,486 ERROR TaskEngineImpl:88 - Registry was already null. If you got this far you must be using another one that was already running.Probably another task engine.
20:11:42,239  INFO Client:38 - engine located 
20:11:43,257 ERROR Client:63 - Failed to get engine
java.rmi.ConnectException: Connection refused to host: 10.10.10.114; nested exception is: 
	java.net.ConnectException: Connection refused: connect
	at sun.rmi.transport.tcp.TCPEndpoint.newSocket(TCPEndpoint.java:619)
	at sun.rmi.transport.tcp.TCPChannel.createConnection(TCPChannel.java:216)
	at sun.rmi.transport.tcp.TCPChannel.newConnection(TCPChannel.java:202)
	at sun.rmi.server.UnicastRef.invoke(UnicastRef.java:130)
	at java.rmi.server.RemoteObjectInvocationHandler.invokeRemoteMethod(RemoteObjectInvocationHandler.java:194)
	at java.rmi.server.RemoteObjectInvocationHandler.invoke(RemoteObjectInvocationHandler.java:148)
	at com.sun.proxy.$Proxy0.submitTask(Unknown Source)
	at com.ltree.crs516.tasks.Client.prepareAndSubmitCommand(Client.java:60)
	at ClientStarter.main(ClientStarter.java:24)
Caused by: java.net.ConnectException: Connection refused: connect
	at java.net.DualStackPlainSocketImpl.connect0(Native Method)
	at java.net.DualStackPlainSocketImpl.socketConnect(DualStackPlainSocketImpl.java:79)
	at java.net.AbstractPlainSocketImpl.doConnect(AbstractPlainSocketImpl.java:345)
	at java.net.AbstractPlainSocketImpl.connectToAddress(AbstractPlainSocketImpl.java:206)
	at java.net.AbstractPlainSocketImpl.connect(AbstractPlainSocketImpl.java:188)
	at java.net.PlainSocketImpl.connect(PlainSocketImpl.java:172)
	at java.net.SocksSocketImpl.connect(SocksSocketImpl.java:392)
	at java.net.Socket.connect(Socket.java:589)
	at java.net.Socket.connect(Socket.java:538)
	at java.net.Socket.<init>(Socket.java:434)
	at java.net.Socket.<init>(Socket.java:211)
	at sun.rmi.transport.proxy.RMIDirectSocketFactory.createSocket(RMIDirectSocketFactory.java:40)
	at sun.rmi.transport.proxy.RMIMasterSocketFactory.createSocket(RMIMasterSocketFactory.java:148)
	at sun.rmi.transport.tcp.TCPEndpoint.newSocket(TCPEndpoint.java:613)
	... 8 more
20:11:59,870  INFO TaskEngineStarter:60 - RMI registry ready.
20:11:59,934  INFO TaskEngineImpl:40 - Task engine is registered in rmiRegistry
20:12:07,762  INFO Client:38 - engine located 
20:12:07,793  INFO Client:61 - command submitted to task engine
20:13:46,061  INFO TaskEngineImpl:50 - Task engine says bye!.
17:54:13,678  INFO FileBasedDataService:146 - Cleaning up work directory
17:54:13,772  INFO FileBasedDataService:136 - Service ID is 0
17:54:13,787  INFO FileBasedDataService:82 - Data loader loading C:\crs516\sourcecode\data\test.txt at Sat Jun 11 17:54:13 EDT 2016
17:54:13,787  INFO FileBasedDataService:387 - dataSize is now 1
17:54:13,787  INFO FileBasedDataService:343 - Reading block C:\crs516\sourcecode\work\0/0.db
17:54:13,787  INFO FileBasedDataService:90 - Data from C:\crs516\sourcecode\data\test.txt loaded
17:54:14,787  INFO FileBasedDataService:136 - Service ID is 1
17:54:14,787  INFO FileBasedDataService:136 - Service ID is 2
17:54:14,787  INFO FileBasedDataService:82 - Data loader loading C:\crs516\sourcecode\data\test.txt at Sat Jun 11 17:54:14 EDT 2016
17:54:14,787  INFO FileBasedDataService:387 - dataSize is now 1
17:54:14,787  INFO FileBasedDataService:343 - Reading block C:\crs516\sourcecode\work\2/0.db
17:54:14,787  INFO FileBasedDataService:90 - Data from C:\crs516\sourcecode\data\test.txt loaded
17:54:15,789  INFO FileBasedDataServiceTest:268 - Shutting down executor
17:54:15,789  INFO FileBasedDataService:136 - Service ID is 3
17:54:15,789  INFO FileBasedDataService:82 - Data loader loading C:\crs516\sourcecode\data\test.txt at Sat Jun 11 17:54:15 EDT 2016
17:54:15,789  INFO FileBasedDataService:387 - dataSize is now 1
17:54:15,789  INFO FileBasedDataService:343 - Reading block C:\crs516\sourcecode\work\3/0.db
17:54:15,789  INFO FileBasedDataService:90 - Data from C:\crs516\sourcecode\data\test.txt loaded
17:54:16,790  INFO FileBasedDataService:136 - Service ID is 4
17:54:16,790  INFO FileBasedDataService:136 - Service ID is 5
17:54:16,790  INFO FileBasedDataService:82 - Data loader loading C:\crs516\sourcecode\data\test.txt at Sat Jun 11 17:54:16 EDT 2016
17:54:16,790  INFO FileBasedDataService:387 - dataSize is now 1
17:54:16,790  INFO FileBasedDataService:343 - Reading block C:\crs516\sourcecode\work\5/0.db
17:54:16,790  INFO FileBasedDataService:90 - Data from C:\crs516\sourcecode\data\test.txt loaded
17:54:17,791  INFO FileBasedDataService:136 - Service ID is 6
17:54:17,791  INFO FileBasedDataService:82 - Data loader loading C:\crs516\sourcecode\data\OSDO5711.gz at Sat Jun 11 17:54:17 EDT 2016
17:54:17,791  INFO FileBasedDataService:387 - dataSize is now 72
17:54:17,791  INFO FileBasedDataService:343 - Reading block C:\crs516\sourcecode\work\6/0.db
17:54:17,791  INFO FileBasedDataService:90 - Data from C:\crs516\sourcecode\data\OSDO5711.gz loaded
17:54:18,794  INFO FileBasedDataServiceTest:268 - Shutting down executor
17:54:18,794  INFO FileBasedDataService:136 - Service ID is 7
17:54:18,794  INFO FileBasedDataService:82 - Data loader loading C:\crs516\sourcecode\data\test.txt at Sat Jun 11 17:54:18 EDT 2016
17:54:18,794  INFO FileBasedDataService:387 - dataSize is now 1
17:54:18,794  INFO FileBasedDataService:343 - Reading block C:\crs516\sourcecode\work\7/0.db
17:54:18,794  INFO FileBasedDataService:90 - Data from C:\crs516\sourcecode\data\test.txt loaded
17:54:19,795  INFO FileBasedDataService:136 - Service ID is 8
17:54:19,795  INFO FileBasedDataService:136 - Service ID is 9
17:54:19,795  INFO FileBasedDataService:82 - Data loader loading C:\crs516\sourcecode\data\test.txt at Sat Jun 11 17:54:19 EDT 2016
17:54:19,795  INFO FileBasedDataService:387 - dataSize is now 1
17:54:19,795  INFO FileBasedDataService:343 - Reading block C:\crs516\sourcecode\work\9/0.db
17:54:19,795  INFO FileBasedDataService:90 - Data from C:\crs516\sourcecode\data\test.txt loaded
17:54:20,796  INFO FileBasedDataServiceTest:268 - Shutting down executor
17:54:20,796  INFO FileBasedDataService:136 - Service ID is 10
17:54:20,796  INFO FileBasedDataService:82 - Data loader loading C:\crs516\sourcecode\data\test.txt at Sat Jun 11 17:54:20 EDT 2016
17:54:20,796  INFO FileBasedDataService:387 - dataSize is now 1
17:54:20,796  INFO FileBasedDataService:343 - Reading block C:\crs516\sourcecode\work\10/0.db
17:54:20,796  INFO FileBasedDataService:90 - Data from C:\crs516\sourcecode\data\test.txt loaded
17:54:21,797  INFO FileBasedDataService:136 - Service ID is 11
17:54:21,797  INFO FileBasedDataService:136 - Service ID is 12
17:54:21,797  INFO FileBasedDataService:82 - Data loader loading C:\crs516\sourcecode\data\test.txt at Sat Jun 11 17:54:21 EDT 2016
17:54:21,797  INFO FileBasedDataService:387 - dataSize is now 1
17:54:21,797  INFO FileBasedDataService:343 - Reading block C:\crs516\sourcecode\work\12/0.db
17:54:21,797  INFO FileBasedDataService:90 - Data from C:\crs516\sourcecode\data\test.txt loaded
17:54:22,798  INFO FileBasedDataServiceTest:268 - Shutting down executor
17:54:22,798  INFO FileBasedDataService:136 - Service ID is 13
17:54:22,798  INFO FileBasedDataService:82 - Data loader loading C:\crs516\sourcecode\data\test.txt at Sat Jun 11 17:54:22 EDT 2016
17:54:22,798  INFO FileBasedDataService:387 - dataSize is now 1
17:54:22,798  INFO FileBasedDataService:343 - Reading block C:\crs516\sourcecode\work\13/0.db
17:54:22,798  INFO FileBasedDataService:90 - Data from C:\crs516\sourcecode\data\test.txt loaded
17:54:23,799  INFO FileBasedDataService:136 - Service ID is 14
17:54:23,799  INFO FileBasedDataService:136 - Service ID is 15
17:54:23,799  INFO FileBasedDataService:82 - Data loader loading C:\crs516\sourcecode\data\OSDO5711.gz at Sat Jun 11 17:54:23 EDT 2016
17:54:23,799  INFO FileBasedDataService:387 - dataSize is now 72
17:54:23,799  INFO FileBasedDataService:343 - Reading block C:\crs516\sourcecode\work\15/0.db
17:54:23,799  INFO FileBasedDataService:90 - Data from C:\crs516\sourcecode\data\OSDO5711.gz loaded
17:54:24,800  INFO FileBasedDataServiceTest:268 - Shutting down executor
17:54:24,800  INFO FileBasedDataService:136 - Service ID is 16
17:54:24,800  INFO FileBasedDataService:82 - Data loader loading C:\crs516\sourcecode\data\test.txt at Sat Jun 11 17:54:24 EDT 2016
17:54:24,800  INFO FileBasedDataService:387 - dataSize is now 1
17:54:24,800  INFO FileBasedDataService:343 - Reading block C:\crs516\sourcecode\work\16/0.db
17:54:24,800  INFO FileBasedDataService:90 - Data from C:\crs516\sourcecode\data\test.txt loaded
17:54:25,801  INFO FileBasedDataService:136 - Service ID is 17
17:54:25,801  INFO FileBasedDataService:136 - Service ID is 18
17:54:25,801  INFO FileBasedDataService:82 - Data loader loading C:\crs516\sourcecode\data\test.txt at Sat Jun 11 17:54:25 EDT 2016
17:54:25,801  INFO FileBasedDataService:387 - dataSize is now 1
17:54:25,801  INFO FileBasedDataService:343 - Reading block C:\crs516\sourcecode\work\18/0.db
17:54:25,801  INFO FileBasedDataService:90 - Data from C:\crs516\sourcecode\data\test.txt loaded
17:54:26,802  INFO FileBasedDataServiceTest:268 - Shutting down executor
17:54:26,802  INFO FileBasedDataService:136 - Service ID is 19
17:54:26,802  INFO FileBasedDataService:82 - Data loader loading C:\crs516\sourcecode\data\test.txt at Sat Jun 11 17:54:26 EDT 2016
17:54:26,802  INFO FileBasedDataService:387 - dataSize is now 1
17:54:26,802  INFO FileBasedDataService:343 - Reading block C:\crs516\sourcecode\work\19/0.db
17:54:26,802  INFO FileBasedDataService:90 - Data from C:\crs516\sourcecode\data\test.txt loaded
17:54:27,803  INFO FileBasedDataService:136 - Service ID is 20
17:54:27,803  INFO FileBasedDataService:136 - Service ID is 21
17:54:27,803  INFO FileBasedDataService:82 - Data loader loading C:\crs516\sourcecode\data\test.txt at Sat Jun 11 17:54:27 EDT 2016
17:54:27,803  INFO FileBasedDataService:387 - dataSize is now 1
17:54:27,803  INFO FileBasedDataService:343 - Reading block C:\crs516\sourcecode\work\21/0.db
17:54:27,803  INFO FileBasedDataService:90 - Data from C:\crs516\sourcecode\data\test.txt loaded
17:54:28,804  INFO FileBasedDataServiceTest:268 - Shutting down executor
17:54:28,804  INFO FileBasedDataService:136 - Service ID is 22
17:54:28,804  INFO FileBasedDataService:82 - Data loader loading C:\crs516\sourcecode\data\test.txt at Sat Jun 11 17:54:28 EDT 2016
17:54:28,804  INFO FileBasedDataService:387 - dataSize is now 1
17:54:28,804  INFO FileBasedDataService:343 - Reading block C:\crs516\sourcecode\work\22/0.db
17:54:28,804  INFO FileBasedDataService:90 - Data from C:\crs516\sourcecode\data\test.txt loaded
17:54:29,805  INFO FileBasedDataService:136 - Service ID is 23
17:54:29,805  INFO FileBasedDataService:136 - Service ID is 24
17:54:29,805  INFO FileBasedDataService:82 - Data loader loading C:\crs516\sourcecode\data\OSDO5711.gz at Sat Jun 11 17:54:29 EDT 2016
17:54:29,805  INFO FileBasedDataService:387 - dataSize is now 72
17:54:29,805  INFO FileBasedDataService:343 - Reading block C:\crs516\sourcecode\work\24/0.db
17:54:29,805  INFO FileBasedDataService:90 - Data from C:\crs516\sourcecode\data\OSDO5711.gz loaded
17:54:30,806  INFO FileBasedDataServiceTest:268 - Shutting down executor
17:54:30,806  INFO FileBasedDataService:136 - Service ID is 25
17:54:30,806  INFO FileBasedDataService:82 - Data loader loading C:\crs516\sourcecode\data\test.txt at Sat Jun 11 17:54:30 EDT 2016
17:54:30,806  INFO FileBasedDataService:387 - dataSize is now 1
17:54:30,806  INFO FileBasedDataService:343 - Reading block C:\crs516\sourcecode\work\25/0.db
17:54:30,806  INFO FileBasedDataService:90 - Data from C:\crs516\sourcecode\data\test.txt loaded
17:54:31,807  INFO FileBasedDataService:136 - Service ID is 26
17:54:31,807  INFO FileBasedDataService:136 - Service ID is 27
17:54:31,807  INFO FileBasedDataService:82 - Data loader loading C:\crs516\sourcecode\data\test.txt at Sat Jun 11 17:54:31 EDT 2016
17:54:31,807  INFO FileBasedDataService:387 - dataSize is now 1
17:54:31,807  INFO FileBasedDataService:343 - Reading block C:\crs516\sourcecode\work\27/0.db
17:54:31,807  INFO FileBasedDataService:90 - Data from C:\crs516\sourcecode\data\test.txt loaded
17:54:32,808  INFO FileBasedDataServiceTest:268 - Shutting down executor
17:54:32,808  INFO FileBasedDataService:136 - Service ID is 28
17:54:32,808  INFO FileBasedDataService:82 - Data loader loading C:\crs516\sourcecode\data\test.txt at Sat Jun 11 17:54:32 EDT 2016
17:54:32,808  INFO FileBasedDataService:387 - dataSize is now 1
17:54:32,808  INFO FileBasedDataService:343 - Reading block C:\crs516\sourcecode\work\28/0.db
17:54:32,808  INFO FileBasedDataService:90 - Data from C:\crs516\sourcecode\data\test.txt loaded
17:54:33,809  INFO FileBasedDataService:136 - Service ID is 29
17:54:33,809  INFO FileBasedDataService:136 - Service ID is 30
17:54:33,809  INFO FileBasedDataService:82 - Data loader loading C:\crs516\sourcecode\data\test.txt at Sat Jun 11 17:54:33 EDT 2016
17:54:33,809  INFO FileBasedDataService:387 - dataSize is now 1
17:54:33,809  INFO FileBasedDataService:343 - Reading block C:\crs516\sourcecode\work\30/0.db
17:54:33,809  INFO FileBasedDataService:90 - Data from C:\crs516\sourcecode\data\test.txt loaded
17:54:34,810  INFO FileBasedDataServiceTest:268 - Shutting down executor
17:54:34,810  INFO FileBasedDataService:136 - Service ID is 31
17:54:34,810  INFO FileBasedDataService:82 - Data loader loading C:\crs516\sourcecode\data\test.txt at Sat Jun 11 17:54:34 EDT 2016
17:54:34,810  INFO FileBasedDataService:387 - dataSize is now 1
17:54:34,810  INFO FileBasedDataService:343 - Reading block C:\crs516\sourcecode\work\31/0.db
17:54:34,810  INFO FileBasedDataService:90 - Data from C:\crs516\sourcecode\data\test.txt loaded
17:54:35,811  INFO FileBasedDataService:136 - Service ID is 32
17:54:35,811  INFO FileBasedDataService:136 - Service ID is 33
17:54:35,811  INFO FileBasedDataService:82 - Data loader loading C:\crs516\sourcecode\data\test.txt at Sat Jun 11 17:54:35 EDT 2016
17:54:35,811  INFO FileBasedDataService:387 - dataSize is now 1
17:54:35,811  INFO FileBasedDataService:343 - Reading block C:\crs516\sourcecode\work\33/0.db
17:54:35,811  INFO FileBasedDataService:90 - Data from C:\crs516\sourcecode\data\test.txt loaded
17:54:36,812  INFO FileBasedDataServiceTest:268 - Shutting down executor
17:54:36,875  INFO TaskEngineImpl:34 - RMI registry ready.
17:54:36,907  INFO TaskEngineImpl:40 - Task engine is registered in rmiRegistry
17:54:39,063  INFO TaskEngineImpl:84 - Registry is finally closed.
