10:46:04,160 ERROR TaskEngineStarter:61 - Failed to start engine
java.rmi.server.ExportException: Port already in use: 1099; nested exception is: 
	java.net.BindException: Address already in use: JVM_Bind
	at sun.rmi.transport.tcp.TCPTransport.listen(Unknown Source)
	at sun.rmi.transport.tcp.TCPTransport.exportObject(Unknown Source)
	at sun.rmi.transport.tcp.TCPEndpoint.exportObject(Unknown Source)
	at sun.rmi.transport.LiveRef.exportObject(Unknown Source)
	at sun.rmi.server.UnicastServerRef.exportObject(Unknown Source)
	at sun.rmi.registry.RegistryImpl.setup(Unknown Source)
	at sun.rmi.registry.RegistryImpl.<init>(Unknown Source)
	at java.rmi.registry.LocateRegistry.createRegistry(Unknown Source)
	at TaskEngineStarter$startButtonListener.actionPerformed(TaskEngineStarter.java:57)
	at javax.swing.AbstractButton.fireActionPerformed(Unknown Source)
	at javax.swing.AbstractButton$Handler.actionPerformed(Unknown Source)
	at javax.swing.DefaultButtonModel.fireActionPerformed(Unknown Source)
	at javax.swing.DefaultButtonModel.setPressed(Unknown Source)
	at javax.swing.plaf.basic.BasicButtonListener.mouseReleased(Unknown Source)
	at java.awt.Component.processMouseEvent(Unknown Source)
	at javax.swing.JComponent.processMouseEvent(Unknown Source)
	at java.awt.Component.processEvent(Unknown Source)
	at java.awt.Container.processEvent(Unknown Source)
	at java.awt.Component.dispatchEventImpl(Unknown Source)
	at java.awt.Container.dispatchEventImpl(Unknown Source)
	at java.awt.Component.dispatchEvent(Unknown Source)
	at java.awt.LightweightDispatcher.retargetMouseEvent(Unknown Source)
	at java.awt.LightweightDispatcher.processMouseEvent(Unknown Source)
	at java.awt.LightweightDispatcher.dispatchEvent(Unknown Source)
	at java.awt.Container.dispatchEventImpl(Unknown Source)
	at java.awt.Window.dispatchEventImpl(Unknown Source)
	at java.awt.Component.dispatchEvent(Unknown Source)
	at java.awt.EventQueue.dispatchEventImpl(Unknown Source)
	at java.awt.EventQueue.access$000(Unknown Source)
	at java.awt.EventQueue$3.run(Unknown Source)
	at java.awt.EventQueue$3.run(Unknown Source)
	at java.security.AccessController.doPrivileged(Native Method)
	at java.security.ProtectionDomain$1.doIntersectionPrivilege(Unknown Source)
	at java.security.ProtectionDomain$1.doIntersectionPrivilege(Unknown Source)
	at java.awt.EventQueue$4.run(Unknown Source)
	at java.awt.EventQueue$4.run(Unknown Source)
	at java.security.AccessController.doPrivileged(Native Method)
	at java.security.ProtectionDomain$1.doIntersectionPrivilege(Unknown Source)
	at java.awt.EventQueue.dispatchEvent(Unknown Source)
	at java.awt.EventDispatchThread.pumpOneEventForFilters(Unknown Source)
	at java.awt.EventDispatchThread.pumpEventsForFilter(Unknown Source)
	at java.awt.EventDispatchThread.pumpEventsForHierarchy(Unknown Source)
	at java.awt.EventDispatchThread.pumpEvents(Unknown Source)
	at java.awt.EventDispatchThread.pumpEvents(Unknown Source)
	at java.awt.EventDispatchThread.run(Unknown Source)
Caused by: java.net.BindException: Address already in use: JVM_Bind
	at java.net.DualStackPlainSocketImpl.bind0(Native Method)
	at java.net.DualStackPlainSocketImpl.socketBind(Unknown Source)
	at java.net.AbstractPlainSocketImpl.bind(Unknown Source)
	at java.net.PlainSocketImpl.bind(Unknown Source)
	at java.net.ServerSocket.bind(Unknown Source)
	at java.net.ServerSocket.<init>(Unknown Source)
	at java.net.ServerSocket.<init>(Unknown Source)
	at sun.rmi.transport.proxy.RMIDirectSocketFactory.createServerSocket(Unknown Source)
	at sun.rmi.transport.proxy.RMIMasterSocketFactory.createServerSocket(Unknown Source)
	at sun.rmi.transport.tcp.TCPEndpoint.newServerSocket(Unknown Source)
	... 45 more
10:46:06,692  INFO TaskEngineStarter:88 - Registry is already closed
10:46:06,692  INFO TaskEngineStarter:90 - Registry is closed
14:20:55,494  INFO TaskEngineStarter:60 - RMI registry ready.
14:20:55,573  INFO TaskEngineImpl:55 - Task engine is registered in rmiRegistry
14:23:41,962  INFO Client:33 - engine located 
14:23:41,962  INFO Client:42 - commandImpl created 
14:23:41,978  INFO CommandImpl:26 - execute called 
14:23:41,978  INFO Client:51 - command submitted to task engine
14:23:41,995  INFO FileBasedDataService:146 - Cleaning up work directory
14:23:41,995  INFO FileBasedDataService:136 - Service ID is 0
14:23:41,995  INFO FileBasedDataService:82 - Data loader loading C:\crs516\sourcecode\data\OSDO5711.gz at Fri Mar 28 14:23:41 EDT 2014
14:23:42,135  INFO FileBasedDataService:387 - dataSize is now 72
14:23:42,151  INFO FileBasedDataService:343 - Reading block C:\crs516\sourcecode\work\0/0.db
14:23:42,151  INFO FileBasedDataService:90 - Data from C:\crs516\sourcecode\data\OSDO5711.gz loaded
14:24:18,412  INFO CommandImpl:26 - execute called 
14:24:18,412  INFO FileBasedDataService:136 - Service ID is 1
14:24:18,412  INFO FileBasedDataService:82 - Data loader loading C:\crs516\sourcecode\data\OSDO5711.gz at Fri Mar 28 14:24:18 EDT 2014
14:24:18,445  INFO FileBasedDataService:387 - dataSize is now 72
14:24:18,445  INFO FileBasedDataService:343 - Reading block C:\crs516\sourcecode\work\1/0.db
14:24:18,445  INFO FileBasedDataService:90 - Data from C:\crs516\sourcecode\data\OSDO5711.gz loaded
14:49:45,459 ERROR TaskEngineImpl:36 - Failed to start RMI registry. Perhaps you have another task engine one running
java.rmi.server.ExportException: Port already in use: 1099; nested exception is: 
	java.net.BindException: Address already in use: JVM_Bind
	at sun.rmi.transport.tcp.TCPTransport.listen(TCPTransport.java:330)
	at sun.rmi.transport.tcp.TCPTransport.exportObject(TCPTransport.java:238)
	at sun.rmi.transport.tcp.TCPEndpoint.exportObject(TCPEndpoint.java:411)
	at sun.rmi.transport.LiveRef.exportObject(LiveRef.java:147)
	at sun.rmi.server.UnicastServerRef.exportObject(UnicastServerRef.java:208)
	at sun.rmi.registry.RegistryImpl.setup(RegistryImpl.java:152)
	at sun.rmi.registry.RegistryImpl.<init>(RegistryImpl.java:137)
	at java.rmi.registry.LocateRegistry.createRegistry(LocateRegistry.java:203)
	at com.ltree.crs516.taskengine.TaskEngineImplTest.oneTimeInitialization(TaskEngineImplTest.java:33)
	at sun.reflect.NativeMethodAccessorImpl.invoke0(Native Method)
	at sun.reflect.NativeMethodAccessorImpl.invoke(NativeMethodAccessorImpl.java:62)
	at sun.reflect.DelegatingMethodAccessorImpl.invoke(DelegatingMethodAccessorImpl.java:43)
	at java.lang.reflect.Method.invoke(Method.java:483)
	at org.junit.runners.model.FrameworkMethod$1.runReflectiveCall(FrameworkMethod.java:47)
	at org.junit.internal.runners.model.ReflectiveCallable.run(ReflectiveCallable.java:12)
	at org.junit.runners.model.FrameworkMethod.invokeExplosively(FrameworkMethod.java:44)
	at org.junit.internal.runners.statements.RunBefores.evaluate(RunBefores.java:24)
	at org.junit.internal.runners.statements.RunAfters.evaluate(RunAfters.java:27)
	at org.junit.runners.ParentRunner.run(ParentRunner.java:309)
	at org.eclipse.jdt.internal.junit4.runner.JUnit4TestReference.run(JUnit4TestReference.java:50)
	at org.eclipse.jdt.internal.junit.runner.TestExecution.run(TestExecution.java:38)
	at org.eclipse.jdt.internal.junit.runner.RemoteTestRunner.runTests(RemoteTestRunner.java:467)
	at org.eclipse.jdt.internal.junit.runner.RemoteTestRunner.runTests(RemoteTestRunner.java:683)
	at org.eclipse.jdt.internal.junit.runner.RemoteTestRunner.run(RemoteTestRunner.java:390)
	at org.eclipse.jdt.internal.junit.runner.RemoteTestRunner.main(RemoteTestRunner.java:197)
Caused by: java.net.BindException: Address already in use: JVM_Bind
	at java.net.DualStackPlainSocketImpl.bind0(Native Method)
	at java.net.DualStackPlainSocketImpl.socketBind(DualStackPlainSocketImpl.java:106)
	at java.net.AbstractPlainSocketImpl.bind(AbstractPlainSocketImpl.java:382)
	at java.net.PlainSocketImpl.bind(PlainSocketImpl.java:190)
	at java.net.ServerSocket.bind(ServerSocket.java:375)
	at java.net.ServerSocket.<init>(ServerSocket.java:237)
	at java.net.ServerSocket.<init>(ServerSocket.java:128)
	at sun.rmi.transport.proxy.RMIDirectSocketFactory.createServerSocket(RMIDirectSocketFactory.java:45)
	at sun.rmi.transport.proxy.RMIMasterSocketFactory.createServerSocket(RMIMasterSocketFactory.java:345)
	at sun.rmi.transport.tcp.TCPEndpoint.newServerSocket(TCPEndpoint.java:666)
	at sun.rmi.transport.tcp.TCPTransport.listen(TCPTransport.java:319)
	... 24 more
14:49:45,569  INFO TaskEngineImpl:55 - Task engine is registered in rmiRegistry
14:49:47,773 ERROR TaskEngineImpl:88 - Registry was already null. If you got this far you must be using another one that was already running.Probably another task engine.
14:50:58,737 ERROR TaskEngineImpl:36 - Failed to start RMI registry. Perhaps you have another task engine one running
java.rmi.server.ExportException: Port already in use: 1099; nested exception is: 
	java.net.BindException: Address already in use: JVM_Bind
	at sun.rmi.transport.tcp.TCPTransport.listen(TCPTransport.java:330)
	at sun.rmi.transport.tcp.TCPTransport.exportObject(TCPTransport.java:238)
	at sun.rmi.transport.tcp.TCPEndpoint.exportObject(TCPEndpoint.java:411)
	at sun.rmi.transport.LiveRef.exportObject(LiveRef.java:147)
	at sun.rmi.server.UnicastServerRef.exportObject(UnicastServerRef.java:208)
	at sun.rmi.registry.RegistryImpl.setup(RegistryImpl.java:152)
	at sun.rmi.registry.RegistryImpl.<init>(RegistryImpl.java:137)
	at java.rmi.registry.LocateRegistry.createRegistry(LocateRegistry.java:203)
	at com.ltree.crs516.taskengine.TaskEngineImplTest.oneTimeInitialization(TaskEngineImplTest.java:33)
	at sun.reflect.NativeMethodAccessorImpl.invoke0(Native Method)
	at sun.reflect.NativeMethodAccessorImpl.invoke(NativeMethodAccessorImpl.java:62)
	at sun.reflect.DelegatingMethodAccessorImpl.invoke(DelegatingMethodAccessorImpl.java:43)
	at java.lang.reflect.Method.invoke(Method.java:483)
	at org.junit.runners.model.FrameworkMethod$1.runReflectiveCall(FrameworkMethod.java:47)
	at org.junit.internal.runners.model.ReflectiveCallable.run(ReflectiveCallable.java:12)
	at org.junit.runners.model.FrameworkMethod.invokeExplosively(FrameworkMethod.java:44)
	at org.junit.internal.runners.statements.RunBefores.evaluate(RunBefores.java:24)
	at org.junit.internal.runners.statements.RunAfters.evaluate(RunAfters.java:27)
	at org.junit.runners.ParentRunner.run(ParentRunner.java:309)
	at org.eclipse.jdt.internal.junit4.runner.JUnit4TestReference.run(JUnit4TestReference.java:50)
	at org.eclipse.jdt.internal.junit.runner.TestExecution.run(TestExecution.java:38)
	at org.eclipse.jdt.internal.junit.runner.RemoteTestRunner.runTests(RemoteTestRunner.java:467)
	at org.eclipse.jdt.internal.junit.runner.RemoteTestRunner.runTests(RemoteTestRunner.java:683)
	at org.eclipse.jdt.internal.junit.runner.RemoteTestRunner.run(RemoteTestRunner.java:390)
	at org.eclipse.jdt.internal.junit.runner.RemoteTestRunner.main(RemoteTestRunner.java:197)
Caused by: java.net.BindException: Address already in use: JVM_Bind
	at java.net.DualStackPlainSocketImpl.bind0(Native Method)
	at java.net.DualStackPlainSocketImpl.socketBind(DualStackPlainSocketImpl.java:106)
	at java.net.AbstractPlainSocketImpl.bind(AbstractPlainSocketImpl.java:382)
	at java.net.PlainSocketImpl.bind(PlainSocketImpl.java:190)
	at java.net.ServerSocket.bind(ServerSocket.java:375)
	at java.net.ServerSocket.<init>(ServerSocket.java:237)
	at java.net.ServerSocket.<init>(ServerSocket.java:128)
	at sun.rmi.transport.proxy.RMIDirectSocketFactory.createServerSocket(RMIDirectSocketFactory.java:45)
	at sun.rmi.transport.proxy.RMIMasterSocketFactory.createServerSocket(RMIMasterSocketFactory.java:345)
	at sun.rmi.transport.tcp.TCPEndpoint.newServerSocket(TCPEndpoint.java:666)
	at sun.rmi.transport.tcp.TCPTransport.listen(TCPTransport.java:319)
	... 24 more
14:50:58,799  INFO TaskEngineImpl:55 - Task engine is registered in rmiRegistry
14:51:00,939 ERROR TaskEngineImpl:88 - Registry was already null. If you got this far you must be using another one that was already running.Probably another task engine.
14:51:02,535  INFO FileBasedDataService:146 - Cleaning up work directory
14:51:02,537  INFO FileBasedDataService:136 - Service ID is 0
14:51:02,542  INFO FileBasedDataService:82 - Data loader loading C:\crs516\sourcecode\data\test.txt at Fri Mar 28 14:51:02 EDT 2014
14:51:02,558  INFO FileBasedDataService:387 - dataSize is now 1
14:51:02,558  INFO FileBasedDataService:343 - Reading block C:\crs516\sourcecode\work\0/0.db
14:51:02,558  INFO FileBasedDataService:90 - Data from C:\crs516\sourcecode\data\test.txt loaded
14:51:03,557  INFO FileBasedDataService:136 - Service ID is 1
14:51:03,557  INFO FileBasedDataService:136 - Service ID is 2
14:51:03,557  INFO FileBasedDataService:82 - Data loader loading C:\crs516\sourcecode\data\test.txt at Fri Mar 28 14:51:03 EDT 2014
14:51:03,557  INFO FileBasedDataService:387 - dataSize is now 1
14:51:03,557  INFO FileBasedDataService:343 - Reading block C:\crs516\sourcecode\work\2/0.db
14:51:03,557  INFO FileBasedDataService:90 - Data from C:\crs516\sourcecode\data\test.txt loaded
14:51:04,558  INFO FileBasedDataServiceTest:268 - Shutting down executor
14:51:04,558  INFO FileBasedDataService:136 - Service ID is 3
14:51:04,558  INFO FileBasedDataService:82 - Data loader loading C:\crs516\sourcecode\data\test.txt at Fri Mar 28 14:51:04 EDT 2014
14:51:04,558  INFO FileBasedDataService:387 - dataSize is now 1
14:51:04,558  INFO FileBasedDataService:343 - Reading block C:\crs516\sourcecode\work\3/0.db
14:51:04,558  INFO FileBasedDataService:90 - Data from C:\crs516\sourcecode\data\test.txt loaded
14:51:05,559  INFO FileBasedDataService:136 - Service ID is 4
14:51:05,559  INFO FileBasedDataService:136 - Service ID is 5
14:51:05,559  INFO FileBasedDataService:82 - Data loader loading C:\crs516\sourcecode\data\test.txt at Fri Mar 28 14:51:05 EDT 2014
14:51:05,559  INFO FileBasedDataService:387 - dataSize is now 1
14:51:05,559  INFO FileBasedDataService:343 - Reading block C:\crs516\sourcecode\work\5/0.db
14:51:05,559  INFO FileBasedDataService:90 - Data from C:\crs516\sourcecode\data\test.txt loaded
14:51:06,560  INFO FileBasedDataService:136 - Service ID is 6
14:51:06,560  INFO FileBasedDataService:82 - Data loader loading C:\crs516\sourcecode\data\OSDO5711.gz at Fri Mar 28 14:51:06 EDT 2014
14:51:06,560  INFO FileBasedDataService:387 - dataSize is now 72
14:51:06,560  INFO FileBasedDataService:343 - Reading block C:\crs516\sourcecode\work\6/0.db
14:51:06,560  INFO FileBasedDataService:90 - Data from C:\crs516\sourcecode\data\OSDO5711.gz loaded
14:51:07,561  INFO FileBasedDataServiceTest:268 - Shutting down executor
14:51:07,561  INFO FileBasedDataService:136 - Service ID is 7
14:51:07,561  INFO FileBasedDataService:82 - Data loader loading C:\crs516\sourcecode\data\test.txt at Fri Mar 28 14:51:07 EDT 2014
14:51:07,561  INFO FileBasedDataService:387 - dataSize is now 1
14:51:07,561  INFO FileBasedDataService:343 - Reading block C:\crs516\sourcecode\work\7/0.db
14:51:07,561  INFO FileBasedDataService:90 - Data from C:\crs516\sourcecode\data\test.txt loaded
14:51:08,562  INFO FileBasedDataService:136 - Service ID is 8
14:51:08,562  INFO FileBasedDataService:136 - Service ID is 9
14:51:08,562  INFO FileBasedDataService:82 - Data loader loading C:\crs516\sourcecode\data\test.txt at Fri Mar 28 14:51:08 EDT 2014
14:51:08,562  INFO FileBasedDataService:387 - dataSize is now 1
14:51:08,562  INFO FileBasedDataService:343 - Reading block C:\crs516\sourcecode\work\9/0.db
14:51:08,562  INFO FileBasedDataService:90 - Data from C:\crs516\sourcecode\data\test.txt loaded
14:51:09,563  INFO FileBasedDataServiceTest:268 - Shutting down executor
14:51:09,563  INFO FileBasedDataService:136 - Service ID is 10
14:51:09,563  INFO FileBasedDataService:82 - Data loader loading C:\crs516\sourcecode\data\test.txt at Fri Mar 28 14:51:09 EDT 2014
14:51:09,563  INFO FileBasedDataService:387 - dataSize is now 1
14:51:09,563  INFO FileBasedDataService:343 - Reading block C:\crs516\sourcecode\work\10/0.db
14:51:09,563  INFO FileBasedDataService:90 - Data from C:\crs516\sourcecode\data\test.txt loaded
14:51:10,564  INFO FileBasedDataService:136 - Service ID is 11
14:51:10,564  INFO FileBasedDataService:136 - Service ID is 12
14:51:10,564  INFO FileBasedDataService:82 - Data loader loading C:\crs516\sourcecode\data\test.txt at Fri Mar 28 14:51:10 EDT 2014
14:51:10,564  INFO FileBasedDataService:387 - dataSize is now 1
14:51:10,564  INFO FileBasedDataService:343 - Reading block C:\crs516\sourcecode\work\12/0.db
14:51:10,564  INFO FileBasedDataService:90 - Data from C:\crs516\sourcecode\data\test.txt loaded
14:51:11,565  INFO FileBasedDataServiceTest:268 - Shutting down executor
14:51:11,565  INFO FileBasedDataService:136 - Service ID is 13
14:51:11,565  INFO FileBasedDataService:82 - Data loader loading C:\crs516\sourcecode\data\test.txt at Fri Mar 28 14:51:11 EDT 2014
14:51:11,565  INFO FileBasedDataService:387 - dataSize is now 1
14:51:11,565  INFO FileBasedDataService:343 - Reading block C:\crs516\sourcecode\work\13/0.db
14:51:11,565  INFO FileBasedDataService:90 - Data from C:\crs516\sourcecode\data\test.txt loaded
14:51:12,566  INFO FileBasedDataService:136 - Service ID is 14
14:51:12,566  INFO FileBasedDataService:136 - Service ID is 15
14:51:12,566  INFO FileBasedDataService:82 - Data loader loading C:\crs516\sourcecode\data\OSDO5711.gz at Fri Mar 28 14:51:12 EDT 2014
14:51:12,566  INFO FileBasedDataService:387 - dataSize is now 72
14:51:12,566  INFO FileBasedDataService:343 - Reading block C:\crs516\sourcecode\work\15/0.db
14:51:12,566  INFO FileBasedDataService:90 - Data from C:\crs516\sourcecode\data\OSDO5711.gz loaded
14:51:13,567  INFO FileBasedDataServiceTest:268 - Shutting down executor
14:51:13,567  INFO FileBasedDataService:136 - Service ID is 16
14:51:13,567  INFO FileBasedDataService:82 - Data loader loading C:\crs516\sourcecode\data\test.txt at Fri Mar 28 14:51:13 EDT 2014
14:51:13,567  INFO FileBasedDataService:387 - dataSize is now 1
14:51:13,567  INFO FileBasedDataService:343 - Reading block C:\crs516\sourcecode\work\16/0.db
14:51:13,567  INFO FileBasedDataService:90 - Data from C:\crs516\sourcecode\data\test.txt loaded
14:51:14,567  INFO FileBasedDataService:136 - Service ID is 17
14:51:14,567  INFO FileBasedDataService:136 - Service ID is 18
14:51:14,567  INFO FileBasedDataService:82 - Data loader loading C:\crs516\sourcecode\data\test.txt at Fri Mar 28 14:51:14 EDT 2014
14:51:14,567  INFO FileBasedDataService:387 - dataSize is now 1
14:51:14,567  INFO FileBasedDataService:343 - Reading block C:\crs516\sourcecode\work\18/0.db
14:51:14,567  INFO FileBasedDataService:90 - Data from C:\crs516\sourcecode\data\test.txt loaded
14:51:15,567  INFO FileBasedDataServiceTest:268 - Shutting down executor
14:51:15,567  INFO FileBasedDataService:136 - Service ID is 19
14:51:15,567  INFO FileBasedDataService:82 - Data loader loading C:\crs516\sourcecode\data\test.txt at Fri Mar 28 14:51:15 EDT 2014
14:51:15,567  INFO FileBasedDataService:387 - dataSize is now 1
14:51:15,567  INFO FileBasedDataService:343 - Reading block C:\crs516\sourcecode\work\19/0.db
14:51:15,567  INFO FileBasedDataService:90 - Data from C:\crs516\sourcecode\data\test.txt loaded
14:51:16,568  INFO FileBasedDataService:136 - Service ID is 20
14:51:16,568  INFO FileBasedDataService:136 - Service ID is 21
14:51:16,568  INFO FileBasedDataService:82 - Data loader loading C:\crs516\sourcecode\data\test.txt at Fri Mar 28 14:51:16 EDT 2014
14:51:16,568  INFO FileBasedDataService:387 - dataSize is now 1
14:51:16,568  INFO FileBasedDataService:343 - Reading block C:\crs516\sourcecode\work\21/0.db
14:51:16,568  INFO FileBasedDataService:90 - Data from C:\crs516\sourcecode\data\test.txt loaded
14:51:17,569  INFO FileBasedDataServiceTest:268 - Shutting down executor
14:51:17,569  INFO FileBasedDataService:136 - Service ID is 22
14:51:17,569  INFO FileBasedDataService:82 - Data loader loading C:\crs516\sourcecode\data\test.txt at Fri Mar 28 14:51:17 EDT 2014
14:51:17,569  INFO FileBasedDataService:387 - dataSize is now 1
14:51:17,569  INFO FileBasedDataService:343 - Reading block C:\crs516\sourcecode\work\22/0.db
14:51:17,569  INFO FileBasedDataService:90 - Data from C:\crs516\sourcecode\data\test.txt loaded
14:51:18,570  INFO FileBasedDataService:136 - Service ID is 23
14:51:18,570  INFO FileBasedDataService:136 - Service ID is 24
14:51:18,570  INFO FileBasedDataService:82 - Data loader loading C:\crs516\sourcecode\data\OSDO5711.gz at Fri Mar 28 14:51:18 EDT 2014
14:51:18,570  INFO FileBasedDataService:387 - dataSize is now 72
14:51:18,570  INFO FileBasedDataService:343 - Reading block C:\crs516\sourcecode\work\24/0.db
14:51:18,570  INFO FileBasedDataService:90 - Data from C:\crs516\sourcecode\data\OSDO5711.gz loaded
14:51:19,571  INFO FileBasedDataServiceTest:268 - Shutting down executor
14:51:19,571  INFO FileBasedDataService:136 - Service ID is 25
14:51:19,571  INFO FileBasedDataService:82 - Data loader loading C:\crs516\sourcecode\data\test.txt at Fri Mar 28 14:51:19 EDT 2014
14:51:19,571  INFO FileBasedDataService:387 - dataSize is now 1
14:51:19,571  INFO FileBasedDataService:343 - Reading block C:\crs516\sourcecode\work\25/0.db
14:51:19,571  INFO FileBasedDataService:90 - Data from C:\crs516\sourcecode\data\test.txt loaded
14:51:20,572  INFO FileBasedDataService:136 - Service ID is 26
14:51:20,572  INFO FileBasedDataService:136 - Service ID is 27
14:51:20,572  INFO FileBasedDataService:82 - Data loader loading C:\crs516\sourcecode\data\test.txt at Fri Mar 28 14:51:20 EDT 2014
14:51:20,572  INFO FileBasedDataService:387 - dataSize is now 1
14:51:20,572  INFO FileBasedDataService:343 - Reading block C:\crs516\sourcecode\work\27/0.db
14:51:20,572  INFO FileBasedDataService:90 - Data from C:\crs516\sourcecode\data\test.txt loaded
14:51:21,573  INFO FileBasedDataServiceTest:268 - Shutting down executor
14:51:21,573  INFO FileBasedDataService:136 - Service ID is 28
14:51:21,573  INFO FileBasedDataService:82 - Data loader loading C:\crs516\sourcecode\data\test.txt at Fri Mar 28 14:51:21 EDT 2014
14:51:21,573  INFO FileBasedDataService:387 - dataSize is now 1
14:51:21,573  INFO FileBasedDataService:343 - Reading block C:\crs516\sourcecode\work\28/0.db
14:51:21,573  INFO FileBasedDataService:90 - Data from C:\crs516\sourcecode\data\test.txt loaded
14:51:22,574  INFO FileBasedDataService:136 - Service ID is 29
14:51:22,574  INFO FileBasedDataService:136 - Service ID is 30
14:51:22,574  INFO FileBasedDataService:82 - Data loader loading C:\crs516\sourcecode\data\test.txt at Fri Mar 28 14:51:22 EDT 2014
14:51:22,574  INFO FileBasedDataService:387 - dataSize is now 1
14:51:22,574  INFO FileBasedDataService:343 - Reading block C:\crs516\sourcecode\work\30/0.db
14:51:22,574  INFO FileBasedDataService:90 - Data from C:\crs516\sourcecode\data\test.txt loaded
14:51:23,575  INFO FileBasedDataServiceTest:268 - Shutting down executor
14:51:23,575  INFO FileBasedDataService:136 - Service ID is 31
14:51:23,575  INFO FileBasedDataService:82 - Data loader loading C:\crs516\sourcecode\data\test.txt at Fri Mar 28 14:51:23 EDT 2014
14:51:23,575  INFO FileBasedDataService:387 - dataSize is now 1
14:51:23,575  INFO FileBasedDataService:343 - Reading block C:\crs516\sourcecode\work\31/0.db
14:51:23,575  INFO FileBasedDataService:90 - Data from C:\crs516\sourcecode\data\test.txt loaded
14:51:24,576  INFO FileBasedDataService:136 - Service ID is 32
14:51:24,576  INFO FileBasedDataService:136 - Service ID is 33
14:51:24,576  INFO FileBasedDataService:82 - Data loader loading C:\crs516\sourcecode\data\test.txt at Fri Mar 28 14:51:24 EDT 2014
14:51:24,576  INFO FileBasedDataService:387 - dataSize is now 1
14:51:24,576  INFO FileBasedDataService:343 - Reading block C:\crs516\sourcecode\work\33/0.db
14:51:24,576  INFO FileBasedDataService:90 - Data from C:\crs516\sourcecode\data\test.txt loaded
14:51:25,576  INFO FileBasedDataServiceTest:268 - Shutting down executor
14:51:50,158  INFO TaskEngineStarter:99 - Registry is closed
14:51:50,158  INFO TaskEngineImpl:84 - Task engine says bye!.
14:51:58,537  INFO TaskEngineStarter:60 - RMI registry ready.
14:51:58,600  INFO TaskEngineImpl:55 - Task engine is registered in rmiRegistry
14:52:04,227  INFO Client:33 - engine located 
14:52:04,227  INFO Client:42 - commandImpl created 
14:52:04,242  INFO CommandImpl:26 - execute called 
14:52:04,242  INFO Client:51 - command submitted to task engine
14:52:04,259  INFO FileBasedDataService:146 - Cleaning up work directory
14:52:04,274  INFO FileBasedDataService:136 - Service ID is 0
14:52:04,274  INFO FileBasedDataService:82 - Data loader loading C:\crs516\sourcecode\data\OSDO5711.gz at Fri Mar 28 14:52:04 EDT 2014
14:52:04,290  INFO FileBasedDataService:387 - dataSize is now 72
14:52:04,290  INFO FileBasedDataService:343 - Reading block C:\crs516\sourcecode\work\0/0.db
14:52:04,290  INFO FileBasedDataService:90 - Data from C:\crs516\sourcecode\data\OSDO5711.gz loaded
15:54:14,481  INFO TaskEngineImpl:84 - Task engine says bye!.
15:54:14,481  INFO TaskEngineStarter:99 - Registry is closed
