04:34:16,561  INFO FileBasedDataService:146 - Cleaning up work directory
04:34:16,561  INFO FileBasedDataService:136 - Service ID is 0
04:37:49,978  INFO FileBasedDataService:146 - Cleaning up work directory
04:37:49,978  INFO FileBasedDataService:136 - Service ID is 0
04:37:49,995  INFO FileBasedDataService:82 - Data loader loading C:\crs516\sourcecode\data\test.txt at Mon May 18 04:37:49 EDT 2015
04:37:49,995  INFO FileBasedDataService:387 - dataSize is now 1
04:37:49,995  INFO FileBasedDataService:343 - Reading block C:\crs516\sourcecode\work\0/0.db
04:37:49,995  INFO FileBasedDataService:90 - Data from C:\crs516\sourcecode\data\test.txt loaded
04:37:50,995  INFO FileBasedDataService:136 - Service ID is 1
04:37:50,995  INFO FileBasedDataService:136 - Service ID is 2
04:37:50,995  INFO FileBasedDataService:82 - Data loader loading C:\crs516\sourcecode\data\test.txt at Mon May 18 04:37:50 EDT 2015
04:37:50,995  INFO FileBasedDataService:387 - dataSize is now 1
04:37:50,995  INFO FileBasedDataService:343 - Reading block C:\crs516\sourcecode\work\2/0.db
04:37:50,995  INFO FileBasedDataService:90 - Data from C:\crs516\sourcecode\data\test.txt loaded
04:37:51,996  INFO FileBasedDataServiceTest:268 - Shutting down executor
04:37:51,996  INFO FileBasedDataService:136 - Service ID is 3
04:37:51,996  INFO FileBasedDataService:82 - Data loader loading C:\crs516\sourcecode\data\test.txt at Mon May 18 04:37:51 EDT 2015
04:37:51,996  INFO FileBasedDataService:387 - dataSize is now 1
04:37:51,996  INFO FileBasedDataService:343 - Reading block C:\crs516\sourcecode\work\3/0.db
04:37:51,996  INFO FileBasedDataService:90 - Data from C:\crs516\sourcecode\data\test.txt loaded
04:37:52,997  INFO FileBasedDataService:136 - Service ID is 4
04:37:52,997  INFO FileBasedDataService:136 - Service ID is 5
04:37:52,997  INFO FileBasedDataService:82 - Data loader loading C:\crs516\sourcecode\data\test.txt at Mon May 18 04:37:52 EDT 2015
04:37:52,997  INFO FileBasedDataService:387 - dataSize is now 1
04:37:52,997  INFO FileBasedDataService:343 - Reading block C:\crs516\sourcecode\work\5/0.db
04:37:52,997  INFO FileBasedDataService:90 - Data from C:\crs516\sourcecode\data\test.txt loaded
04:37:53,998  INFO FileBasedDataService:136 - Service ID is 6
04:37:53,998  INFO FileBasedDataService:82 - Data loader loading C:\crs516\sourcecode\data\OSDO5711.gz at Mon May 18 04:37:53 EDT 2015
04:37:54,124  INFO FileBasedDataService:387 - dataSize is now 72
04:37:54,124  INFO FileBasedDataService:343 - Reading block C:\crs516\sourcecode\work\6/0.db
04:37:54,124  INFO FileBasedDataService:90 - Data from C:\crs516\sourcecode\data\OSDO5711.gz loaded
04:37:54,999  INFO FileBasedDataServiceTest:268 - Shutting down executor
04:37:54,999  INFO FileBasedDataService:136 - Service ID is 7
04:37:54,999  INFO FileBasedDataService:82 - Data loader loading C:\crs516\sourcecode\data\test.txt at Mon May 18 04:37:54 EDT 2015
04:37:54,999  INFO FileBasedDataService:387 - dataSize is now 1
04:37:54,999  INFO FileBasedDataService:343 - Reading block C:\crs516\sourcecode\work\7/0.db
04:37:54,999  INFO FileBasedDataService:90 - Data from C:\crs516\sourcecode\data\test.txt loaded
04:37:56,000  INFO FileBasedDataService:136 - Service ID is 8
04:37:56,000  INFO FileBasedDataService:136 - Service ID is 9
04:37:56,000  INFO FileBasedDataService:82 - Data loader loading C:\crs516\sourcecode\data\test.txt at Mon May 18 04:37:56 EDT 2015
04:37:56,000  INFO FileBasedDataService:387 - dataSize is now 1
04:37:56,000  INFO FileBasedDataService:343 - Reading block C:\crs516\sourcecode\work\9/0.db
04:37:56,000  INFO FileBasedDataService:90 - Data from C:\crs516\sourcecode\data\test.txt loaded
04:37:57,001  INFO FileBasedDataServiceTest:268 - Shutting down executor
04:37:57,001  INFO FileBasedDataService:136 - Service ID is 10
04:37:57,001  INFO FileBasedDataService:82 - Data loader loading C:\crs516\sourcecode\data\test.txt at Mon May 18 04:37:57 EDT 2015
04:37:57,001  INFO FileBasedDataService:387 - dataSize is now 1
04:37:57,001  INFO FileBasedDataService:343 - Reading block C:\crs516\sourcecode\work\10/0.db
04:37:57,001  INFO FileBasedDataService:90 - Data from C:\crs516\sourcecode\data\test.txt loaded
04:37:58,002  INFO FileBasedDataService:136 - Service ID is 11
04:37:58,002  INFO FileBasedDataService:136 - Service ID is 12
04:37:58,002  INFO FileBasedDataService:82 - Data loader loading C:\crs516\sourcecode\data\test.txt at Mon May 18 04:37:58 EDT 2015
04:37:58,002  INFO FileBasedDataService:387 - dataSize is now 1
04:37:58,002  INFO FileBasedDataService:343 - Reading block C:\crs516\sourcecode\work\12/0.db
04:37:58,002  INFO FileBasedDataService:90 - Data from C:\crs516\sourcecode\data\test.txt loaded
04:37:59,003  INFO FileBasedDataServiceTest:268 - Shutting down executor
04:37:59,003  INFO FileBasedDataService:136 - Service ID is 13
04:37:59,003  INFO FileBasedDataService:82 - Data loader loading C:\crs516\sourcecode\data\test.txt at Mon May 18 04:37:59 EDT 2015
04:37:59,003  INFO FileBasedDataService:387 - dataSize is now 1
04:37:59,003  INFO FileBasedDataService:343 - Reading block C:\crs516\sourcecode\work\13/0.db
04:37:59,003  INFO FileBasedDataService:90 - Data from C:\crs516\sourcecode\data\test.txt loaded
04:38:00,004  INFO FileBasedDataService:136 - Service ID is 14
04:38:00,004  INFO FileBasedDataService:136 - Service ID is 15
04:38:00,004  INFO FileBasedDataService:82 - Data loader loading C:\crs516\sourcecode\data\OSDO5711.gz at Mon May 18 04:38:00 EDT 2015
04:38:00,004  INFO FileBasedDataService:387 - dataSize is now 72
04:38:00,004  INFO FileBasedDataService:343 - Reading block C:\crs516\sourcecode\work\15/0.db
04:38:00,004  INFO FileBasedDataService:90 - Data from C:\crs516\sourcecode\data\OSDO5711.gz loaded
04:38:01,005  INFO FileBasedDataServiceTest:268 - Shutting down executor
04:38:01,005  INFO FileBasedDataService:136 - Service ID is 16
04:38:01,005  INFO FileBasedDataService:82 - Data loader loading C:\crs516\sourcecode\data\test.txt at Mon May 18 04:38:01 EDT 2015
04:38:01,005  INFO FileBasedDataService:387 - dataSize is now 1
04:38:01,005  INFO FileBasedDataService:343 - Reading block C:\crs516\sourcecode\work\16/0.db
04:38:01,005  INFO FileBasedDataService:90 - Data from C:\crs516\sourcecode\data\test.txt loaded
04:38:02,006  INFO FileBasedDataService:136 - Service ID is 17
04:38:02,006  INFO FileBasedDataService:136 - Service ID is 18
04:38:02,006  INFO FileBasedDataService:82 - Data loader loading C:\crs516\sourcecode\data\test.txt at Mon May 18 04:38:02 EDT 2015
04:38:02,006  INFO FileBasedDataService:387 - dataSize is now 1
04:38:02,006  INFO FileBasedDataService:343 - Reading block C:\crs516\sourcecode\work\18/0.db
04:38:02,006  INFO FileBasedDataService:90 - Data from C:\crs516\sourcecode\data\test.txt loaded
04:38:03,007  INFO FileBasedDataServiceTest:268 - Shutting down executor
04:38:03,007  INFO FileBasedDataService:136 - Service ID is 19
04:38:03,007  INFO FileBasedDataService:82 - Data loader loading C:\crs516\sourcecode\data\test.txt at Mon May 18 04:38:03 EDT 2015
04:38:03,007  INFO FileBasedDataService:387 - dataSize is now 1
04:38:03,007  INFO FileBasedDataService:343 - Reading block C:\crs516\sourcecode\work\19/0.db
04:38:03,007  INFO FileBasedDataService:90 - Data from C:\crs516\sourcecode\data\test.txt loaded
04:38:04,008  INFO FileBasedDataService:136 - Service ID is 20
04:38:04,008  INFO FileBasedDataService:136 - Service ID is 21
04:38:04,008  INFO FileBasedDataService:82 - Data loader loading C:\crs516\sourcecode\data\test.txt at Mon May 18 04:38:04 EDT 2015
04:38:04,008  INFO FileBasedDataService:387 - dataSize is now 1
04:38:04,008  INFO FileBasedDataService:343 - Reading block C:\crs516\sourcecode\work\21/0.db
04:38:04,008  INFO FileBasedDataService:90 - Data from C:\crs516\sourcecode\data\test.txt loaded
04:38:05,009  INFO FileBasedDataServiceTest:268 - Shutting down executor
04:38:05,009  INFO FileBasedDataService:136 - Service ID is 22
04:38:05,009  INFO FileBasedDataService:82 - Data loader loading C:\crs516\sourcecode\data\test.txt at Mon May 18 04:38:05 EDT 2015
04:38:05,009  INFO FileBasedDataService:387 - dataSize is now 1
04:38:05,009  INFO FileBasedDataService:343 - Reading block C:\crs516\sourcecode\work\22/0.db
04:38:05,009  INFO FileBasedDataService:90 - Data from C:\crs516\sourcecode\data\test.txt loaded
04:38:06,010  INFO FileBasedDataService:136 - Service ID is 23
04:38:06,010  INFO FileBasedDataService:136 - Service ID is 24
04:38:06,010  INFO FileBasedDataService:82 - Data loader loading C:\crs516\sourcecode\data\OSDO5711.gz at Mon May 18 04:38:06 EDT 2015
04:38:06,026  INFO FileBasedDataService:387 - dataSize is now 72
04:38:06,026  INFO FileBasedDataService:343 - Reading block C:\crs516\sourcecode\work\24/0.db
04:38:06,026  INFO FileBasedDataService:90 - Data from C:\crs516\sourcecode\data\OSDO5711.gz loaded
04:38:07,011  INFO FileBasedDataServiceTest:268 - Shutting down executor
04:38:07,011  INFO FileBasedDataService:136 - Service ID is 25
04:38:07,011  INFO FileBasedDataService:82 - Data loader loading C:\crs516\sourcecode\data\test.txt at Mon May 18 04:38:07 EDT 2015
04:38:07,011  INFO FileBasedDataService:387 - dataSize is now 1
04:38:07,011  INFO FileBasedDataService:343 - Reading block C:\crs516\sourcecode\work\25/0.db
04:38:07,011  INFO FileBasedDataService:90 - Data from C:\crs516\sourcecode\data\test.txt loaded
04:38:08,012  INFO FileBasedDataService:136 - Service ID is 26
04:38:08,012  INFO FileBasedDataService:136 - Service ID is 27
04:38:08,012  INFO FileBasedDataService:82 - Data loader loading C:\crs516\sourcecode\data\test.txt at Mon May 18 04:38:08 EDT 2015
04:38:08,044  INFO FileBasedDataService:387 - dataSize is now 1
04:38:08,044  INFO FileBasedDataService:343 - Reading block C:\crs516\sourcecode\work\27/0.db
04:38:08,044  INFO FileBasedDataService:90 - Data from C:\crs516\sourcecode\data\test.txt loaded
04:38:09,013  INFO FileBasedDataServiceTest:268 - Shutting down executor
04:38:09,013  INFO FileBasedDataService:136 - Service ID is 28
04:38:09,013  INFO FileBasedDataService:82 - Data loader loading C:\crs516\sourcecode\data\test.txt at Mon May 18 04:38:09 EDT 2015
04:38:09,013  INFO FileBasedDataService:387 - dataSize is now 1
04:38:09,013  INFO FileBasedDataService:343 - Reading block C:\crs516\sourcecode\work\28/0.db
04:38:09,013  INFO FileBasedDataService:90 - Data from C:\crs516\sourcecode\data\test.txt loaded
04:38:10,014  INFO FileBasedDataService:136 - Service ID is 29
04:38:10,014  INFO FileBasedDataService:136 - Service ID is 30
04:38:10,014  INFO FileBasedDataService:82 - Data loader loading C:\crs516\sourcecode\data\test.txt at Mon May 18 04:38:10 EDT 2015
04:38:10,014  INFO FileBasedDataService:387 - dataSize is now 1
04:38:10,014  INFO FileBasedDataService:343 - Reading block C:\crs516\sourcecode\work\30/0.db
04:38:10,014  INFO FileBasedDataService:90 - Data from C:\crs516\sourcecode\data\test.txt loaded
04:38:11,015  INFO FileBasedDataServiceTest:268 - Shutting down executor
04:38:11,015  INFO FileBasedDataService:136 - Service ID is 31
04:38:11,015  INFO FileBasedDataService:82 - Data loader loading C:\crs516\sourcecode\data\test.txt at Mon May 18 04:38:11 EDT 2015
04:38:11,015  INFO FileBasedDataService:387 - dataSize is now 1
04:38:11,015  INFO FileBasedDataService:343 - Reading block C:\crs516\sourcecode\work\31/0.db
04:38:11,015  INFO FileBasedDataService:90 - Data from C:\crs516\sourcecode\data\test.txt loaded
04:38:12,016  INFO FileBasedDataService:136 - Service ID is 32
04:38:12,016  INFO FileBasedDataService:136 - Service ID is 33
04:38:12,016  INFO FileBasedDataService:82 - Data loader loading C:\crs516\sourcecode\data\test.txt at Mon May 18 04:38:12 EDT 2015
04:38:12,016  INFO FileBasedDataService:387 - dataSize is now 1
04:38:12,016  INFO FileBasedDataService:343 - Reading block C:\crs516\sourcecode\work\33/0.db
04:38:12,016  INFO FileBasedDataService:90 - Data from C:\crs516\sourcecode\data\test.txt loaded
04:38:13,017  INFO FileBasedDataServiceTest:268 - Shutting down executor
04:38:13,627  INFO FileBasedDataService:136 - Service ID is 34
04:41:19,335  INFO ClassPathXmlApplicationContext:500 - Refreshing org.springframework.context.support.ClassPathXmlApplicationContext@5fcfe4b2: startup date [Mon May 18 04:41:19 EDT 2015]; root of context hierarchy
04:41:19,398  INFO XmlBeanDefinitionReader:315 - Loading XML bean definitions from class path resource [guiConfig.xml]
04:41:19,554  INFO ClassPathBeanDefinitionScanner:210 - JSR-330 'javax.inject.Named' annotation found and supported for component scanning
04:43:54,456  INFO ClassPathXmlApplicationContext:500 - Refreshing org.springframework.context.support.ClassPathXmlApplicationContext@5fcfe4b2: startup date [Mon May 18 04:43:54 EDT 2015]; root of context hierarchy
04:43:54,518  INFO XmlBeanDefinitionReader:315 - Loading XML bean definitions from class path resource [guiConfig.xml]
04:43:54,690  INFO ClassPathBeanDefinitionScanner:210 - JSR-330 'javax.inject.Named' annotation found and supported for component scanning
04:56:38,099  INFO ClassPathXmlApplicationContext:500 - Refreshing org.springframework.context.support.ClassPathXmlApplicationContext@5fcfe4b2: startup date [Mon May 18 04:56:38 EDT 2015]; root of context hierarchy
04:56:38,146  INFO XmlBeanDefinitionReader:315 - Loading XML bean definitions from class path resource [guiConfig.xml]
04:56:38,318  INFO ClassPathBeanDefinitionScanner:210 - JSR-330 'javax.inject.Named' annotation found and supported for component scanning
04:57:09,288  INFO ClassPathXmlApplicationContext:500 - Refreshing org.springframework.context.support.ClassPathXmlApplicationContext@5fcfe4b2: startup date [Mon May 18 04:57:09 EDT 2015]; root of context hierarchy
04:57:09,350  INFO XmlBeanDefinitionReader:315 - Loading XML bean definitions from class path resource [guiConfig.xml]
04:57:09,522  INFO ClassPathBeanDefinitionScanner:210 - JSR-330 'javax.inject.Named' annotation found and supported for component scanning
04:58:15,587  INFO ClassPathXmlApplicationContext:500 - Refreshing org.springframework.context.support.ClassPathXmlApplicationContext@5fcfe4b2: startup date [Mon May 18 04:58:15 EDT 2015]; root of context hierarchy
04:58:15,634  INFO XmlBeanDefinitionReader:315 - Loading XML bean definitions from class path resource [guiConfig.xml]
04:58:15,806  INFO ClassPathBeanDefinitionScanner:210 - JSR-330 'javax.inject.Named' annotation found and supported for component scanning
04:58:15,915  INFO AutowiredAnnotationBeanPostProcessor:139 - JSR-330 'javax.inject.Inject' annotation found and supported for autowiring
04:58:15,931  INFO DefaultListableBeanFactory:581 - Pre-instantiating singletons in org.springframework.beans.factory.support.DefaultListableBeanFactory@2038ae61: defining beans [fileBasedDataService,WODController,org.springframework.context.annotation.internalConfigurationAnnotationProcessor,org.springframework.context.annotation.internalAutowiredAnnotationProcessor,org.springframework.context.annotation.internalRequiredAnnotationProcessor,org.springframework.context.annotation.internalCommonAnnotationProcessor,org.springframework.context.annotation.ConfigurationClassPostProcessor$ImportAwareBeanPostProcessor#0]; root of factory hierarchy
04:58:15,931  INFO DefaultListableBeanFactory:433 - Destroying singletons in org.springframework.beans.factory.support.DefaultListableBeanFactory@2038ae61: defining beans [fileBasedDataService,WODController,org.springframework.context.annotation.internalConfigurationAnnotationProcessor,org.springframework.context.annotation.internalAutowiredAnnotationProcessor,org.springframework.context.annotation.internalRequiredAnnotationProcessor,org.springframework.context.annotation.internalCommonAnnotationProcessor,org.springframework.context.annotation.ConfigurationClassPostProcessor$ImportAwareBeanPostProcessor#0]; root of factory hierarchy
04:59:04,401  INFO ClassPathXmlApplicationContext:500 - Refreshing org.springframework.context.support.ClassPathXmlApplicationContext@5fcfe4b2: startup date [Mon May 18 04:59:04 EDT 2015]; root of context hierarchy
04:59:04,448  INFO XmlBeanDefinitionReader:315 - Loading XML bean definitions from class path resource [guiConfig.xml]
04:59:04,620  INFO ClassPathBeanDefinitionScanner:210 - JSR-330 'javax.inject.Named' annotation found and supported for component scanning
04:59:04,729  INFO AutowiredAnnotationBeanPostProcessor:139 - JSR-330 'javax.inject.Inject' annotation found and supported for autowiring
04:59:04,745  INFO DefaultListableBeanFactory:581 - Pre-instantiating singletons in org.springframework.beans.factory.support.DefaultListableBeanFactory@2038ae61: defining beans [fileBasedDataService,WODController,org.springframework.context.annotation.internalConfigurationAnnotationProcessor,org.springframework.context.annotation.internalAutowiredAnnotationProcessor,org.springframework.context.annotation.internalRequiredAnnotationProcessor,org.springframework.context.annotation.internalCommonAnnotationProcessor,org.springframework.context.annotation.ConfigurationClassPostProcessor$ImportAwareBeanPostProcessor#0]; root of factory hierarchy
04:59:04,761  INFO FileBasedDataService:152 - Cleaning up work directory
04:59:04,776  INFO FileBasedDataService:142 - Service ID is 0
04:59:51,984  INFO ClassPathXmlApplicationContext:500 - Refreshing org.springframework.context.support.ClassPathXmlApplicationContext@5fcfe4b2: startup date [Mon May 18 04:59:51 EDT 2015]; root of context hierarchy
04:59:52,047  INFO XmlBeanDefinitionReader:315 - Loading XML bean definitions from class path resource [guiConfig.xml]
04:59:52,218  INFO ClassPathBeanDefinitionScanner:210 - JSR-330 'javax.inject.Named' annotation found and supported for component scanning
04:59:52,343  INFO AutowiredAnnotationBeanPostProcessor:139 - JSR-330 'javax.inject.Inject' annotation found and supported for autowiring
04:59:52,343  INFO DefaultListableBeanFactory:581 - Pre-instantiating singletons in org.springframework.beans.factory.support.DefaultListableBeanFactory@2038ae61: defining beans [fileBasedDataService,wodController,org.springframework.context.annotation.internalConfigurationAnnotationProcessor,org.springframework.context.annotation.internalAutowiredAnnotationProcessor,org.springframework.context.annotation.internalRequiredAnnotationProcessor,org.springframework.context.annotation.internalCommonAnnotationProcessor,org.springframework.context.annotation.ConfigurationClassPostProcessor$ImportAwareBeanPostProcessor#0]; root of factory hierarchy
04:59:52,359  INFO FileBasedDataService:152 - Cleaning up work directory
04:59:52,359  INFO FileBasedDataService:142 - Service ID is 0
05:00:01,268  INFO WODController:166 - Loading C:\crs516\sourcecode\data\test.txt
05:00:01,784  INFO WODController:197 - About to read file test.txt
05:00:01,784  INFO FileBasedDataService:85 - Data loader loading C:\crs516\sourcecode\data\test.txt at Mon May 18 05:00:01 EDT 2015
05:00:01,784  INFO FileBasedDataService:393 - dataSize is now 1
05:00:01,784  INFO FileBasedDataService:349 - Reading block C:\crs516\sourcecode\work\0/0.db
05:00:01,784  INFO FileBasedDataService:93 - Data from C:\crs516\sourcecode\data\test.txt loaded
05:00:02,269  INFO WODController:204 - All stations from test.txt are loaded!
15:49:03,529  INFO ClassPathXmlApplicationContext:500 - Refreshing org.springframework.context.support.ClassPathXmlApplicationContext@5fcfe4b2: startup date [Mon May 18 15:49:03 EDT 2015]; root of context hierarchy
15:49:03,638  INFO XmlBeanDefinitionReader:315 - Loading XML bean definitions from class path resource [guiConfig.xml]
15:49:04,154  INFO ClassPathBeanDefinitionScanner:210 - JSR-330 'javax.inject.Named' annotation found and supported for component scanning
15:49:04,500  INFO AutowiredAnnotationBeanPostProcessor:139 - JSR-330 'javax.inject.Inject' annotation found and supported for autowiring
15:49:04,515  INFO DefaultListableBeanFactory:581 - Pre-instantiating singletons in org.springframework.beans.factory.support.DefaultListableBeanFactory@2038ae61: defining beans [fileBasedDataService,wodController,org.springframework.context.annotation.internalConfigurationAnnotationProcessor,org.springframework.context.annotation.internalAutowiredAnnotationProcessor,org.springframework.context.annotation.internalRequiredAnnotationProcessor,org.springframework.context.annotation.internalCommonAnnotationProcessor,org.springframework.context.annotation.ConfigurationClassPostProcessor$ImportAwareBeanPostProcessor#0]; root of factory hierarchy
15:49:04,531  INFO FileBasedDataService:152 - Cleaning up work directory
15:49:04,531  INFO FileBasedDataService:142 - Service ID is 0
17:03:55,458  INFO ClassPathXmlApplicationContext:500 - Refreshing org.springframework.context.support.ClassPathXmlApplicationContext@5fcfe4b2: startup date [Mon May 18 17:03:55 EDT 2015]; root of context hierarchy
17:03:55,630  INFO XmlBeanDefinitionReader:315 - Loading XML bean definitions from class path resource [guiConfig.xml]
17:03:55,818  INFO ClassPathBeanDefinitionScanner:210 - JSR-330 'javax.inject.Named' annotation found and supported for component scanning
17:03:55,943  INFO AutowiredAnnotationBeanPostProcessor:139 - JSR-330 'javax.inject.Inject' annotation found and supported for autowiring
17:03:55,958  INFO DefaultListableBeanFactory:581 - Pre-instantiating singletons in org.springframework.beans.factory.support.DefaultListableBeanFactory@2038ae61: defining beans [fileBasedDataService,wodController,org.springframework.context.annotation.internalConfigurationAnnotationProcessor,org.springframework.context.annotation.internalAutowiredAnnotationProcessor,org.springframework.context.annotation.internalRequiredAnnotationProcessor,org.springframework.context.annotation.internalCommonAnnotationProcessor,org.springframework.context.annotation.ConfigurationClassPostProcessor$ImportAwareBeanPostProcessor#0]; root of factory hierarchy
17:03:55,958  INFO FileBasedDataService:153 - Cleaning up work directory
17:03:55,974  INFO FileBasedDataService:143 - Service ID is 0
17:04:02,975  INFO WODController:170 - Loading C:\crs516\sourcecode\data\test.txt
17:04:03,460  INFO WODController:201 - About to read file test.txt
17:04:03,460  INFO FileBasedDataService:86 - Data loader loading C:\crs516\sourcecode\data\test.txt at Mon May 18 17:04:03 EDT 2015
17:04:03,476  INFO FileBasedDataService:394 - dataSize is now 1
17:04:03,476  INFO FileBasedDataService:350 - Reading block C:\crs516\sourcecode\work\0/0.db
17:04:03,476  INFO FileBasedDataService:94 - Data from C:\crs516\sourcecode\data\test.txt loaded
17:04:04,132  INFO WODController:208 - All stations from test.txt are loaded!
19:11:39,481  INFO ClassPathXmlApplicationContext:500 - Refreshing org.springframework.context.support.ClassPathXmlApplicationContext@5fcfe4b2: startup date [Mon May 18 19:11:39 EDT 2015]; root of context hierarchy
19:11:39,544  INFO XmlBeanDefinitionReader:315 - Loading XML bean definitions from class path resource [guiConfig.xml]
19:11:39,716  INFO ClassPathBeanDefinitionScanner:210 - JSR-330 'javax.inject.Named' annotation found and supported for component scanning
19:11:39,841  INFO AutowiredAnnotationBeanPostProcessor:139 - JSR-330 'javax.inject.Inject' annotation found and supported for autowiring
19:11:39,841  INFO DefaultListableBeanFactory:581 - Pre-instantiating singletons in org.springframework.beans.factory.support.DefaultListableBeanFactory@2038ae61: defining beans [wodController,org.springframework.context.annotation.internalConfigurationAnnotationProcessor,org.springframework.context.annotation.internalAutowiredAnnotationProcessor,org.springframework.context.annotation.internalRequiredAnnotationProcessor,org.springframework.context.annotation.internalCommonAnnotationProcessor,org.springframework.context.annotation.ConfigurationClassPostProcessor$ImportAwareBeanPostProcessor#0]; root of factory hierarchy
19:11:39,966  INFO DefaultListableBeanFactory:433 - Destroying singletons in org.springframework.beans.factory.support.DefaultListableBeanFactory@2038ae61: defining beans [wodController,org.springframework.context.annotation.internalConfigurationAnnotationProcessor,org.springframework.context.annotation.internalAutowiredAnnotationProcessor,org.springframework.context.annotation.internalRequiredAnnotationProcessor,org.springframework.context.annotation.internalCommonAnnotationProcessor,org.springframework.context.annotation.ConfigurationClassPostProcessor$ImportAwareBeanPostProcessor#0]; root of factory hierarchy
19:11:59,451  INFO ClassPathXmlApplicationContext:500 - Refreshing org.springframework.context.support.ClassPathXmlApplicationContext@5fcfe4b2: startup date [Mon May 18 19:11:59 EDT 2015]; root of context hierarchy
19:11:59,513  INFO XmlBeanDefinitionReader:315 - Loading XML bean definitions from class path resource [guiConfig.xml]
19:11:59,685  INFO ClassPathBeanDefinitionScanner:210 - JSR-330 'javax.inject.Named' annotation found and supported for component scanning
19:11:59,810  INFO AutowiredAnnotationBeanPostProcessor:139 - JSR-330 'javax.inject.Inject' annotation found and supported for autowiring
19:11:59,826  INFO DefaultListableBeanFactory:581 - Pre-instantiating singletons in org.springframework.beans.factory.support.DefaultListableBeanFactory@2038ae61: defining beans [wodController,org.springframework.context.annotation.internalConfigurationAnnotationProcessor,org.springframework.context.annotation.internalAutowiredAnnotationProcessor,org.springframework.context.annotation.internalRequiredAnnotationProcessor,org.springframework.context.annotation.internalCommonAnnotationProcessor,org.springframework.context.annotation.ConfigurationClassPostProcessor$ImportAwareBeanPostProcessor#0]; root of factory hierarchy
19:11:59,857  INFO DefaultListableBeanFactory:433 - Destroying singletons in org.springframework.beans.factory.support.DefaultListableBeanFactory@2038ae61: defining beans [wodController,org.springframework.context.annotation.internalConfigurationAnnotationProcessor,org.springframework.context.annotation.internalAutowiredAnnotationProcessor,org.springframework.context.annotation.internalRequiredAnnotationProcessor,org.springframework.context.annotation.internalCommonAnnotationProcessor,org.springframework.context.annotation.ConfigurationClassPostProcessor$ImportAwareBeanPostProcessor#0]; root of factory hierarchy
19:15:16,944  INFO ClassPathXmlApplicationContext:500 - Refreshing org.springframework.context.support.ClassPathXmlApplicationContext@5fcfe4b2: startup date [Mon May 18 19:15:16 EDT 2015]; root of context hierarchy
19:15:17,007  INFO XmlBeanDefinitionReader:315 - Loading XML bean definitions from class path resource [guiConfig.xml]
19:15:17,179  INFO ClassPathBeanDefinitionScanner:210 - JSR-330 'javax.inject.Named' annotation found and supported for component scanning
19:15:17,304  INFO AutowiredAnnotationBeanPostProcessor:139 - JSR-330 'javax.inject.Inject' annotation found and supported for autowiring
19:15:17,319  INFO DefaultListableBeanFactory:581 - Pre-instantiating singletons in org.springframework.beans.factory.support.DefaultListableBeanFactory@2038ae61: defining beans [fileBasedDataService,wodController,org.springframework.context.annotation.internalConfigurationAnnotationProcessor,org.springframework.context.annotation.internalAutowiredAnnotationProcessor,org.springframework.context.annotation.internalRequiredAnnotationProcessor,org.springframework.context.annotation.internalCommonAnnotationProcessor,org.springframework.context.annotation.ConfigurationClassPostProcessor$ImportAwareBeanPostProcessor#0]; root of factory hierarchy
19:15:17,319  INFO FileBasedDataService:153 - Cleaning up work directory
19:15:17,335  INFO FileBasedDataService:143 - Service ID is 0
19:15:24,664  INFO WODController:170 - Loading C:\crs516\sourcecode\data\test.txt
19:15:24,806  INFO WODController:201 - About to read file test.txt
19:15:24,806  INFO FileBasedDataService:86 - Data loader loading C:\crs516\sourcecode\data\test.txt at Mon May 18 19:15:24 EDT 2015
19:15:24,806  INFO FileBasedDataService:394 - dataSize is now 1
19:15:24,806  INFO FileBasedDataService:350 - Reading block C:\crs516\sourcecode\work\0/0.db
19:15:24,806  INFO FileBasedDataService:94 - Data from C:\crs516\sourcecode\data\test.txt loaded
19:15:25,290  INFO WODController:208 - All stations from test.txt are loaded!
19:16:17,872  INFO FileBasedDataService:153 - Cleaning up work directory
19:16:17,887  INFO FileBasedDataService:143 - Service ID is 0
19:16:17,887  INFO FileBasedDataService:86 - Data loader loading C:\crs516\sourcecode\data\test.txt at Mon May 18 19:16:17 EDT 2015
19:16:17,887  INFO FileBasedDataService:394 - dataSize is now 1
19:16:17,887  INFO FileBasedDataService:350 - Reading block C:\crs516\sourcecode\work\0/0.db
19:16:17,887  INFO FileBasedDataService:94 - Data from C:\crs516\sourcecode\data\test.txt loaded
19:16:18,935  INFO FileBasedDataService:143 - Service ID is 1
19:16:18,935  INFO FileBasedDataService:143 - Service ID is 2
19:16:18,935  INFO FileBasedDataService:86 - Data loader loading C:\crs516\sourcecode\data\test.txt at Mon May 18 19:16:18 EDT 2015
19:16:18,935  INFO FileBasedDataService:394 - dataSize is now 1
19:16:18,935  INFO FileBasedDataService:350 - Reading block C:\crs516\sourcecode\work\2/0.db
19:16:18,935  INFO FileBasedDataService:94 - Data from C:\crs516\sourcecode\data\test.txt loaded
19:16:19,936  INFO FileBasedDataServiceTest:268 - Shutting down executor
19:16:19,936  INFO FileBasedDataService:143 - Service ID is 3
19:16:19,936  INFO FileBasedDataService:86 - Data loader loading C:\crs516\sourcecode\data\test.txt at Mon May 18 19:16:19 EDT 2015
19:16:19,936  INFO FileBasedDataService:394 - dataSize is now 1
19:16:19,936  INFO FileBasedDataService:350 - Reading block C:\crs516\sourcecode\work\3/0.db
19:16:19,936  INFO FileBasedDataService:94 - Data from C:\crs516\sourcecode\data\test.txt loaded
19:16:20,937  INFO FileBasedDataService:143 - Service ID is 4
19:16:20,937  INFO FileBasedDataService:143 - Service ID is 5
19:16:20,937  INFO FileBasedDataService:86 - Data loader loading C:\crs516\sourcecode\data\test.txt at Mon May 18 19:16:20 EDT 2015
19:16:20,937  INFO FileBasedDataService:394 - dataSize is now 1
19:16:20,937  INFO FileBasedDataService:350 - Reading block C:\crs516\sourcecode\work\5/0.db
19:16:20,937  INFO FileBasedDataService:94 - Data from C:\crs516\sourcecode\data\test.txt loaded
19:16:21,938  INFO FileBasedDataService:143 - Service ID is 6
19:16:21,938  INFO FileBasedDataService:86 - Data loader loading C:\crs516\sourcecode\data\OSDO5711.gz at Mon May 18 19:16:21 EDT 2015
19:16:21,938  INFO FileBasedDataService:394 - dataSize is now 72
19:16:21,938  INFO FileBasedDataService:350 - Reading block C:\crs516\sourcecode\work\6/0.db
19:16:21,938  INFO FileBasedDataService:94 - Data from C:\crs516\sourcecode\data\OSDO5711.gz loaded
19:16:22,939  INFO FileBasedDataServiceTest:268 - Shutting down executor
19:16:22,939  INFO FileBasedDataService:143 - Service ID is 7
19:16:22,939  INFO FileBasedDataService:86 - Data loader loading C:\crs516\sourcecode\data\test.txt at Mon May 18 19:16:22 EDT 2015
19:16:22,939  INFO FileBasedDataService:394 - dataSize is now 1
19:16:22,939  INFO FileBasedDataService:350 - Reading block C:\crs516\sourcecode\work\7/0.db
19:16:22,939  INFO FileBasedDataService:94 - Data from C:\crs516\sourcecode\data\test.txt loaded
19:16:23,940  INFO FileBasedDataService:143 - Service ID is 8
19:16:23,940  INFO FileBasedDataService:143 - Service ID is 9
19:16:23,940  INFO FileBasedDataService:86 - Data loader loading C:\crs516\sourcecode\data\test.txt at Mon May 18 19:16:23 EDT 2015
19:16:23,940  INFO FileBasedDataService:394 - dataSize is now 1
19:16:23,940  INFO FileBasedDataService:350 - Reading block C:\crs516\sourcecode\work\9/0.db
19:16:23,940  INFO FileBasedDataService:94 - Data from C:\crs516\sourcecode\data\test.txt loaded
19:16:24,941  INFO FileBasedDataServiceTest:268 - Shutting down executor
19:16:24,941  INFO FileBasedDataService:143 - Service ID is 10
19:16:24,941  INFO FileBasedDataService:86 - Data loader loading C:\crs516\sourcecode\data\test.txt at Mon May 18 19:16:24 EDT 2015
19:16:24,941  INFO FileBasedDataService:394 - dataSize is now 1
19:16:24,941  INFO FileBasedDataService:350 - Reading block C:\crs516\sourcecode\work\10/0.db
19:16:24,941  INFO FileBasedDataService:94 - Data from C:\crs516\sourcecode\data\test.txt loaded
19:16:25,942  INFO FileBasedDataService:143 - Service ID is 11
19:16:25,942  INFO FileBasedDataService:143 - Service ID is 12
19:16:25,942  INFO FileBasedDataService:86 - Data loader loading C:\crs516\sourcecode\data\test.txt at Mon May 18 19:16:25 EDT 2015
19:16:25,942  INFO FileBasedDataService:394 - dataSize is now 1
19:16:25,942  INFO FileBasedDataService:350 - Reading block C:\crs516\sourcecode\work\12/0.db
19:16:25,942  INFO FileBasedDataService:94 - Data from C:\crs516\sourcecode\data\test.txt loaded
19:16:26,943  INFO FileBasedDataServiceTest:268 - Shutting down executor
19:16:26,943  INFO FileBasedDataService:143 - Service ID is 13
19:16:26,943  INFO FileBasedDataService:86 - Data loader loading C:\crs516\sourcecode\data\test.txt at Mon May 18 19:16:26 EDT 2015
19:16:26,943  INFO FileBasedDataService:394 - dataSize is now 1
19:16:26,943  INFO FileBasedDataService:350 - Reading block C:\crs516\sourcecode\work\13/0.db
19:16:26,943  INFO FileBasedDataService:94 - Data from C:\crs516\sourcecode\data\test.txt loaded
19:16:27,944  INFO FileBasedDataService:143 - Service ID is 14
19:16:27,944  INFO FileBasedDataService:143 - Service ID is 15
19:16:27,944  INFO FileBasedDataService:86 - Data loader loading C:\crs516\sourcecode\data\OSDO5711.gz at Mon May 18 19:16:27 EDT 2015
19:16:27,944  INFO FileBasedDataService:394 - dataSize is now 72
19:16:27,944  INFO FileBasedDataService:350 - Reading block C:\crs516\sourcecode\work\15/0.db
19:16:27,944  INFO FileBasedDataService:94 - Data from C:\crs516\sourcecode\data\OSDO5711.gz loaded
19:16:28,945  INFO FileBasedDataServiceTest:268 - Shutting down executor
19:16:28,945  INFO FileBasedDataService:143 - Service ID is 16
19:16:28,945  INFO FileBasedDataService:86 - Data loader loading C:\crs516\sourcecode\data\test.txt at Mon May 18 19:16:28 EDT 2015
19:16:28,945  INFO FileBasedDataService:394 - dataSize is now 1
19:16:28,945  INFO FileBasedDataService:350 - Reading block C:\crs516\sourcecode\work\16/0.db
19:16:28,945  INFO FileBasedDataService:94 - Data from C:\crs516\sourcecode\data\test.txt loaded
19:16:29,946  INFO FileBasedDataService:143 - Service ID is 17
19:16:29,946  INFO FileBasedDataService:143 - Service ID is 18
19:16:29,946  INFO FileBasedDataService:86 - Data loader loading C:\crs516\sourcecode\data\test.txt at Mon May 18 19:16:29 EDT 2015
19:16:29,946  INFO FileBasedDataService:394 - dataSize is now 1
19:16:29,946  INFO FileBasedDataService:350 - Reading block C:\crs516\sourcecode\work\18/0.db
19:16:29,946  INFO FileBasedDataService:94 - Data from C:\crs516\sourcecode\data\test.txt loaded
19:16:30,947  INFO FileBasedDataServiceTest:268 - Shutting down executor
19:16:30,947  INFO FileBasedDataService:143 - Service ID is 19
19:16:30,947  INFO FileBasedDataService:86 - Data loader loading C:\crs516\sourcecode\data\test.txt at Mon May 18 19:16:30 EDT 2015
19:16:30,947  INFO FileBasedDataService:394 - dataSize is now 1
19:16:30,947  INFO FileBasedDataService:350 - Reading block C:\crs516\sourcecode\work\19/0.db
19:16:30,947  INFO FileBasedDataService:94 - Data from C:\crs516\sourcecode\data\test.txt loaded
19:16:31,948  INFO FileBasedDataService:143 - Service ID is 20
19:16:31,948  INFO FileBasedDataService:143 - Service ID is 21
19:16:31,948  INFO FileBasedDataService:86 - Data loader loading C:\crs516\sourcecode\data\test.txt at Mon May 18 19:16:31 EDT 2015
19:16:31,948  INFO FileBasedDataService:394 - dataSize is now 1
19:16:31,948  INFO FileBasedDataService:350 - Reading block C:\crs516\sourcecode\work\21/0.db
19:16:31,948  INFO FileBasedDataService:94 - Data from C:\crs516\sourcecode\data\test.txt loaded
19:16:32,949  INFO FileBasedDataServiceTest:268 - Shutting down executor
19:16:32,949  INFO FileBasedDataService:143 - Service ID is 22
19:16:32,949  INFO FileBasedDataService:86 - Data loader loading C:\crs516\sourcecode\data\test.txt at Mon May 18 19:16:32 EDT 2015
19:16:32,949  INFO FileBasedDataService:394 - dataSize is now 1
19:16:32,949  INFO FileBasedDataService:350 - Reading block C:\crs516\sourcecode\work\22/0.db
19:16:32,949  INFO FileBasedDataService:94 - Data from C:\crs516\sourcecode\data\test.txt loaded
19:16:33,950  INFO FileBasedDataService:143 - Service ID is 23
19:16:33,950  INFO FileBasedDataService:143 - Service ID is 24
19:16:33,950  INFO FileBasedDataService:86 - Data loader loading C:\crs516\sourcecode\data\OSDO5711.gz at Mon May 18 19:16:33 EDT 2015
19:16:33,950  INFO FileBasedDataService:394 - dataSize is now 72
19:16:33,950  INFO FileBasedDataService:350 - Reading block C:\crs516\sourcecode\work\24/0.db
19:16:33,950  INFO FileBasedDataService:94 - Data from C:\crs516\sourcecode\data\OSDO5711.gz loaded
19:16:34,951  INFO FileBasedDataServiceTest:268 - Shutting down executor
19:16:34,951  INFO FileBasedDataService:143 - Service ID is 25
19:16:34,951  INFO FileBasedDataService:86 - Data loader loading C:\crs516\sourcecode\data\test.txt at Mon May 18 19:16:34 EDT 2015
19:16:34,951  INFO FileBasedDataService:394 - dataSize is now 1
19:16:34,951  INFO FileBasedDataService:350 - Reading block C:\crs516\sourcecode\work\25/0.db
19:16:34,951  INFO FileBasedDataService:94 - Data from C:\crs516\sourcecode\data\test.txt loaded
19:16:35,952  INFO FileBasedDataService:143 - Service ID is 26
19:16:35,952  INFO FileBasedDataService:143 - Service ID is 27
19:16:35,952  INFO FileBasedDataService:86 - Data loader loading C:\crs516\sourcecode\data\test.txt at Mon May 18 19:16:35 EDT 2015
19:16:35,952  INFO FileBasedDataService:394 - dataSize is now 1
19:16:35,952  INFO FileBasedDataService:350 - Reading block C:\crs516\sourcecode\work\27/0.db
19:16:35,952  INFO FileBasedDataService:94 - Data from C:\crs516\sourcecode\data\test.txt loaded
19:16:36,953  INFO FileBasedDataServiceTest:268 - Shutting down executor
19:16:36,953  INFO FileBasedDataService:143 - Service ID is 28
19:16:36,953  INFO FileBasedDataService:86 - Data loader loading C:\crs516\sourcecode\data\test.txt at Mon May 18 19:16:36 EDT 2015
19:16:36,953  INFO FileBasedDataService:394 - dataSize is now 1
19:16:36,953  INFO FileBasedDataService:350 - Reading block C:\crs516\sourcecode\work\28/0.db
19:16:36,953  INFO FileBasedDataService:94 - Data from C:\crs516\sourcecode\data\test.txt loaded
19:16:37,954  INFO FileBasedDataService:143 - Service ID is 29
19:16:37,954  INFO FileBasedDataService:143 - Service ID is 30
19:16:37,954  INFO FileBasedDataService:86 - Data loader loading C:\crs516\sourcecode\data\test.txt at Mon May 18 19:16:37 EDT 2015
19:16:37,954  INFO FileBasedDataService:394 - dataSize is now 1
19:16:37,954  INFO FileBasedDataService:350 - Reading block C:\crs516\sourcecode\work\30/0.db
19:16:37,954  INFO FileBasedDataService:94 - Data from C:\crs516\sourcecode\data\test.txt loaded
19:16:38,955  INFO FileBasedDataServiceTest:268 - Shutting down executor
19:16:38,955  INFO FileBasedDataService:143 - Service ID is 31
19:16:38,955  INFO FileBasedDataService:86 - Data loader loading C:\crs516\sourcecode\data\test.txt at Mon May 18 19:16:38 EDT 2015
19:16:38,955  INFO FileBasedDataService:394 - dataSize is now 1
19:16:38,955  INFO FileBasedDataService:350 - Reading block C:\crs516\sourcecode\work\31/0.db
19:16:38,955  INFO FileBasedDataService:94 - Data from C:\crs516\sourcecode\data\test.txt loaded
19:16:39,956  INFO FileBasedDataService:143 - Service ID is 32
19:16:39,956  INFO FileBasedDataService:143 - Service ID is 33
19:16:39,956  INFO FileBasedDataService:86 - Data loader loading C:\crs516\sourcecode\data\test.txt at Mon May 18 19:16:39 EDT 2015
19:16:39,956  INFO FileBasedDataService:394 - dataSize is now 1
19:16:39,956  INFO FileBasedDataService:350 - Reading block C:\crs516\sourcecode\work\33/0.db
19:16:39,956  INFO FileBasedDataService:94 - Data from C:\crs516\sourcecode\data\test.txt loaded
19:16:40,957  INFO FileBasedDataServiceTest:268 - Shutting down executor
08:38:27,477  INFO FileBasedDataService:153 - Cleaning up work directory
08:38:27,509  INFO FileBasedDataService:143 - Service ID is 0
08:38:27,509  INFO FileBasedDataService:86 - Data loader loading C:\crs516\sourcecode\data\test.txt at Tue May 19 08:38:27 EDT 2015
08:38:27,509  INFO FileBasedDataService:394 - dataSize is now 1
08:38:27,509  INFO FileBasedDataService:350 - Reading block C:\crs516\sourcecode\work\0/0.db
08:38:27,509  INFO FileBasedDataService:94 - Data from C:\crs516\sourcecode\data\test.txt loaded
08:38:28,510  INFO FileBasedDataService:143 - Service ID is 1
08:38:28,510  INFO FileBasedDataService:143 - Service ID is 2
08:38:28,510  INFO FileBasedDataService:86 - Data loader loading C:\crs516\sourcecode\data\test.txt at Tue May 19 08:38:28 EDT 2015
08:38:28,510  INFO FileBasedDataService:394 - dataSize is now 1
08:38:28,510  INFO FileBasedDataService:350 - Reading block C:\crs516\sourcecode\work\2/0.db
08:38:28,510  INFO FileBasedDataService:94 - Data from C:\crs516\sourcecode\data\test.txt loaded
08:38:29,511  INFO FileBasedDataServiceTest:268 - Shutting down executor
08:38:29,511  INFO FileBasedDataService:143 - Service ID is 3
08:38:29,511  INFO FileBasedDataService:86 - Data loader loading C:\crs516\sourcecode\data\test.txt at Tue May 19 08:38:29 EDT 2015
08:38:29,511  INFO FileBasedDataService:394 - dataSize is now 1
08:38:29,511  INFO FileBasedDataService:350 - Reading block C:\crs516\sourcecode\work\3/0.db
08:38:29,511  INFO FileBasedDataService:94 - Data from C:\crs516\sourcecode\data\test.txt loaded
08:38:30,512  INFO FileBasedDataService:143 - Service ID is 4
08:38:30,512  INFO FileBasedDataService:143 - Service ID is 5
08:38:30,512  INFO FileBasedDataService:86 - Data loader loading C:\crs516\sourcecode\data\test.txt at Tue May 19 08:38:30 EDT 2015
08:38:30,512  INFO FileBasedDataService:394 - dataSize is now 1
08:38:30,512  INFO FileBasedDataService:350 - Reading block C:\crs516\sourcecode\work\5/0.db
08:38:30,512  INFO FileBasedDataService:94 - Data from C:\crs516\sourcecode\data\test.txt loaded
08:38:31,513  INFO FileBasedDataService:143 - Service ID is 6
08:38:31,513  INFO FileBasedDataService:86 - Data loader loading C:\crs516\sourcecode\data\OSDO5711.gz at Tue May 19 08:38:31 EDT 2015
08:38:31,529  INFO FileBasedDataService:394 - dataSize is now 72
08:38:31,529  INFO FileBasedDataService:350 - Reading block C:\crs516\sourcecode\work\6/0.db
08:38:31,529  INFO FileBasedDataService:94 - Data from C:\crs516\sourcecode\data\OSDO5711.gz loaded
08:38:32,514  INFO FileBasedDataServiceTest:268 - Shutting down executor
08:38:32,514  INFO FileBasedDataService:143 - Service ID is 7
08:38:32,514  INFO FileBasedDataService:86 - Data loader loading C:\crs516\sourcecode\data\test.txt at Tue May 19 08:38:32 EDT 2015
08:38:32,514  INFO FileBasedDataService:394 - dataSize is now 1
08:38:32,514  INFO FileBasedDataService:350 - Reading block C:\crs516\sourcecode\work\7/0.db
08:38:32,514  INFO FileBasedDataService:94 - Data from C:\crs516\sourcecode\data\test.txt loaded
08:38:33,515  INFO FileBasedDataService:143 - Service ID is 8
08:38:33,515  INFO FileBasedDataService:143 - Service ID is 9
08:38:33,515  INFO FileBasedDataService:86 - Data loader loading C:\crs516\sourcecode\data\test.txt at Tue May 19 08:38:33 EDT 2015
08:38:33,515  INFO FileBasedDataService:394 - dataSize is now 1
08:38:33,515  INFO FileBasedDataService:350 - Reading block C:\crs516\sourcecode\work\9/0.db
08:38:33,515  INFO FileBasedDataService:94 - Data from C:\crs516\sourcecode\data\test.txt loaded
08:38:34,516  INFO FileBasedDataServiceTest:268 - Shutting down executor
08:38:34,516  INFO FileBasedDataService:143 - Service ID is 10
08:38:34,516  INFO FileBasedDataService:86 - Data loader loading C:\crs516\sourcecode\data\test.txt at Tue May 19 08:38:34 EDT 2015
08:38:34,516  INFO FileBasedDataService:394 - dataSize is now 1
08:38:34,516  INFO FileBasedDataService:350 - Reading block C:\crs516\sourcecode\work\10/0.db
08:38:34,516  INFO FileBasedDataService:94 - Data from C:\crs516\sourcecode\data\test.txt loaded
08:38:35,517  INFO FileBasedDataService:143 - Service ID is 11
08:38:35,517  INFO FileBasedDataService:143 - Service ID is 12
08:38:35,517  INFO FileBasedDataService:86 - Data loader loading C:\crs516\sourcecode\data\test.txt at Tue May 19 08:38:35 EDT 2015
08:38:35,517  INFO FileBasedDataService:394 - dataSize is now 1
08:38:35,517  INFO FileBasedDataService:350 - Reading block C:\crs516\sourcecode\work\12/0.db
08:38:35,517  INFO FileBasedDataService:94 - Data from C:\crs516\sourcecode\data\test.txt loaded
08:38:36,518  INFO FileBasedDataServiceTest:268 - Shutting down executor
08:38:36,518  INFO FileBasedDataService:143 - Service ID is 13
08:38:36,518  INFO FileBasedDataService:86 - Data loader loading C:\crs516\sourcecode\data\test.txt at Tue May 19 08:38:36 EDT 2015
08:38:36,518  INFO FileBasedDataService:394 - dataSize is now 1
08:38:36,518  INFO FileBasedDataService:350 - Reading block C:\crs516\sourcecode\work\13/0.db
08:38:36,518  INFO FileBasedDataService:94 - Data from C:\crs516\sourcecode\data\test.txt loaded
08:38:37,519  INFO FileBasedDataService:143 - Service ID is 14
08:38:37,519  INFO FileBasedDataService:143 - Service ID is 15
08:38:37,519  INFO FileBasedDataService:86 - Data loader loading C:\crs516\sourcecode\data\OSDO5711.gz at Tue May 19 08:38:37 EDT 2015
08:38:37,519  INFO FileBasedDataService:394 - dataSize is now 72
08:38:37,519  INFO FileBasedDataService:350 - Reading block C:\crs516\sourcecode\work\15/0.db
08:38:37,519  INFO FileBasedDataService:94 - Data from C:\crs516\sourcecode\data\OSDO5711.gz loaded
08:38:38,520  INFO FileBasedDataServiceTest:268 - Shutting down executor
08:38:38,520  INFO FileBasedDataService:143 - Service ID is 16
08:38:38,520  INFO FileBasedDataService:86 - Data loader loading C:\crs516\sourcecode\data\test.txt at Tue May 19 08:38:38 EDT 2015
08:38:38,520  INFO FileBasedDataService:394 - dataSize is now 1
08:38:38,520  INFO FileBasedDataService:350 - Reading block C:\crs516\sourcecode\work\16/0.db
08:38:38,520  INFO FileBasedDataService:94 - Data from C:\crs516\sourcecode\data\test.txt loaded
08:38:39,521  INFO FileBasedDataService:143 - Service ID is 17
08:38:39,521  INFO FileBasedDataService:143 - Service ID is 18
08:38:39,521  INFO FileBasedDataService:86 - Data loader loading C:\crs516\sourcecode\data\test.txt at Tue May 19 08:38:39 EDT 2015
08:38:39,521  INFO FileBasedDataService:394 - dataSize is now 1
08:38:39,521  INFO FileBasedDataService:350 - Reading block C:\crs516\sourcecode\work\18/0.db
08:38:39,521  INFO FileBasedDataService:94 - Data from C:\crs516\sourcecode\data\test.txt loaded
08:38:40,522  INFO FileBasedDataServiceTest:268 - Shutting down executor
08:38:40,522  INFO FileBasedDataService:143 - Service ID is 19
08:38:40,522  INFO FileBasedDataService:86 - Data loader loading C:\crs516\sourcecode\data\test.txt at Tue May 19 08:38:40 EDT 2015
08:38:40,522  INFO FileBasedDataService:394 - dataSize is now 1
08:38:40,522  INFO FileBasedDataService:350 - Reading block C:\crs516\sourcecode\work\19/0.db
08:38:40,522  INFO FileBasedDataService:94 - Data from C:\crs516\sourcecode\data\test.txt loaded
08:38:41,523  INFO FileBasedDataService:143 - Service ID is 20
08:38:41,523  INFO FileBasedDataService:143 - Service ID is 21
08:38:41,523  INFO FileBasedDataService:86 - Data loader loading C:\crs516\sourcecode\data\test.txt at Tue May 19 08:38:41 EDT 2015
08:38:41,523  INFO FileBasedDataService:394 - dataSize is now 1
08:38:41,523  INFO FileBasedDataService:350 - Reading block C:\crs516\sourcecode\work\21/0.db
08:38:41,523  INFO FileBasedDataService:94 - Data from C:\crs516\sourcecode\data\test.txt loaded
08:38:42,524  INFO FileBasedDataServiceTest:268 - Shutting down executor
08:38:42,524  INFO FileBasedDataService:143 - Service ID is 22
08:38:42,524  INFO FileBasedDataService:86 - Data loader loading C:\crs516\sourcecode\data\test.txt at Tue May 19 08:38:42 EDT 2015
08:38:42,524  INFO FileBasedDataService:394 - dataSize is now 1
08:38:42,524  INFO FileBasedDataService:350 - Reading block C:\crs516\sourcecode\work\22/0.db
08:38:42,524  INFO FileBasedDataService:94 - Data from C:\crs516\sourcecode\data\test.txt loaded
08:38:43,525  INFO FileBasedDataService:143 - Service ID is 23
08:38:43,525  INFO FileBasedDataService:143 - Service ID is 24
08:38:43,525  INFO FileBasedDataService:86 - Data loader loading C:\crs516\sourcecode\data\OSDO5711.gz at Tue May 19 08:38:43 EDT 2015
08:38:43,525  INFO FileBasedDataService:394 - dataSize is now 72
08:38:43,525  INFO FileBasedDataService:350 - Reading block C:\crs516\sourcecode\work\24/0.db
08:38:43,525  INFO FileBasedDataService:94 - Data from C:\crs516\sourcecode\data\OSDO5711.gz loaded
08:38:44,526  INFO FileBasedDataServiceTest:268 - Shutting down executor
08:38:44,526  INFO FileBasedDataService:143 - Service ID is 25
08:38:44,526  INFO FileBasedDataService:86 - Data loader loading C:\crs516\sourcecode\data\test.txt at Tue May 19 08:38:44 EDT 2015
08:38:44,526  INFO FileBasedDataService:394 - dataSize is now 1
08:38:44,526  INFO FileBasedDataService:350 - Reading block C:\crs516\sourcecode\work\25/0.db
08:38:44,526  INFO FileBasedDataService:94 - Data from C:\crs516\sourcecode\data\test.txt loaded
08:38:45,527  INFO FileBasedDataService:143 - Service ID is 26
08:38:45,527  INFO FileBasedDataService:143 - Service ID is 27
08:38:45,527  INFO FileBasedDataService:86 - Data loader loading C:\crs516\sourcecode\data\test.txt at Tue May 19 08:38:45 EDT 2015
08:38:45,527  INFO FileBasedDataService:394 - dataSize is now 1
08:38:45,527  INFO FileBasedDataService:350 - Reading block C:\crs516\sourcecode\work\27/0.db
08:38:45,527  INFO FileBasedDataService:94 - Data from C:\crs516\sourcecode\data\test.txt loaded
08:38:46,528  INFO FileBasedDataServiceTest:268 - Shutting down executor
08:38:46,528  INFO FileBasedDataService:143 - Service ID is 28
08:38:46,528  INFO FileBasedDataService:86 - Data loader loading C:\crs516\sourcecode\data\test.txt at Tue May 19 08:38:46 EDT 2015
08:38:46,528  INFO FileBasedDataService:394 - dataSize is now 1
08:38:46,528  INFO FileBasedDataService:350 - Reading block C:\crs516\sourcecode\work\28/0.db
08:38:46,528  INFO FileBasedDataService:94 - Data from C:\crs516\sourcecode\data\test.txt loaded
08:38:47,529  INFO FileBasedDataService:143 - Service ID is 29
08:38:47,529  INFO FileBasedDataService:143 - Service ID is 30
08:38:47,529  INFO FileBasedDataService:86 - Data loader loading C:\crs516\sourcecode\data\test.txt at Tue May 19 08:38:47 EDT 2015
08:38:47,529  INFO FileBasedDataService:394 - dataSize is now 1
08:38:47,529  INFO FileBasedDataService:350 - Reading block C:\crs516\sourcecode\work\30/0.db
08:38:47,529  INFO FileBasedDataService:94 - Data from C:\crs516\sourcecode\data\test.txt loaded
08:38:48,530  INFO FileBasedDataServiceTest:268 - Shutting down executor
08:38:48,530  INFO FileBasedDataService:143 - Service ID is 31
08:38:48,530  INFO FileBasedDataService:86 - Data loader loading C:\crs516\sourcecode\data\test.txt at Tue May 19 08:38:48 EDT 2015
08:38:48,530  INFO FileBasedDataService:394 - dataSize is now 1
08:38:48,530  INFO FileBasedDataService:350 - Reading block C:\crs516\sourcecode\work\31/0.db
08:38:48,530  INFO FileBasedDataService:94 - Data from C:\crs516\sourcecode\data\test.txt loaded
08:38:49,531  INFO FileBasedDataService:143 - Service ID is 32
08:38:49,531  INFO FileBasedDataService:143 - Service ID is 33
08:38:49,531  INFO FileBasedDataService:86 - Data loader loading C:\crs516\sourcecode\data\test.txt at Tue May 19 08:38:49 EDT 2015
08:38:49,531  INFO FileBasedDataService:394 - dataSize is now 1
08:38:49,531  INFO FileBasedDataService:350 - Reading block C:\crs516\sourcecode\work\33/0.db
08:38:49,531  INFO FileBasedDataService:94 - Data from C:\crs516\sourcecode\data\test.txt loaded
08:38:50,532  INFO FileBasedDataServiceTest:268 - Shutting down executor
10:42:38,003  INFO ClassPathXmlApplicationContext:500 - Refreshing org.springframework.context.support.ClassPathXmlApplicationContext@5fcfe4b2: startup date [Thu May 28 10:42:38 EDT 2015]; root of context hierarchy
10:42:38,112  INFO XmlBeanDefinitionReader:315 - Loading XML bean definitions from class path resource [guiConfig.xml]
10:42:38,284  INFO ClassPathBeanDefinitionScanner:210 - JSR-330 'javax.inject.Named' annotation found and supported for component scanning
10:42:38,581  INFO AutowiredAnnotationBeanPostProcessor:139 - JSR-330 'javax.inject.Inject' annotation found and supported for autowiring
10:42:38,599  INFO DefaultListableBeanFactory:581 - Pre-instantiating singletons in org.springframework.beans.factory.support.DefaultListableBeanFactory@2038ae61: defining beans [fileBasedDataService,wodController,org.springframework.context.annotation.internalConfigurationAnnotationProcessor,org.springframework.context.annotation.internalAutowiredAnnotationProcessor,org.springframework.context.annotation.internalRequiredAnnotationProcessor,org.springframework.context.annotation.internalCommonAnnotationProcessor,org.springframework.context.annotation.ConfigurationClassPostProcessor$ImportAwareBeanPostProcessor#0]; root of factory hierarchy
10:42:38,614  INFO FileBasedDataService:153 - Cleaning up work directory
10:42:38,614  INFO FileBasedDataService:143 - Service ID is 0
10:42:50,053  INFO WODController:170 - Loading C:\crs516\sourcecode\data\test.txt
10:42:50,101  INFO WODController:201 - About to read file test.txt
10:42:50,101  INFO FileBasedDataService:86 - Data loader loading C:\crs516\sourcecode\data\test.txt at Thu May 28 10:42:50 EDT 2015
10:42:50,132  INFO FileBasedDataService:394 - dataSize is now 1
10:42:50,132  INFO FileBasedDataService:350 - Reading block C:\crs516\sourcecode\work\0/0.db
10:42:50,132  INFO FileBasedDataService:94 - Data from C:\crs516\sourcecode\data\test.txt loaded
10:42:50,710  INFO WODController:208 - All stations from test.txt are loaded!
23:42:15,299  INFO ClassPathXmlApplicationContext:500 - Refreshing org.springframework.context.support.ClassPathXmlApplicationContext@5fcfe4b2: startup date [Sun Dec 13 23:42:15 EST 2015]; root of context hierarchy
23:42:15,408  INFO XmlBeanDefinitionReader:315 - Loading XML bean definitions from class path resource [guiConfig.xml]
23:42:15,564  INFO ClassPathBeanDefinitionScanner:210 - JSR-330 'javax.inject.Named' annotation found and supported for component scanning
23:42:15,673  INFO AutowiredAnnotationBeanPostProcessor:139 - JSR-330 'javax.inject.Inject' annotation found and supported for autowiring
23:42:15,689  INFO DefaultListableBeanFactory:581 - Pre-instantiating singletons in org.springframework.beans.factory.support.DefaultListableBeanFactory@2038ae61: defining beans [fileBasedDataService,wodController,org.springframework.context.annotation.internalConfigurationAnnotationProcessor,org.springframework.context.annotation.internalAutowiredAnnotationProcessor,org.springframework.context.annotation.internalRequiredAnnotationProcessor,org.springframework.context.annotation.internalCommonAnnotationProcessor,org.springframework.context.annotation.ConfigurationClassPostProcessor$ImportAwareBeanPostProcessor#0]; root of factory hierarchy
23:42:15,704  INFO FileBasedDataService:153 - Cleaning up work directory
23:42:15,704  INFO FileBasedDataService:143 - Service ID is 0
17:46:32,682  INFO FileBasedDataService:153 - Cleaning up work directory
17:46:32,731  INFO FileBasedDataService:143 - Service ID is 0
17:46:32,731  INFO FileBasedDataService:86 - Data loader loading C:\crs516\sourcecode\data\test.txt at Sat Jun 11 17:46:32 EDT 2016
17:46:32,731  INFO FileBasedDataService:394 - dataSize is now 1
17:46:32,731  INFO FileBasedDataService:350 - Reading block C:\crs516\sourcecode\work\0/0.db
17:46:32,731  INFO FileBasedDataService:94 - Data from C:\crs516\sourcecode\data\test.txt loaded
17:46:33,731  INFO FileBasedDataService:143 - Service ID is 1
17:46:33,731  INFO FileBasedDataService:143 - Service ID is 2
17:46:33,731  INFO FileBasedDataService:86 - Data loader loading C:\crs516\sourcecode\data\test.txt at Sat Jun 11 17:46:33 EDT 2016
17:46:33,731  INFO FileBasedDataService:394 - dataSize is now 1
17:46:33,731  INFO FileBasedDataService:350 - Reading block C:\crs516\sourcecode\work\2/0.db
17:46:33,731  INFO FileBasedDataService:94 - Data from C:\crs516\sourcecode\data\test.txt loaded
17:46:34,732  INFO FileBasedDataServiceTest:268 - Shutting down executor
17:46:34,732  INFO FileBasedDataService:143 - Service ID is 3
17:46:34,732  INFO FileBasedDataService:86 - Data loader loading C:\crs516\sourcecode\data\test.txt at Sat Jun 11 17:46:34 EDT 2016
17:46:34,732  INFO FileBasedDataService:394 - dataSize is now 1
17:46:34,732  INFO FileBasedDataService:350 - Reading block C:\crs516\sourcecode\work\3/0.db
17:46:34,732  INFO FileBasedDataService:94 - Data from C:\crs516\sourcecode\data\test.txt loaded
17:46:35,733  INFO FileBasedDataService:143 - Service ID is 4
17:46:35,733  INFO FileBasedDataService:143 - Service ID is 5
17:46:35,733  INFO FileBasedDataService:86 - Data loader loading C:\crs516\sourcecode\data\test.txt at Sat Jun 11 17:46:35 EDT 2016
17:46:35,733  INFO FileBasedDataService:394 - dataSize is now 1
17:46:35,733  INFO FileBasedDataService:350 - Reading block C:\crs516\sourcecode\work\5/0.db
17:46:35,733  INFO FileBasedDataService:94 - Data from C:\crs516\sourcecode\data\test.txt loaded
17:46:36,734  INFO FileBasedDataService:143 - Service ID is 6
17:46:36,734  INFO FileBasedDataService:86 - Data loader loading C:\crs516\sourcecode\data\OSDO5711.gz at Sat Jun 11 17:46:36 EDT 2016
17:46:36,734  INFO FileBasedDataService:394 - dataSize is now 72
17:46:36,734  INFO FileBasedDataService:350 - Reading block C:\crs516\sourcecode\work\6/0.db
17:46:36,734  INFO FileBasedDataService:94 - Data from C:\crs516\sourcecode\data\OSDO5711.gz loaded
17:46:37,735  INFO FileBasedDataServiceTest:268 - Shutting down executor
17:46:37,735  INFO FileBasedDataService:143 - Service ID is 7
17:46:37,735  INFO FileBasedDataService:86 - Data loader loading C:\crs516\sourcecode\data\test.txt at Sat Jun 11 17:46:37 EDT 2016
17:46:37,735  INFO FileBasedDataService:394 - dataSize is now 1
17:46:37,735  INFO FileBasedDataService:350 - Reading block C:\crs516\sourcecode\work\7/0.db
17:46:37,735  INFO FileBasedDataService:94 - Data from C:\crs516\sourcecode\data\test.txt loaded
17:46:38,736  INFO FileBasedDataService:143 - Service ID is 8
17:46:38,736  INFO FileBasedDataService:143 - Service ID is 9
17:46:38,736  INFO FileBasedDataService:86 - Data loader loading C:\crs516\sourcecode\data\test.txt at Sat Jun 11 17:46:38 EDT 2016
17:46:38,736  INFO FileBasedDataService:394 - dataSize is now 1
17:46:38,736  INFO FileBasedDataService:350 - Reading block C:\crs516\sourcecode\work\9/0.db
17:46:38,736  INFO FileBasedDataService:94 - Data from C:\crs516\sourcecode\data\test.txt loaded
17:46:39,737  INFO FileBasedDataServiceTest:268 - Shutting down executor
17:46:39,737  INFO FileBasedDataService:143 - Service ID is 10
17:46:39,737  INFO FileBasedDataService:86 - Data loader loading C:\crs516\sourcecode\data\test.txt at Sat Jun 11 17:46:39 EDT 2016
17:46:39,737  INFO FileBasedDataService:394 - dataSize is now 1
17:46:39,737  INFO FileBasedDataService:350 - Reading block C:\crs516\sourcecode\work\10/0.db
17:46:39,737  INFO FileBasedDataService:94 - Data from C:\crs516\sourcecode\data\test.txt loaded
17:46:40,738  INFO FileBasedDataService:143 - Service ID is 11
17:46:40,738  INFO FileBasedDataService:143 - Service ID is 12
17:46:40,738  INFO FileBasedDataService:86 - Data loader loading C:\crs516\sourcecode\data\test.txt at Sat Jun 11 17:46:40 EDT 2016
17:46:40,738  INFO FileBasedDataService:394 - dataSize is now 1
17:46:40,738  INFO FileBasedDataService:350 - Reading block C:\crs516\sourcecode\work\12/0.db
17:46:40,738  INFO FileBasedDataService:94 - Data from C:\crs516\sourcecode\data\test.txt loaded
17:46:41,739  INFO FileBasedDataServiceTest:268 - Shutting down executor
17:46:41,739  INFO FileBasedDataService:143 - Service ID is 13
17:46:41,739  INFO FileBasedDataService:86 - Data loader loading C:\crs516\sourcecode\data\test.txt at Sat Jun 11 17:46:41 EDT 2016
17:46:41,739  INFO FileBasedDataService:394 - dataSize is now 1
17:46:41,739  INFO FileBasedDataService:350 - Reading block C:\crs516\sourcecode\work\13/0.db
17:46:41,739  INFO FileBasedDataService:94 - Data from C:\crs516\sourcecode\data\test.txt loaded
17:46:42,740  INFO FileBasedDataService:143 - Service ID is 14
17:46:42,740  INFO FileBasedDataService:143 - Service ID is 15
17:46:42,740  INFO FileBasedDataService:86 - Data loader loading C:\crs516\sourcecode\data\OSDO5711.gz at Sat Jun 11 17:46:42 EDT 2016
17:46:42,740  INFO FileBasedDataService:394 - dataSize is now 72
17:46:42,740  INFO FileBasedDataService:350 - Reading block C:\crs516\sourcecode\work\15/0.db
17:46:42,740  INFO FileBasedDataService:94 - Data from C:\crs516\sourcecode\data\OSDO5711.gz loaded
17:46:43,741  INFO FileBasedDataServiceTest:268 - Shutting down executor
17:46:43,741  INFO FileBasedDataService:143 - Service ID is 16
17:46:43,741  INFO FileBasedDataService:86 - Data loader loading C:\crs516\sourcecode\data\test.txt at Sat Jun 11 17:46:43 EDT 2016
17:46:43,741  INFO FileBasedDataService:394 - dataSize is now 1
17:46:43,741  INFO FileBasedDataService:350 - Reading block C:\crs516\sourcecode\work\16/0.db
17:46:43,741  INFO FileBasedDataService:94 - Data from C:\crs516\sourcecode\data\test.txt loaded
17:46:44,742  INFO FileBasedDataService:143 - Service ID is 17
17:46:44,742  INFO FileBasedDataService:143 - Service ID is 18
17:46:44,742  INFO FileBasedDataService:86 - Data loader loading C:\crs516\sourcecode\data\test.txt at Sat Jun 11 17:46:44 EDT 2016
17:46:44,742  INFO FileBasedDataService:394 - dataSize is now 1
17:46:44,742  INFO FileBasedDataService:350 - Reading block C:\crs516\sourcecode\work\18/0.db
17:46:44,742  INFO FileBasedDataService:94 - Data from C:\crs516\sourcecode\data\test.txt loaded
17:46:45,743  INFO FileBasedDataServiceTest:268 - Shutting down executor
17:46:45,743  INFO FileBasedDataService:143 - Service ID is 19
17:46:45,743  INFO FileBasedDataService:86 - Data loader loading C:\crs516\sourcecode\data\test.txt at Sat Jun 11 17:46:45 EDT 2016
17:46:45,743  INFO FileBasedDataService:394 - dataSize is now 1
17:46:45,743  INFO FileBasedDataService:350 - Reading block C:\crs516\sourcecode\work\19/0.db
17:46:45,743  INFO FileBasedDataService:94 - Data from C:\crs516\sourcecode\data\test.txt loaded
17:46:46,744  INFO FileBasedDataService:143 - Service ID is 20
17:46:46,744  INFO FileBasedDataService:143 - Service ID is 21
17:46:46,744  INFO FileBasedDataService:86 - Data loader loading C:\crs516\sourcecode\data\test.txt at Sat Jun 11 17:46:46 EDT 2016
17:46:46,744  INFO FileBasedDataService:394 - dataSize is now 1
17:46:46,744  INFO FileBasedDataService:350 - Reading block C:\crs516\sourcecode\work\21/0.db
17:46:46,744  INFO FileBasedDataService:94 - Data from C:\crs516\sourcecode\data\test.txt loaded
17:46:47,745  INFO FileBasedDataServiceTest:268 - Shutting down executor
17:46:47,745  INFO FileBasedDataService:143 - Service ID is 22
17:46:47,745  INFO FileBasedDataService:86 - Data loader loading C:\crs516\sourcecode\data\test.txt at Sat Jun 11 17:46:47 EDT 2016
17:46:47,745  INFO FileBasedDataService:394 - dataSize is now 1
17:46:47,745  INFO FileBasedDataService:350 - Reading block C:\crs516\sourcecode\work\22/0.db
17:46:47,745  INFO FileBasedDataService:94 - Data from C:\crs516\sourcecode\data\test.txt loaded
17:46:48,746  INFO FileBasedDataService:143 - Service ID is 23
17:46:48,746  INFO FileBasedDataService:143 - Service ID is 24
17:46:48,746  INFO FileBasedDataService:86 - Data loader loading C:\crs516\sourcecode\data\OSDO5711.gz at Sat Jun 11 17:46:48 EDT 2016
17:46:48,746  INFO FileBasedDataService:394 - dataSize is now 72
17:46:48,746  INFO FileBasedDataService:350 - Reading block C:\crs516\sourcecode\work\24/0.db
17:46:48,746  INFO FileBasedDataService:94 - Data from C:\crs516\sourcecode\data\OSDO5711.gz loaded
17:46:49,747  INFO FileBasedDataServiceTest:268 - Shutting down executor
17:46:49,747  INFO FileBasedDataService:143 - Service ID is 25
17:46:49,747  INFO FileBasedDataService:86 - Data loader loading C:\crs516\sourcecode\data\test.txt at Sat Jun 11 17:46:49 EDT 2016
17:46:49,747  INFO FileBasedDataService:394 - dataSize is now 1
17:46:49,747  INFO FileBasedDataService:350 - Reading block C:\crs516\sourcecode\work\25/0.db
17:46:49,747  INFO FileBasedDataService:94 - Data from C:\crs516\sourcecode\data\test.txt loaded
17:46:50,748  INFO FileBasedDataService:143 - Service ID is 26
17:46:50,748  INFO FileBasedDataService:143 - Service ID is 27
17:46:50,748  INFO FileBasedDataService:86 - Data loader loading C:\crs516\sourcecode\data\test.txt at Sat Jun 11 17:46:50 EDT 2016
17:46:50,748  INFO FileBasedDataService:394 - dataSize is now 1
17:46:50,748  INFO FileBasedDataService:350 - Reading block C:\crs516\sourcecode\work\27/0.db
17:46:50,748  INFO FileBasedDataService:94 - Data from C:\crs516\sourcecode\data\test.txt loaded
17:46:51,749  INFO FileBasedDataServiceTest:268 - Shutting down executor
17:46:51,749  INFO FileBasedDataService:143 - Service ID is 28
17:46:51,749  INFO FileBasedDataService:86 - Data loader loading C:\crs516\sourcecode\data\test.txt at Sat Jun 11 17:46:51 EDT 2016
17:46:51,749  INFO FileBasedDataService:394 - dataSize is now 1
17:46:51,749  INFO FileBasedDataService:350 - Reading block C:\crs516\sourcecode\work\28/0.db
17:46:51,749  INFO FileBasedDataService:94 - Data from C:\crs516\sourcecode\data\test.txt loaded
17:46:52,750  INFO FileBasedDataService:143 - Service ID is 29
17:46:52,750  INFO FileBasedDataService:143 - Service ID is 30
17:46:52,750  INFO FileBasedDataService:86 - Data loader loading C:\crs516\sourcecode\data\test.txt at Sat Jun 11 17:46:52 EDT 2016
17:46:52,750  INFO FileBasedDataService:394 - dataSize is now 1
17:46:52,750  INFO FileBasedDataService:350 - Reading block C:\crs516\sourcecode\work\30/0.db
17:46:52,750  INFO FileBasedDataService:94 - Data from C:\crs516\sourcecode\data\test.txt loaded
17:46:53,751  INFO FileBasedDataServiceTest:268 - Shutting down executor
17:46:53,751  INFO FileBasedDataService:143 - Service ID is 31
17:46:53,751  INFO FileBasedDataService:86 - Data loader loading C:\crs516\sourcecode\data\test.txt at Sat Jun 11 17:46:53 EDT 2016
17:46:53,751  INFO FileBasedDataService:394 - dataSize is now 1
17:46:53,751  INFO FileBasedDataService:350 - Reading block C:\crs516\sourcecode\work\31/0.db
17:46:53,751  INFO FileBasedDataService:94 - Data from C:\crs516\sourcecode\data\test.txt loaded
17:46:54,752  INFO FileBasedDataService:143 - Service ID is 32
17:46:54,752  INFO FileBasedDataService:143 - Service ID is 33
17:46:54,752  INFO FileBasedDataService:86 - Data loader loading C:\crs516\sourcecode\data\test.txt at Sat Jun 11 17:46:54 EDT 2016
17:46:54,752  INFO FileBasedDataService:394 - dataSize is now 1
17:46:54,752  INFO FileBasedDataService:350 - Reading block C:\crs516\sourcecode\work\33/0.db
17:46:54,752  INFO FileBasedDataService:94 - Data from C:\crs516\sourcecode\data\test.txt loaded
17:46:55,753  INFO FileBasedDataServiceTest:268 - Shutting down executor
19:37:46,822  INFO FileBasedDataService:153 - Cleaning up work directory
19:37:46,917  INFO FileBasedDataService:143 - Service ID is 0
19:37:46,917  INFO FileBasedDataService:86 - Data loader loading C:\crs516\sourcecode\data\test.txt at Sat Jun 11 19:37:46 EDT 2016
19:37:46,917  INFO FileBasedDataService:394 - dataSize is now 1
19:37:46,917  INFO FileBasedDataService:350 - Reading block C:\crs516\sourcecode\work\0/0.db
19:37:46,917  INFO FileBasedDataService:94 - Data from C:\crs516\sourcecode\data\test.txt loaded
19:37:47,917  INFO FileBasedDataService:143 - Service ID is 1
19:37:47,917  INFO FileBasedDataService:143 - Service ID is 2
19:37:47,917  INFO FileBasedDataService:86 - Data loader loading C:\crs516\sourcecode\data\test.txt at Sat Jun 11 19:37:47 EDT 2016
19:37:47,917  INFO FileBasedDataService:394 - dataSize is now 1
19:37:47,917  INFO FileBasedDataService:350 - Reading block C:\crs516\sourcecode\work\2/0.db
19:37:47,917  INFO FileBasedDataService:94 - Data from C:\crs516\sourcecode\data\test.txt loaded
19:37:48,918  INFO FileBasedDataServiceTest:268 - Shutting down executor
19:37:48,918  INFO FileBasedDataService:143 - Service ID is 3
19:37:48,918  INFO FileBasedDataService:86 - Data loader loading C:\crs516\sourcecode\data\test.txt at Sat Jun 11 19:37:48 EDT 2016
19:37:48,918  INFO FileBasedDataService:394 - dataSize is now 1
19:37:48,918  INFO FileBasedDataService:350 - Reading block C:\crs516\sourcecode\work\3/0.db
19:37:48,918  INFO FileBasedDataService:94 - Data from C:\crs516\sourcecode\data\test.txt loaded
19:37:49,919  INFO FileBasedDataService:143 - Service ID is 4
19:37:49,919  INFO FileBasedDataService:143 - Service ID is 5
19:37:49,919  INFO FileBasedDataService:86 - Data loader loading C:\crs516\sourcecode\data\test.txt at Sat Jun 11 19:37:49 EDT 2016
19:37:49,919  INFO FileBasedDataService:394 - dataSize is now 1
19:37:49,919  INFO FileBasedDataService:350 - Reading block C:\crs516\sourcecode\work\5/0.db
19:37:49,919  INFO FileBasedDataService:94 - Data from C:\crs516\sourcecode\data\test.txt loaded
19:37:50,920  INFO FileBasedDataService:143 - Service ID is 6
19:37:50,920  INFO FileBasedDataService:86 - Data loader loading C:\crs516\sourcecode\data\OSDO5711.gz at Sat Jun 11 19:37:50 EDT 2016
19:37:50,920  INFO FileBasedDataService:394 - dataSize is now 72
19:37:50,920  INFO FileBasedDataService:350 - Reading block C:\crs516\sourcecode\work\6/0.db
19:37:50,920  INFO FileBasedDataService:94 - Data from C:\crs516\sourcecode\data\OSDO5711.gz loaded
19:37:51,921  INFO FileBasedDataServiceTest:268 - Shutting down executor
19:37:51,921  INFO FileBasedDataService:143 - Service ID is 7
19:37:51,921  INFO FileBasedDataService:86 - Data loader loading C:\crs516\sourcecode\data\test.txt at Sat Jun 11 19:37:51 EDT 2016
19:37:51,921  INFO FileBasedDataService:394 - dataSize is now 1
19:37:51,921  INFO FileBasedDataService:350 - Reading block C:\crs516\sourcecode\work\7/0.db
19:37:51,921  INFO FileBasedDataService:94 - Data from C:\crs516\sourcecode\data\test.txt loaded
19:37:52,922  INFO FileBasedDataService:143 - Service ID is 8
19:37:52,922  INFO FileBasedDataService:143 - Service ID is 9
19:37:52,922  INFO FileBasedDataService:86 - Data loader loading C:\crs516\sourcecode\data\test.txt at Sat Jun 11 19:37:52 EDT 2016
19:37:52,922  INFO FileBasedDataService:394 - dataSize is now 1
19:37:52,922  INFO FileBasedDataService:350 - Reading block C:\crs516\sourcecode\work\9/0.db
19:37:52,922  INFO FileBasedDataService:94 - Data from C:\crs516\sourcecode\data\test.txt loaded
19:37:53,923  INFO FileBasedDataServiceTest:268 - Shutting down executor
19:37:53,923  INFO FileBasedDataService:143 - Service ID is 10
19:37:53,923  INFO FileBasedDataService:86 - Data loader loading C:\crs516\sourcecode\data\test.txt at Sat Jun 11 19:37:53 EDT 2016
19:37:53,923  INFO FileBasedDataService:394 - dataSize is now 1
19:37:53,923  INFO FileBasedDataService:350 - Reading block C:\crs516\sourcecode\work\10/0.db
19:37:53,923  INFO FileBasedDataService:94 - Data from C:\crs516\sourcecode\data\test.txt loaded
19:37:54,924  INFO FileBasedDataService:143 - Service ID is 11
19:37:54,924  INFO FileBasedDataService:143 - Service ID is 12
19:37:54,924  INFO FileBasedDataService:86 - Data loader loading C:\crs516\sourcecode\data\test.txt at Sat Jun 11 19:37:54 EDT 2016
19:37:54,924  INFO FileBasedDataService:394 - dataSize is now 1
19:37:54,924  INFO FileBasedDataService:350 - Reading block C:\crs516\sourcecode\work\12/0.db
19:37:54,924  INFO FileBasedDataService:94 - Data from C:\crs516\sourcecode\data\test.txt loaded
19:37:55,925  INFO FileBasedDataServiceTest:268 - Shutting down executor
19:37:55,925  INFO FileBasedDataService:143 - Service ID is 13
19:37:55,925  INFO FileBasedDataService:86 - Data loader loading C:\crs516\sourcecode\data\test.txt at Sat Jun 11 19:37:55 EDT 2016
19:37:55,925  INFO FileBasedDataService:394 - dataSize is now 1
19:37:55,925  INFO FileBasedDataService:350 - Reading block C:\crs516\sourcecode\work\13/0.db
19:37:55,925  INFO FileBasedDataService:94 - Data from C:\crs516\sourcecode\data\test.txt loaded
19:37:56,926  INFO FileBasedDataService:143 - Service ID is 14
19:37:56,926  INFO FileBasedDataService:143 - Service ID is 15
19:37:56,926  INFO FileBasedDataService:86 - Data loader loading C:\crs516\sourcecode\data\OSDO5711.gz at Sat Jun 11 19:37:56 EDT 2016
19:37:56,926  INFO FileBasedDataService:394 - dataSize is now 72
19:37:56,926  INFO FileBasedDataService:350 - Reading block C:\crs516\sourcecode\work\15/0.db
19:37:56,926  INFO FileBasedDataService:94 - Data from C:\crs516\sourcecode\data\OSDO5711.gz loaded
19:37:57,927  INFO FileBasedDataServiceTest:268 - Shutting down executor
19:37:57,927  INFO FileBasedDataService:143 - Service ID is 16
19:37:57,927  INFO FileBasedDataService:86 - Data loader loading C:\crs516\sourcecode\data\test.txt at Sat Jun 11 19:37:57 EDT 2016
19:37:57,927  INFO FileBasedDataService:394 - dataSize is now 1
19:37:57,927  INFO FileBasedDataService:350 - Reading block C:\crs516\sourcecode\work\16/0.db
19:37:57,927  INFO FileBasedDataService:94 - Data from C:\crs516\sourcecode\data\test.txt loaded
19:37:58,928  INFO FileBasedDataService:143 - Service ID is 17
19:37:58,928  INFO FileBasedDataService:143 - Service ID is 18
19:37:58,928  INFO FileBasedDataService:86 - Data loader loading C:\crs516\sourcecode\data\test.txt at Sat Jun 11 19:37:58 EDT 2016
19:37:58,928  INFO FileBasedDataService:394 - dataSize is now 1
19:37:58,928  INFO FileBasedDataService:350 - Reading block C:\crs516\sourcecode\work\18/0.db
19:37:58,928  INFO FileBasedDataService:94 - Data from C:\crs516\sourcecode\data\test.txt loaded
19:37:59,929  INFO FileBasedDataServiceTest:268 - Shutting down executor
19:37:59,929  INFO FileBasedDataService:143 - Service ID is 19
19:37:59,929  INFO FileBasedDataService:86 - Data loader loading C:\crs516\sourcecode\data\test.txt at Sat Jun 11 19:37:59 EDT 2016
19:37:59,929  INFO FileBasedDataService:394 - dataSize is now 1
19:37:59,929  INFO FileBasedDataService:350 - Reading block C:\crs516\sourcecode\work\19/0.db
19:37:59,929  INFO FileBasedDataService:94 - Data from C:\crs516\sourcecode\data\test.txt loaded
19:38:00,930  INFO FileBasedDataService:143 - Service ID is 20
19:38:00,930  INFO FileBasedDataService:143 - Service ID is 21
19:38:00,930  INFO FileBasedDataService:86 - Data loader loading C:\crs516\sourcecode\data\test.txt at Sat Jun 11 19:38:00 EDT 2016
19:38:00,930  INFO FileBasedDataService:394 - dataSize is now 1
19:38:00,930  INFO FileBasedDataService:350 - Reading block C:\crs516\sourcecode\work\21/0.db
19:38:00,930  INFO FileBasedDataService:94 - Data from C:\crs516\sourcecode\data\test.txt loaded
19:38:01,931  INFO FileBasedDataServiceTest:268 - Shutting down executor
19:38:01,931  INFO FileBasedDataService:143 - Service ID is 22
19:38:01,931  INFO FileBasedDataService:86 - Data loader loading C:\crs516\sourcecode\data\test.txt at Sat Jun 11 19:38:01 EDT 2016
19:38:01,931  INFO FileBasedDataService:394 - dataSize is now 1
19:38:01,931  INFO FileBasedDataService:350 - Reading block C:\crs516\sourcecode\work\22/0.db
19:38:01,931  INFO FileBasedDataService:94 - Data from C:\crs516\sourcecode\data\test.txt loaded
19:38:02,932  INFO FileBasedDataService:143 - Service ID is 23
19:38:02,932  INFO FileBasedDataService:143 - Service ID is 24
19:38:02,932  INFO FileBasedDataService:86 - Data loader loading C:\crs516\sourcecode\data\OSDO5711.gz at Sat Jun 11 19:38:02 EDT 2016
19:38:02,932  INFO FileBasedDataService:394 - dataSize is now 72
19:38:02,932  INFO FileBasedDataService:350 - Reading block C:\crs516\sourcecode\work\24/0.db
19:38:02,932  INFO FileBasedDataService:94 - Data from C:\crs516\sourcecode\data\OSDO5711.gz loaded
19:38:03,933  INFO FileBasedDataServiceTest:268 - Shutting down executor
19:38:03,933  INFO FileBasedDataService:143 - Service ID is 25
19:38:03,933  INFO FileBasedDataService:86 - Data loader loading C:\crs516\sourcecode\data\test.txt at Sat Jun 11 19:38:03 EDT 2016
19:38:03,933  INFO FileBasedDataService:394 - dataSize is now 1
19:38:03,933  INFO FileBasedDataService:350 - Reading block C:\crs516\sourcecode\work\25/0.db
19:38:03,933  INFO FileBasedDataService:94 - Data from C:\crs516\sourcecode\data\test.txt loaded
19:38:04,934  INFO FileBasedDataService:143 - Service ID is 26
19:38:04,934  INFO FileBasedDataService:143 - Service ID is 27
19:38:04,934  INFO FileBasedDataService:86 - Data loader loading C:\crs516\sourcecode\data\test.txt at Sat Jun 11 19:38:04 EDT 2016
19:38:04,934  INFO FileBasedDataService:394 - dataSize is now 1
19:38:04,934  INFO FileBasedDataService:350 - Reading block C:\crs516\sourcecode\work\27/0.db
19:38:04,934  INFO FileBasedDataService:94 - Data from C:\crs516\sourcecode\data\test.txt loaded
19:38:05,935  INFO FileBasedDataServiceTest:268 - Shutting down executor
19:38:05,935  INFO FileBasedDataService:143 - Service ID is 28
19:38:05,935  INFO FileBasedDataService:86 - Data loader loading C:\crs516\sourcecode\data\test.txt at Sat Jun 11 19:38:05 EDT 2016
19:38:05,935  INFO FileBasedDataService:394 - dataSize is now 1
19:38:05,935  INFO FileBasedDataService:350 - Reading block C:\crs516\sourcecode\work\28/0.db
19:38:05,935  INFO FileBasedDataService:94 - Data from C:\crs516\sourcecode\data\test.txt loaded
19:38:06,936  INFO FileBasedDataService:143 - Service ID is 29
19:38:06,936  INFO FileBasedDataService:143 - Service ID is 30
19:38:06,936  INFO FileBasedDataService:86 - Data loader loading C:\crs516\sourcecode\data\test.txt at Sat Jun 11 19:38:06 EDT 2016
19:38:06,936  INFO FileBasedDataService:394 - dataSize is now 1
19:38:06,936  INFO FileBasedDataService:350 - Reading block C:\crs516\sourcecode\work\30/0.db
19:38:06,936  INFO FileBasedDataService:94 - Data from C:\crs516\sourcecode\data\test.txt loaded
19:38:07,937  INFO FileBasedDataServiceTest:268 - Shutting down executor
19:38:07,937  INFO FileBasedDataService:143 - Service ID is 31
19:38:07,937  INFO FileBasedDataService:86 - Data loader loading C:\crs516\sourcecode\data\test.txt at Sat Jun 11 19:38:07 EDT 2016
19:38:07,937  INFO FileBasedDataService:394 - dataSize is now 1
19:38:07,937  INFO FileBasedDataService:350 - Reading block C:\crs516\sourcecode\work\31/0.db
19:38:07,937  INFO FileBasedDataService:94 - Data from C:\crs516\sourcecode\data\test.txt loaded
19:38:08,938  INFO FileBasedDataService:143 - Service ID is 32
19:38:08,938  INFO FileBasedDataService:143 - Service ID is 33
19:38:08,938  INFO FileBasedDataService:86 - Data loader loading C:\crs516\sourcecode\data\test.txt at Sat Jun 11 19:38:08 EDT 2016
19:38:08,938  INFO FileBasedDataService:394 - dataSize is now 1
19:38:08,938  INFO FileBasedDataService:350 - Reading block C:\crs516\sourcecode\work\33/0.db
19:38:08,938  INFO FileBasedDataService:94 - Data from C:\crs516\sourcecode\data\test.txt loaded
19:38:09,939  INFO FileBasedDataServiceTest:268 - Shutting down executor
