15:51:00,321  INFO TaskEngineStarter:58 - RMI registry ready.
15:51:00,369  INFO TaskEngineImpl:39 - Task engine is registered in rmiRegistry
15:52:40,392  INFO TaskEngineStarter:58 - RMI registry ready.
15:52:40,475  INFO TaskEngineImpl:39 - Task engine is registered in rmiRegistry
15:53:30,712 ERROR TaskEngineStarter:61 - Failed to start engine
java.rmi.server.ExportException: Port already in use: 1099; nested exception is: 
	java.net.BindException: Address already in use: JVM_Bind
	at sun.rmi.transport.tcp.TCPTransport.listen(Unknown Source)
	at sun.rmi.transport.tcp.TCPTransport.exportObject(Unknown Source)
	at sun.rmi.transport.tcp.TCPEndpoint.exportObject(Unknown Source)
	at sun.rmi.transport.LiveRef.exportObject(Unknown Source)
	at sun.rmi.server.UnicastServerRef.exportObject(Unknown Source)
	at sun.rmi.registry.RegistryImpl.setup(Unknown Source)
	at sun.rmi.registry.RegistryImpl.<init>(Unknown Source)
	at java.rmi.registry.LocateRegistry.createRegistry(Unknown Source)
	at TaskEngineStarter$startButtonListener.actionPerformed(TaskEngineStarter.java:57)
	at javax.swing.AbstractButton.fireActionPerformed(Unknown Source)
	at javax.swing.AbstractButton$Handler.actionPerformed(Unknown Source)
	at javax.swing.DefaultButtonModel.fireActionPerformed(Unknown Source)
	at javax.swing.DefaultButtonModel.setPressed(Unknown Source)
	at javax.swing.plaf.basic.BasicButtonListener.mouseReleased(Unknown Source)
	at java.awt.Component.processMouseEvent(Unknown Source)
	at javax.swing.JComponent.processMouseEvent(Unknown Source)
	at java.awt.Component.processEvent(Unknown Source)
	at java.awt.Container.processEvent(Unknown Source)
	at java.awt.Component.dispatchEventImpl(Unknown Source)
	at java.awt.Container.dispatchEventImpl(Unknown Source)
	at java.awt.Component.dispatchEvent(Unknown Source)
	at java.awt.LightweightDispatcher.retargetMouseEvent(Unknown Source)
	at java.awt.LightweightDispatcher.processMouseEvent(Unknown Source)
	at java.awt.LightweightDispatcher.dispatchEvent(Unknown Source)
	at java.awt.Container.dispatchEventImpl(Unknown Source)
	at java.awt.Window.dispatchEventImpl(Unknown Source)
	at java.awt.Component.dispatchEvent(Unknown Source)
	at java.awt.EventQueue.dispatchEventImpl(Unknown Source)
	at java.awt.EventQueue.access$000(Unknown Source)
	at java.awt.EventQueue$3.run(Unknown Source)
	at java.awt.EventQueue$3.run(Unknown Source)
	at java.security.AccessController.doPrivileged(Native Method)
	at java.security.ProtectionDomain$1.doIntersectionPrivilege(Unknown Source)
	at java.security.ProtectionDomain$1.doIntersectionPrivilege(Unknown Source)
	at java.awt.EventQueue$4.run(Unknown Source)
	at java.awt.EventQueue$4.run(Unknown Source)
	at java.security.AccessController.doPrivileged(Native Method)
	at java.security.ProtectionDomain$1.doIntersectionPrivilege(Unknown Source)
	at java.awt.EventQueue.dispatchEvent(Unknown Source)
	at java.awt.EventDispatchThread.pumpOneEventForFilters(Unknown Source)
	at java.awt.EventDispatchThread.pumpEventsForFilter(Unknown Source)
	at java.awt.EventDispatchThread.pumpEventsForHierarchy(Unknown Source)
	at java.awt.EventDispatchThread.pumpEvents(Unknown Source)
	at java.awt.EventDispatchThread.pumpEvents(Unknown Source)
	at java.awt.EventDispatchThread.run(Unknown Source)
Caused by: java.net.BindException: Address already in use: JVM_Bind
	at java.net.DualStackPlainSocketImpl.bind0(Native Method)
	at java.net.DualStackPlainSocketImpl.socketBind(Unknown Source)
	at java.net.AbstractPlainSocketImpl.bind(Unknown Source)
	at java.net.PlainSocketImpl.bind(Unknown Source)
	at java.net.ServerSocket.bind(Unknown Source)
	at java.net.ServerSocket.<init>(Unknown Source)
	at java.net.ServerSocket.<init>(Unknown Source)
	at sun.rmi.transport.proxy.RMIDirectSocketFactory.createServerSocket(Unknown Source)
	at sun.rmi.transport.proxy.RMIMasterSocketFactory.createServerSocket(Unknown Source)
	at sun.rmi.transport.tcp.TCPEndpoint.newServerSocket(Unknown Source)
	... 45 more
15:53:33,228  INFO TaskEngineStarter:88 - Registry is already closed
15:53:33,228  INFO TaskEngineStarter:90 - Registry is closed
15:53:36,292  INFO TaskEngineStarter:88 - Registry is already closed
15:53:36,292  INFO TaskEngineStarter:90 - Registry is closed
15:53:42,357 ERROR TaskEngineStarter:61 - Failed to start engine
java.rmi.server.ExportException: Port already in use: 1099; nested exception is: 
	java.net.BindException: Address already in use: JVM_Bind
	at sun.rmi.transport.tcp.TCPTransport.listen(Unknown Source)
	at sun.rmi.transport.tcp.TCPTransport.exportObject(Unknown Source)
	at sun.rmi.transport.tcp.TCPEndpoint.exportObject(Unknown Source)
	at sun.rmi.transport.LiveRef.exportObject(Unknown Source)
	at sun.rmi.server.UnicastServerRef.exportObject(Unknown Source)
	at sun.rmi.registry.RegistryImpl.setup(Unknown Source)
	at sun.rmi.registry.RegistryImpl.<init>(Unknown Source)
	at java.rmi.registry.LocateRegistry.createRegistry(Unknown Source)
	at TaskEngineStarter$startButtonListener.actionPerformed(TaskEngineStarter.java:57)
	at javax.swing.AbstractButton.fireActionPerformed(Unknown Source)
	at javax.swing.AbstractButton$Handler.actionPerformed(Unknown Source)
	at javax.swing.DefaultButtonModel.fireActionPerformed(Unknown Source)
	at javax.swing.DefaultButtonModel.setPressed(Unknown Source)
	at javax.swing.plaf.basic.BasicButtonListener.mouseReleased(Unknown Source)
	at java.awt.Component.processMouseEvent(Unknown Source)
	at javax.swing.JComponent.processMouseEvent(Unknown Source)
	at java.awt.Component.processEvent(Unknown Source)
	at java.awt.Container.processEvent(Unknown Source)
	at java.awt.Component.dispatchEventImpl(Unknown Source)
	at java.awt.Container.dispatchEventImpl(Unknown Source)
	at java.awt.Component.dispatchEvent(Unknown Source)
	at java.awt.LightweightDispatcher.retargetMouseEvent(Unknown Source)
	at java.awt.LightweightDispatcher.processMouseEvent(Unknown Source)
	at java.awt.LightweightDispatcher.dispatchEvent(Unknown Source)
	at java.awt.Container.dispatchEventImpl(Unknown Source)
	at java.awt.Window.dispatchEventImpl(Unknown Source)
	at java.awt.Component.dispatchEvent(Unknown Source)
	at java.awt.EventQueue.dispatchEventImpl(Unknown Source)
	at java.awt.EventQueue.access$000(Unknown Source)
	at java.awt.EventQueue$3.run(Unknown Source)
	at java.awt.EventQueue$3.run(Unknown Source)
	at java.security.AccessController.doPrivileged(Native Method)
	at java.security.ProtectionDomain$1.doIntersectionPrivilege(Unknown Source)
	at java.security.ProtectionDomain$1.doIntersectionPrivilege(Unknown Source)
	at java.awt.EventQueue$4.run(Unknown Source)
	at java.awt.EventQueue$4.run(Unknown Source)
	at java.security.AccessController.doPrivileged(Native Method)
	at java.security.ProtectionDomain$1.doIntersectionPrivilege(Unknown Source)
	at java.awt.EventQueue.dispatchEvent(Unknown Source)
	at java.awt.EventDispatchThread.pumpOneEventForFilters(Unknown Source)
	at java.awt.EventDispatchThread.pumpEventsForFilter(Unknown Source)
	at java.awt.EventDispatchThread.pumpEventsForHierarchy(Unknown Source)
	at java.awt.EventDispatchThread.pumpEvents(Unknown Source)
	at java.awt.EventDispatchThread.pumpEvents(Unknown Source)
	at java.awt.EventDispatchThread.run(Unknown Source)
Caused by: java.net.BindException: Address already in use: JVM_Bind
	at java.net.DualStackPlainSocketImpl.bind0(Native Method)
	at java.net.DualStackPlainSocketImpl.socketBind(Unknown Source)
	at java.net.AbstractPlainSocketImpl.bind(Unknown Source)
	at java.net.PlainSocketImpl.bind(Unknown Source)
	at java.net.ServerSocket.bind(Unknown Source)
	at java.net.ServerSocket.<init>(Unknown Source)
	at java.net.ServerSocket.<init>(Unknown Source)
	at sun.rmi.transport.proxy.RMIDirectSocketFactory.createServerSocket(Unknown Source)
	at sun.rmi.transport.proxy.RMIMasterSocketFactory.createServerSocket(Unknown Source)
	at sun.rmi.transport.tcp.TCPEndpoint.newServerSocket(Unknown Source)
	... 45 more
15:53:43,936  INFO TaskEngineStarter:88 - Registry is already closed
15:53:43,936  INFO TaskEngineStarter:90 - Registry is closed
15:53:56,502  INFO TaskEngineStarter:58 - RMI registry ready.
15:53:56,566  INFO TaskEngineImpl:39 - Task engine is registered in rmiRegistry
15:54:15,192  INFO TaskEngineImpl:49 - Task engine says bye!.
15:54:46,618  INFO TaskEngineStarter:58 - RMI registry ready.
15:54:46,667  INFO TaskEngineImpl:39 - Task engine is registered in rmiRegistry
15:56:05,974  INFO TaskEngineImpl:49 - Task engine says bye!.
15:56:29,700  INFO TaskEngineStarter:58 - RMI registry ready.
15:56:29,763  INFO TaskEngineImpl:39 - Task engine is registered in rmiRegistry
15:57:59,555 ERROR TaskEngineStarter:61 - Failed to start engine
java.rmi.server.ExportException: Port already in use: 1099; nested exception is: 
	java.net.BindException: Address already in use: JVM_Bind
	at sun.rmi.transport.tcp.TCPTransport.listen(Unknown Source)
	at sun.rmi.transport.tcp.TCPTransport.exportObject(Unknown Source)
	at sun.rmi.transport.tcp.TCPEndpoint.exportObject(Unknown Source)
	at sun.rmi.transport.LiveRef.exportObject(Unknown Source)
	at sun.rmi.server.UnicastServerRef.exportObject(Unknown Source)
	at sun.rmi.registry.RegistryImpl.setup(Unknown Source)
	at sun.rmi.registry.RegistryImpl.<init>(Unknown Source)
	at java.rmi.registry.LocateRegistry.createRegistry(Unknown Source)
	at TaskEngineStarter$startButtonListener.actionPerformed(TaskEngineStarter.java:57)
	at javax.swing.AbstractButton.fireActionPerformed(Unknown Source)
	at javax.swing.AbstractButton$Handler.actionPerformed(Unknown Source)
	at javax.swing.DefaultButtonModel.fireActionPerformed(Unknown Source)
	at javax.swing.DefaultButtonModel.setPressed(Unknown Source)
	at javax.swing.plaf.basic.BasicButtonListener.mouseReleased(Unknown Source)
	at java.awt.Component.processMouseEvent(Unknown Source)
	at javax.swing.JComponent.processMouseEvent(Unknown Source)
	at java.awt.Component.processEvent(Unknown Source)
	at java.awt.Container.processEvent(Unknown Source)
	at java.awt.Component.dispatchEventImpl(Unknown Source)
	at java.awt.Container.dispatchEventImpl(Unknown Source)
	at java.awt.Component.dispatchEvent(Unknown Source)
	at java.awt.LightweightDispatcher.retargetMouseEvent(Unknown Source)
	at java.awt.LightweightDispatcher.processMouseEvent(Unknown Source)
	at java.awt.LightweightDispatcher.dispatchEvent(Unknown Source)
	at java.awt.Container.dispatchEventImpl(Unknown Source)
	at java.awt.Window.dispatchEventImpl(Unknown Source)
	at java.awt.Component.dispatchEvent(Unknown Source)
	at java.awt.EventQueue.dispatchEventImpl(Unknown Source)
	at java.awt.EventQueue.access$000(Unknown Source)
	at java.awt.EventQueue$3.run(Unknown Source)
	at java.awt.EventQueue$3.run(Unknown Source)
	at java.security.AccessController.doPrivileged(Native Method)
	at java.security.ProtectionDomain$1.doIntersectionPrivilege(Unknown Source)
	at java.security.ProtectionDomain$1.doIntersectionPrivilege(Unknown Source)
	at java.awt.EventQueue$4.run(Unknown Source)
	at java.awt.EventQueue$4.run(Unknown Source)
	at java.security.AccessController.doPrivileged(Native Method)
	at java.security.ProtectionDomain$1.doIntersectionPrivilege(Unknown Source)
	at java.awt.EventQueue.dispatchEvent(Unknown Source)
	at java.awt.EventDispatchThread.pumpOneEventForFilters(Unknown Source)
	at java.awt.EventDispatchThread.pumpEventsForFilter(Unknown Source)
	at java.awt.EventDispatchThread.pumpEventsForHierarchy(Unknown Source)
	at java.awt.EventDispatchThread.pumpEvents(Unknown Source)
	at java.awt.EventDispatchThread.pumpEvents(Unknown Source)
	at java.awt.EventDispatchThread.run(Unknown Source)
Caused by: java.net.BindException: Address already in use: JVM_Bind
	at java.net.DualStackPlainSocketImpl.bind0(Native Method)
	at java.net.DualStackPlainSocketImpl.socketBind(Unknown Source)
	at java.net.AbstractPlainSocketImpl.bind(Unknown Source)
	at java.net.PlainSocketImpl.bind(Unknown Source)
	at java.net.ServerSocket.bind(Unknown Source)
	at java.net.ServerSocket.<init>(Unknown Source)
	at java.net.ServerSocket.<init>(Unknown Source)
	at sun.rmi.transport.proxy.RMIDirectSocketFactory.createServerSocket(Unknown Source)
	at sun.rmi.transport.proxy.RMIMasterSocketFactory.createServerSocket(Unknown Source)
	at sun.rmi.transport.tcp.TCPEndpoint.newServerSocket(Unknown Source)
	... 45 more
15:58:01,572  INFO TaskEngineStarter:88 - Registry is already closed
15:58:01,572  INFO TaskEngineStarter:90 - Registry is closed
15:58:04,261  INFO TaskEngineStarter:88 - Registry is already closed
15:58:04,261  INFO TaskEngineStarter:90 - Registry is closed
15:58:06,153  INFO TaskEngineStarter:88 - Registry is already closed
15:58:06,153  INFO TaskEngineStarter:90 - Registry is closed
15:58:21,940  INFO TaskEngineStarter:58 - RMI registry ready.
15:58:22,004  INFO TaskEngineImpl:39 - Task engine is registered in rmiRegistry
16:00:13,537  INFO TaskEngineImpl:49 - Task engine says bye!.
16:02:48,424  INFO TaskEngineStarter:58 - RMI registry ready.
16:02:48,487  INFO TaskEngineImpl:39 - Task engine is registered in rmiRegistry
16:02:54,800  INFO Client:30 - engine located 
16:02:54,815  INFO Client:39 - commandImpl created 
16:02:54,815  INFO Client:48 - command submitted to task engine
19:13:36,409  INFO TaskEngineImpl:49 - Task engine says bye!.
